[2024-04-08T05:07:27.054+0000] {taskinstance.py:1083} INFO - Dependencies all met for <TaskInstance: our_first_dag_v2.second_task scheduled__2022-02-06T00:00:00+00:00 [queued]>
[2024-04-08T05:07:27.067+0000] {taskinstance.py:1083} INFO - Dependencies all met for <TaskInstance: our_first_dag_v2.second_task scheduled__2022-02-06T00:00:00+00:00 [queued]>
[2024-04-08T05:07:27.068+0000] {taskinstance.py:1279} INFO - 
--------------------------------------------------------------------------------
[2024-04-08T05:07:27.068+0000] {taskinstance.py:1280} INFO - Starting attempt 1 of 6
[2024-04-08T05:07:27.069+0000] {taskinstance.py:1281} INFO - 
--------------------------------------------------------------------------------
[2024-04-08T05:07:27.148+0000] {taskinstance.py:1300} INFO - Executing <Task(BashOperator): second_task> on 2022-02-06 00:00:00+00:00
[2024-04-08T05:07:27.153+0000] {standard_task_runner.py:55} INFO - Started process 9835 to run task
[2024-04-08T05:07:27.155+0000] {standard_task_runner.py:82} INFO - Running: ['***', 'tasks', 'run', 'our_first_dag_v2', 'second_task', 'scheduled__2022-02-06T00:00:00+00:00', '--job-id', '1377', '--raw', '--subdir', 'DAGS_FOLDER/our_firest_dag.py', '--cfg-path', '/tmp/tmp4_mwvqwb']
[2024-04-08T05:07:27.157+0000] {standard_task_runner.py:83} INFO - Job 1377: Subtask second_task
[2024-04-08T05:07:27.242+0000] {task_command.py:388} INFO - Running <TaskInstance: our_first_dag_v2.second_task scheduled__2022-02-06T00:00:00+00:00 [running]> on host 3dc1147ef06e
[2024-04-08T05:07:27.350+0000] {taskinstance.py:1509} INFO - Exporting the following env vars:
AIRFLOW_CTX_DAG_OWNER=Jiseungmin
AIRFLOW_CTX_DAG_ID=our_first_dag_v2
AIRFLOW_CTX_TASK_ID=second_task
AIRFLOW_CTX_EXECUTION_DATE=2022-02-06T00:00:00+00:00
AIRFLOW_CTX_TRY_NUMBER=1
AIRFLOW_CTX_DAG_RUN_ID=scheduled__2022-02-06T00:00:00+00:00
[2024-04-08T05:07:27.351+0000] {subprocess.py:63} INFO - Tmp dir root location: 
 /tmp
[2024-04-08T05:07:27.355+0000] {subprocess.py:75} INFO - Running command: ['/bin/bash', '-c', 'echo Hello i am task2 and this is the task2 task!']
[2024-04-08T05:07:27.366+0000] {subprocess.py:86} INFO - Output:
[2024-04-08T05:07:27.368+0000] {subprocess.py:93} INFO - Hello i am task2 and this is the task2 task!
[2024-04-08T05:07:27.369+0000] {subprocess.py:97} INFO - Command exited with return code 0
[2024-04-08T05:07:27.404+0000] {taskinstance.py:1323} INFO - Marking task as SUCCESS. dag_id=our_first_dag_v2, task_id=second_task, execution_date=20220206T000000, start_date=20240408T050727, end_date=20240408T050727
[2024-04-08T05:07:27.448+0000] {local_task_job.py:208} INFO - Task exited with return code 0
[2024-04-08T05:07:27.475+0000] {taskinstance.py:2578} INFO - 0 downstream tasks scheduled from follow-on schedule check
