[2024-04-08T09:06:36.889+0000] {taskinstance.py:1083} INFO - Dependencies all met for <TaskInstance: dag_with_taskflow_api_v02.get_name manual__2024-04-08T09:06:36.034671+00:00 [queued]>
[2024-04-08T09:06:36.900+0000] {taskinstance.py:1083} INFO - Dependencies all met for <TaskInstance: dag_with_taskflow_api_v02.get_name manual__2024-04-08T09:06:36.034671+00:00 [queued]>
[2024-04-08T09:06:36.900+0000] {taskinstance.py:1279} INFO - 
--------------------------------------------------------------------------------
[2024-04-08T09:06:36.901+0000] {taskinstance.py:1280} INFO - Starting attempt 1 of 6
[2024-04-08T09:06:36.901+0000] {taskinstance.py:1281} INFO - 
--------------------------------------------------------------------------------
[2024-04-08T09:06:36.917+0000] {taskinstance.py:1300} INFO - Executing <Task(_PythonDecoratedOperator): get_name> on 2024-04-08 09:06:36.034671+00:00
[2024-04-08T09:06:36.922+0000] {standard_task_runner.py:55} INFO - Started process 11290 to run task
[2024-04-08T09:06:36.925+0000] {standard_task_runner.py:82} INFO - Running: ['***', 'tasks', 'run', 'dag_with_taskflow_api_v02', 'get_name', 'manual__2024-04-08T09:06:36.034671+00:00', '--job-id', '1533', '--raw', '--subdir', 'DAGS_FOLDER/dag_with_taskflow_api.py', '--cfg-path', '/tmp/tmp9zetpbf_']
[2024-04-08T09:06:36.927+0000] {standard_task_runner.py:83} INFO - Job 1533: Subtask get_name
[2024-04-08T09:06:36.979+0000] {task_command.py:388} INFO - Running <TaskInstance: dag_with_taskflow_api_v02.get_name manual__2024-04-08T09:06:36.034671+00:00 [running]> on host 3dc1147ef06e
[2024-04-08T09:06:37.041+0000] {taskinstance.py:1509} INFO - Exporting the following env vars:
AIRFLOW_CTX_DAG_OWNER=Jiseungmin
AIRFLOW_CTX_DAG_ID=dag_with_taskflow_api_v02
AIRFLOW_CTX_TASK_ID=get_name
AIRFLOW_CTX_EXECUTION_DATE=2024-04-08T09:06:36.034671+00:00
AIRFLOW_CTX_TRY_NUMBER=1
AIRFLOW_CTX_DAG_RUN_ID=manual__2024-04-08T09:06:36.034671+00:00
[2024-04-08T09:06:37.042+0000] {python.py:177} INFO - Done. Returned value was: {'first_name': 'Jerry', 'last_name': 'Fridman'}
[2024-04-08T09:06:37.081+0000] {taskinstance.py:1323} INFO - Marking task as SUCCESS. dag_id=dag_with_taskflow_api_v02, task_id=get_name, execution_date=20240408T090636, start_date=20240408T090636, end_date=20240408T090637
[2024-04-08T09:06:37.096+0000] {local_task_job.py:208} INFO - Task exited with return code 0
[2024-04-08T09:06:37.127+0000] {taskinstance.py:2578} INFO - 0 downstream tasks scheduled from follow-on schedule check
