[2024-04-08T11:40:49.794+0000] {taskinstance.py:1083} INFO - Dependencies all met for <TaskInstance: dag_with_cron_expression_v01.task1 scheduled__2022-09-08T00:00:00+00:00 [queued]>
[2024-04-08T11:40:49.804+0000] {taskinstance.py:1083} INFO - Dependencies all met for <TaskInstance: dag_with_cron_expression_v01.task1 scheduled__2022-09-08T00:00:00+00:00 [queued]>
[2024-04-08T11:40:49.805+0000] {taskinstance.py:1279} INFO - 
--------------------------------------------------------------------------------
[2024-04-08T11:40:49.805+0000] {taskinstance.py:1280} INFO - Starting attempt 1 of 6
[2024-04-08T11:40:49.806+0000] {taskinstance.py:1281} INFO - 
--------------------------------------------------------------------------------
[2024-04-08T11:40:49.824+0000] {taskinstance.py:1300} INFO - Executing <Task(BashOperator): task1> on 2022-09-08 00:00:00+00:00
[2024-04-08T11:40:49.830+0000] {standard_task_runner.py:55} INFO - Started process 3689 to run task
[2024-04-08T11:40:49.832+0000] {standard_task_runner.py:82} INFO - Running: ['***', 'tasks', 'run', 'dag_with_cron_expression_v01', 'task1', 'scheduled__2022-09-08T00:00:00+00:00', '--job-id', '1848', '--raw', '--subdir', 'DAGS_FOLDER/dag_with_cron_expression.py', '--cfg-path', '/tmp/tmp2mp9684i']
[2024-04-08T11:40:49.834+0000] {standard_task_runner.py:83} INFO - Job 1848: Subtask task1
[2024-04-08T11:40:49.898+0000] {task_command.py:388} INFO - Running <TaskInstance: dag_with_cron_expression_v01.task1 scheduled__2022-09-08T00:00:00+00:00 [running]> on host 3dc1147ef06e
[2024-04-08T11:40:49.989+0000] {taskinstance.py:1509} INFO - Exporting the following env vars:
AIRFLOW_CTX_DAG_OWNER=Jiseungmmin
AIRFLOW_CTX_DAG_ID=dag_with_cron_expression_v01
AIRFLOW_CTX_TASK_ID=task1
AIRFLOW_CTX_EXECUTION_DATE=2022-09-08T00:00:00+00:00
AIRFLOW_CTX_TRY_NUMBER=1
AIRFLOW_CTX_DAG_RUN_ID=scheduled__2022-09-08T00:00:00+00:00
[2024-04-08T11:40:49.991+0000] {subprocess.py:63} INFO - Tmp dir root location: 
 /tmp
[2024-04-08T11:40:49.992+0000] {subprocess.py:75} INFO - Running command: ['/bin/bash', '-c', 'echo dag with cron exproession']
[2024-04-08T11:40:50.002+0000] {subprocess.py:86} INFO - Output:
[2024-04-08T11:40:50.004+0000] {subprocess.py:93} INFO - dag with cron exproession
[2024-04-08T11:40:50.004+0000] {subprocess.py:97} INFO - Command exited with return code 0
[2024-04-08T11:40:50.032+0000] {taskinstance.py:1323} INFO - Marking task as SUCCESS. dag_id=dag_with_cron_expression_v01, task_id=task1, execution_date=20220908T000000, start_date=20240408T114049, end_date=20240408T114050
[2024-04-08T11:40:50.085+0000] {local_task_job.py:208} INFO - Task exited with return code 0
[2024-04-08T11:40:50.099+0000] {taskinstance.py:2578} INFO - 0 downstream tasks scheduled from follow-on schedule check
