[2024-04-08T05:06:58.916+0000] {taskinstance.py:1083} INFO - Dependencies all met for <TaskInstance: our_first_dag_v2.second_task scheduled__2021-12-06T00:00:00+00:00 [queued]>
[2024-04-08T05:06:58.933+0000] {taskinstance.py:1083} INFO - Dependencies all met for <TaskInstance: our_first_dag_v2.second_task scheduled__2021-12-06T00:00:00+00:00 [queued]>
[2024-04-08T05:06:58.934+0000] {taskinstance.py:1279} INFO - 
--------------------------------------------------------------------------------
[2024-04-08T05:06:58.935+0000] {taskinstance.py:1280} INFO - Starting attempt 1 of 6
[2024-04-08T05:06:58.935+0000] {taskinstance.py:1281} INFO - 
--------------------------------------------------------------------------------
[2024-04-08T05:06:58.962+0000] {taskinstance.py:1300} INFO - Executing <Task(BashOperator): second_task> on 2021-12-06 00:00:00+00:00
[2024-04-08T05:06:58.968+0000] {standard_task_runner.py:55} INFO - Started process 9379 to run task
[2024-04-08T05:06:58.972+0000] {standard_task_runner.py:82} INFO - Running: ['***', 'tasks', 'run', 'our_first_dag_v2', 'second_task', 'scheduled__2021-12-06T00:00:00+00:00', '--job-id', '1251', '--raw', '--subdir', 'DAGS_FOLDER/our_firest_dag.py', '--cfg-path', '/tmp/tmp5pkynnbh']
[2024-04-08T05:06:58.974+0000] {standard_task_runner.py:83} INFO - Job 1251: Subtask second_task
[2024-04-08T05:06:59.071+0000] {task_command.py:388} INFO - Running <TaskInstance: our_first_dag_v2.second_task scheduled__2021-12-06T00:00:00+00:00 [running]> on host 3dc1147ef06e
[2024-04-08T05:06:59.170+0000] {taskinstance.py:1509} INFO - Exporting the following env vars:
AIRFLOW_CTX_DAG_OWNER=Jiseungmin
AIRFLOW_CTX_DAG_ID=our_first_dag_v2
AIRFLOW_CTX_TASK_ID=second_task
AIRFLOW_CTX_EXECUTION_DATE=2021-12-06T00:00:00+00:00
AIRFLOW_CTX_TRY_NUMBER=1
AIRFLOW_CTX_DAG_RUN_ID=scheduled__2021-12-06T00:00:00+00:00
[2024-04-08T05:06:59.171+0000] {subprocess.py:63} INFO - Tmp dir root location: 
 /tmp
[2024-04-08T05:06:59.173+0000] {subprocess.py:75} INFO - Running command: ['/bin/bash', '-c', 'echo Hello i am task2 and this is the task2 task!']
[2024-04-08T05:06:59.188+0000] {subprocess.py:86} INFO - Output:
[2024-04-08T05:06:59.190+0000] {subprocess.py:93} INFO - Hello i am task2 and this is the task2 task!
[2024-04-08T05:06:59.191+0000] {subprocess.py:97} INFO - Command exited with return code 0
[2024-04-08T05:06:59.228+0000] {taskinstance.py:1323} INFO - Marking task as SUCCESS. dag_id=our_first_dag_v2, task_id=second_task, execution_date=20211206T000000, start_date=20240408T050658, end_date=20240408T050659
[2024-04-08T05:06:59.305+0000] {local_task_job.py:208} INFO - Task exited with return code 0
[2024-04-08T05:06:59.328+0000] {taskinstance.py:2578} INFO - 0 downstream tasks scheduled from follow-on schedule check
