[2024-04-08T04:46:00.811+0000] {taskinstance.py:1083} INFO - Dependencies all met for <TaskInstance: our_first_dag.first_task scheduled__2021-10-07T00:00:00+00:00 [queued]>
[2024-04-08T04:46:00.820+0000] {taskinstance.py:1083} INFO - Dependencies all met for <TaskInstance: our_first_dag.first_task scheduled__2021-10-07T00:00:00+00:00 [queued]>
[2024-04-08T04:46:00.821+0000] {taskinstance.py:1279} INFO - 
--------------------------------------------------------------------------------
[2024-04-08T04:46:00.822+0000] {taskinstance.py:1280} INFO - Starting attempt 1 of 6
[2024-04-08T04:46:00.822+0000] {taskinstance.py:1281} INFO - 
--------------------------------------------------------------------------------
[2024-04-08T04:46:00.838+0000] {taskinstance.py:1300} INFO - Executing <Task(BashOperator): first_task> on 2021-10-07 00:00:00+00:00
[2024-04-08T04:46:00.842+0000] {standard_task_runner.py:55} INFO - Started process 3157 to run task
[2024-04-08T04:46:00.845+0000] {standard_task_runner.py:82} INFO - Running: ['***', 'tasks', 'run', 'our_first_dag', 'first_task', 'scheduled__2021-10-07T00:00:00+00:00', '--job-id', '72', '--raw', '--subdir', 'DAGS_FOLDER/our_firest_dag.py', '--cfg-path', '/tmp/tmp4b289drf']
[2024-04-08T04:46:00.847+0000] {standard_task_runner.py:83} INFO - Job 72: Subtask first_task
[2024-04-08T04:46:00.905+0000] {task_command.py:388} INFO - Running <TaskInstance: our_first_dag.first_task scheduled__2021-10-07T00:00:00+00:00 [running]> on host 3dc1147ef06e
[2024-04-08T04:46:00.984+0000] {taskinstance.py:1509} INFO - Exporting the following env vars:
AIRFLOW_CTX_DAG_OWNER=Jiseungmin
AIRFLOW_CTX_DAG_ID=our_first_dag
AIRFLOW_CTX_TASK_ID=first_task
AIRFLOW_CTX_EXECUTION_DATE=2021-10-07T00:00:00+00:00
AIRFLOW_CTX_TRY_NUMBER=1
AIRFLOW_CTX_DAG_RUN_ID=scheduled__2021-10-07T00:00:00+00:00
[2024-04-08T04:46:00.985+0000] {subprocess.py:63} INFO - Tmp dir root location: 
 /tmp
[2024-04-08T04:46:00.986+0000] {subprocess.py:75} INFO - Running command: ['/bin/bash', '-c', 'echo Hello world, this is the first task!']
[2024-04-08T04:46:00.995+0000] {subprocess.py:86} INFO - Output:
[2024-04-08T04:46:00.996+0000] {subprocess.py:93} INFO - Hello world, this is the first task!
[2024-04-08T04:46:00.997+0000] {subprocess.py:97} INFO - Command exited with return code 0
[2024-04-08T04:46:01.021+0000] {taskinstance.py:1323} INFO - Marking task as SUCCESS. dag_id=our_first_dag, task_id=first_task, execution_date=20211007T000000, start_date=20240408T044600, end_date=20240408T044601
[2024-04-08T04:46:01.057+0000] {local_task_job.py:208} INFO - Task exited with return code 0
[2024-04-08T04:46:01.071+0000] {taskinstance.py:2578} INFO - 0 downstream tasks scheduled from follow-on schedule check
