[2024-04-08T04:51:45.893+0000] {taskinstance.py:1083} INFO - Dependencies all met for <TaskInstance: our_first_dag.first_task scheduled__2024-02-22T00:00:00+00:00 [queued]>
[2024-04-08T04:51:45.903+0000] {taskinstance.py:1083} INFO - Dependencies all met for <TaskInstance: our_first_dag.first_task scheduled__2024-02-22T00:00:00+00:00 [queued]>
[2024-04-08T04:51:45.904+0000] {taskinstance.py:1279} INFO - 
--------------------------------------------------------------------------------
[2024-04-08T04:51:45.904+0000] {taskinstance.py:1280} INFO - Starting attempt 1 of 6
[2024-04-08T04:51:45.905+0000] {taskinstance.py:1281} INFO - 
--------------------------------------------------------------------------------
[2024-04-08T04:51:45.923+0000] {taskinstance.py:1300} INFO - Executing <Task(BashOperator): first_task> on 2024-02-22 00:00:00+00:00
[2024-04-08T04:51:45.927+0000] {standard_task_runner.py:55} INFO - Started process 6494 to run task
[2024-04-08T04:51:45.928+0000] {standard_task_runner.py:82} INFO - Running: ['***', 'tasks', 'run', 'our_first_dag', 'first_task', 'scheduled__2024-02-22T00:00:00+00:00', '--job-id', '942', '--raw', '--subdir', 'DAGS_FOLDER/our_firest_dag.py', '--cfg-path', '/tmp/tmpgcpld1sl']
[2024-04-08T04:51:45.930+0000] {standard_task_runner.py:83} INFO - Job 942: Subtask first_task
[2024-04-08T04:51:45.990+0000] {task_command.py:388} INFO - Running <TaskInstance: our_first_dag.first_task scheduled__2024-02-22T00:00:00+00:00 [running]> on host 3dc1147ef06e
[2024-04-08T04:51:46.062+0000] {taskinstance.py:1509} INFO - Exporting the following env vars:
AIRFLOW_CTX_DAG_OWNER=Jiseungmin
AIRFLOW_CTX_DAG_ID=our_first_dag
AIRFLOW_CTX_TASK_ID=first_task
AIRFLOW_CTX_EXECUTION_DATE=2024-02-22T00:00:00+00:00
AIRFLOW_CTX_TRY_NUMBER=1
AIRFLOW_CTX_DAG_RUN_ID=scheduled__2024-02-22T00:00:00+00:00
[2024-04-08T04:51:46.063+0000] {subprocess.py:63} INFO - Tmp dir root location: 
 /tmp
[2024-04-08T04:51:46.064+0000] {subprocess.py:75} INFO - Running command: ['/bin/bash', '-c', 'echo Hello world, this is the first task!']
[2024-04-08T04:51:46.073+0000] {subprocess.py:86} INFO - Output:
[2024-04-08T04:51:46.074+0000] {subprocess.py:93} INFO - Hello world, this is the first task!
[2024-04-08T04:51:46.074+0000] {subprocess.py:97} INFO - Command exited with return code 0
[2024-04-08T04:51:46.097+0000] {taskinstance.py:1323} INFO - Marking task as SUCCESS. dag_id=our_first_dag, task_id=first_task, execution_date=20240222T000000, start_date=20240408T045145, end_date=20240408T045146
[2024-04-08T04:51:46.141+0000] {local_task_job.py:208} INFO - Task exited with return code 0
[2024-04-08T04:51:46.158+0000] {taskinstance.py:2578} INFO - 0 downstream tasks scheduled from follow-on schedule check
