[2024-04-08T04:45:58.152+0000] {taskinstance.py:1083} INFO - Dependencies all met for <TaskInstance: our_first_dag.first_task scheduled__2021-09-26T00:00:00+00:00 [queued]>
[2024-04-08T04:45:58.162+0000] {taskinstance.py:1083} INFO - Dependencies all met for <TaskInstance: our_first_dag.first_task scheduled__2021-09-26T00:00:00+00:00 [queued]>
[2024-04-08T04:45:58.163+0000] {taskinstance.py:1279} INFO - 
--------------------------------------------------------------------------------
[2024-04-08T04:45:58.163+0000] {taskinstance.py:1280} INFO - Starting attempt 1 of 6
[2024-04-08T04:45:58.164+0000] {taskinstance.py:1281} INFO - 
--------------------------------------------------------------------------------
[2024-04-08T04:45:58.207+0000] {taskinstance.py:1300} INFO - Executing <Task(BashOperator): first_task> on 2021-09-26 00:00:00+00:00
[2024-04-08T04:45:58.212+0000] {standard_task_runner.py:55} INFO - Started process 3125 to run task
[2024-04-08T04:45:58.215+0000] {standard_task_runner.py:82} INFO - Running: ['***', 'tasks', 'run', 'our_first_dag', 'first_task', 'scheduled__2021-09-26T00:00:00+00:00', '--job-id', '61', '--raw', '--subdir', 'DAGS_FOLDER/our_firest_dag.py', '--cfg-path', '/tmp/tmp1b8y16ki']
[2024-04-08T04:45:58.216+0000] {standard_task_runner.py:83} INFO - Job 61: Subtask first_task
[2024-04-08T04:45:58.292+0000] {task_command.py:388} INFO - Running <TaskInstance: our_first_dag.first_task scheduled__2021-09-26T00:00:00+00:00 [running]> on host 3dc1147ef06e
[2024-04-08T04:45:58.401+0000] {taskinstance.py:1509} INFO - Exporting the following env vars:
AIRFLOW_CTX_DAG_OWNER=Jiseungmin
AIRFLOW_CTX_DAG_ID=our_first_dag
AIRFLOW_CTX_TASK_ID=first_task
AIRFLOW_CTX_EXECUTION_DATE=2021-09-26T00:00:00+00:00
AIRFLOW_CTX_TRY_NUMBER=1
AIRFLOW_CTX_DAG_RUN_ID=scheduled__2021-09-26T00:00:00+00:00
[2024-04-08T04:45:58.402+0000] {subprocess.py:63} INFO - Tmp dir root location: 
 /tmp
[2024-04-08T04:45:58.404+0000] {subprocess.py:75} INFO - Running command: ['/bin/bash', '-c', 'echo Hello world, this is the first task!']
[2024-04-08T04:45:58.418+0000] {subprocess.py:86} INFO - Output:
[2024-04-08T04:45:58.420+0000] {subprocess.py:93} INFO - Hello world, this is the first task!
[2024-04-08T04:45:58.421+0000] {subprocess.py:97} INFO - Command exited with return code 0
[2024-04-08T04:45:58.457+0000] {taskinstance.py:1323} INFO - Marking task as SUCCESS. dag_id=our_first_dag, task_id=first_task, execution_date=20210926T000000, start_date=20240408T044558, end_date=20240408T044558
[2024-04-08T04:45:58.508+0000] {local_task_job.py:208} INFO - Task exited with return code 0
[2024-04-08T04:45:58.526+0000] {taskinstance.py:2578} INFO - 0 downstream tasks scheduled from follow-on schedule check
