[2024-04-08T05:07:48.720+0000] {taskinstance.py:1083} INFO - Dependencies all met for <TaskInstance: our_first_dag_v2.first_task scheduled__2022-03-25T00:00:00+00:00 [queued]>
[2024-04-08T05:07:48.731+0000] {taskinstance.py:1083} INFO - Dependencies all met for <TaskInstance: our_first_dag_v2.first_task scheduled__2022-03-25T00:00:00+00:00 [queued]>
[2024-04-08T05:07:48.732+0000] {taskinstance.py:1279} INFO - 
--------------------------------------------------------------------------------
[2024-04-08T05:07:48.732+0000] {taskinstance.py:1280} INFO - Starting attempt 1 of 6
[2024-04-08T05:07:48.732+0000] {taskinstance.py:1281} INFO - 
--------------------------------------------------------------------------------
[2024-04-08T05:07:48.752+0000] {taskinstance.py:1300} INFO - Executing <Task(BashOperator): first_task> on 2022-03-25 00:00:00+00:00
[2024-04-08T05:07:48.758+0000] {standard_task_runner.py:55} INFO - Started process 10156 to run task
[2024-04-08T05:07:48.760+0000] {standard_task_runner.py:82} INFO - Running: ['***', 'tasks', 'run', 'our_first_dag_v2', 'first_task', 'scheduled__2022-03-25T00:00:00+00:00', '--job-id', '1473', '--raw', '--subdir', 'DAGS_FOLDER/our_firest_dag.py', '--cfg-path', '/tmp/tmpkb6ffs2r']
[2024-04-08T05:07:48.762+0000] {standard_task_runner.py:83} INFO - Job 1473: Subtask first_task
[2024-04-08T05:07:48.832+0000] {task_command.py:388} INFO - Running <TaskInstance: our_first_dag_v2.first_task scheduled__2022-03-25T00:00:00+00:00 [running]> on host 3dc1147ef06e
[2024-04-08T05:07:48.921+0000] {taskinstance.py:1509} INFO - Exporting the following env vars:
AIRFLOW_CTX_DAG_OWNER=Jiseungmin
AIRFLOW_CTX_DAG_ID=our_first_dag_v2
AIRFLOW_CTX_TASK_ID=first_task
AIRFLOW_CTX_EXECUTION_DATE=2022-03-25T00:00:00+00:00
AIRFLOW_CTX_TRY_NUMBER=1
AIRFLOW_CTX_DAG_RUN_ID=scheduled__2022-03-25T00:00:00+00:00
[2024-04-08T05:07:48.922+0000] {subprocess.py:63} INFO - Tmp dir root location: 
 /tmp
[2024-04-08T05:07:48.923+0000] {subprocess.py:75} INFO - Running command: ['/bin/bash', '-c', 'echo Hello world, this is the first task!']
[2024-04-08T05:07:48.932+0000] {subprocess.py:86} INFO - Output:
[2024-04-08T05:07:48.934+0000] {subprocess.py:93} INFO - Hello world, this is the first task!
[2024-04-08T05:07:48.934+0000] {subprocess.py:97} INFO - Command exited with return code 0
[2024-04-08T05:07:48.959+0000] {taskinstance.py:1323} INFO - Marking task as SUCCESS. dag_id=our_first_dag_v2, task_id=first_task, execution_date=20220325T000000, start_date=20240408T050748, end_date=20240408T050748
[2024-04-08T05:07:49.013+0000] {local_task_job.py:208} INFO - Task exited with return code 0
[2024-04-08T05:07:49.046+0000] {taskinstance.py:2578} INFO - 2 downstream tasks scheduled from follow-on schedule check
