[2024-04-08T04:51:29.684+0000] {taskinstance.py:1083} INFO - Dependencies all met for <TaskInstance: our_first_dag.first_task scheduled__2024-01-05T00:00:00+00:00 [queued]>
[2024-04-08T04:51:29.696+0000] {taskinstance.py:1083} INFO - Dependencies all met for <TaskInstance: our_first_dag.first_task scheduled__2024-01-05T00:00:00+00:00 [queued]>
[2024-04-08T04:51:29.697+0000] {taskinstance.py:1279} INFO - 
--------------------------------------------------------------------------------
[2024-04-08T04:51:29.698+0000] {taskinstance.py:1280} INFO - Starting attempt 1 of 6
[2024-04-08T04:51:29.698+0000] {taskinstance.py:1281} INFO - 
--------------------------------------------------------------------------------
[2024-04-08T04:51:29.715+0000] {taskinstance.py:1300} INFO - Executing <Task(BashOperator): first_task> on 2024-01-05 00:00:00+00:00
[2024-04-08T04:51:29.720+0000] {standard_task_runner.py:55} INFO - Started process 6328 to run task
[2024-04-08T04:51:29.722+0000] {standard_task_runner.py:82} INFO - Running: ['***', 'tasks', 'run', 'our_first_dag', 'first_task', 'scheduled__2024-01-05T00:00:00+00:00', '--job-id', '894', '--raw', '--subdir', 'DAGS_FOLDER/our_firest_dag.py', '--cfg-path', '/tmp/tmprdr8p1ik']
[2024-04-08T04:51:29.724+0000] {standard_task_runner.py:83} INFO - Job 894: Subtask first_task
[2024-04-08T04:51:29.788+0000] {task_command.py:388} INFO - Running <TaskInstance: our_first_dag.first_task scheduled__2024-01-05T00:00:00+00:00 [running]> on host 3dc1147ef06e
[2024-04-08T04:51:29.873+0000] {taskinstance.py:1509} INFO - Exporting the following env vars:
AIRFLOW_CTX_DAG_OWNER=Jiseungmin
AIRFLOW_CTX_DAG_ID=our_first_dag
AIRFLOW_CTX_TASK_ID=first_task
AIRFLOW_CTX_EXECUTION_DATE=2024-01-05T00:00:00+00:00
AIRFLOW_CTX_TRY_NUMBER=1
AIRFLOW_CTX_DAG_RUN_ID=scheduled__2024-01-05T00:00:00+00:00
[2024-04-08T04:51:29.874+0000] {subprocess.py:63} INFO - Tmp dir root location: 
 /tmp
[2024-04-08T04:51:29.875+0000] {subprocess.py:75} INFO - Running command: ['/bin/bash', '-c', 'echo Hello world, this is the first task!']
[2024-04-08T04:51:29.884+0000] {subprocess.py:86} INFO - Output:
[2024-04-08T04:51:29.885+0000] {subprocess.py:93} INFO - Hello world, this is the first task!
[2024-04-08T04:51:29.885+0000] {subprocess.py:97} INFO - Command exited with return code 0
[2024-04-08T04:51:29.913+0000] {taskinstance.py:1323} INFO - Marking task as SUCCESS. dag_id=our_first_dag, task_id=first_task, execution_date=20240105T000000, start_date=20240408T045129, end_date=20240408T045129
[2024-04-08T04:51:29.935+0000] {local_task_job.py:208} INFO - Task exited with return code 0
[2024-04-08T04:51:29.954+0000] {taskinstance.py:2578} INFO - 0 downstream tasks scheduled from follow-on schedule check
