[2024-04-08T04:51:23.229+0000] {taskinstance.py:1083} INFO - Dependencies all met for <TaskInstance: our_first_dag.first_task scheduled__2023-12-20T00:00:00+00:00 [queued]>
[2024-04-08T04:51:23.240+0000] {taskinstance.py:1083} INFO - Dependencies all met for <TaskInstance: our_first_dag.first_task scheduled__2023-12-20T00:00:00+00:00 [queued]>
[2024-04-08T04:51:23.240+0000] {taskinstance.py:1279} INFO - 
--------------------------------------------------------------------------------
[2024-04-08T04:51:23.241+0000] {taskinstance.py:1280} INFO - Starting attempt 1 of 6
[2024-04-08T04:51:23.241+0000] {taskinstance.py:1281} INFO - 
--------------------------------------------------------------------------------
[2024-04-08T04:51:23.256+0000] {taskinstance.py:1300} INFO - Executing <Task(BashOperator): first_task> on 2023-12-20 00:00:00+00:00
[2024-04-08T04:51:23.260+0000] {standard_task_runner.py:55} INFO - Started process 6254 to run task
[2024-04-08T04:51:23.262+0000] {standard_task_runner.py:82} INFO - Running: ['***', 'tasks', 'run', 'our_first_dag', 'first_task', 'scheduled__2023-12-20T00:00:00+00:00', '--job-id', '878', '--raw', '--subdir', 'DAGS_FOLDER/our_firest_dag.py', '--cfg-path', '/tmp/tmp4zuf_wze']
[2024-04-08T04:51:23.263+0000] {standard_task_runner.py:83} INFO - Job 878: Subtask first_task
[2024-04-08T04:51:23.329+0000] {task_command.py:388} INFO - Running <TaskInstance: our_first_dag.first_task scheduled__2023-12-20T00:00:00+00:00 [running]> on host 3dc1147ef06e
[2024-04-08T04:51:23.415+0000] {taskinstance.py:1509} INFO - Exporting the following env vars:
AIRFLOW_CTX_DAG_OWNER=Jiseungmin
AIRFLOW_CTX_DAG_ID=our_first_dag
AIRFLOW_CTX_TASK_ID=first_task
AIRFLOW_CTX_EXECUTION_DATE=2023-12-20T00:00:00+00:00
AIRFLOW_CTX_TRY_NUMBER=1
AIRFLOW_CTX_DAG_RUN_ID=scheduled__2023-12-20T00:00:00+00:00
[2024-04-08T04:51:23.416+0000] {subprocess.py:63} INFO - Tmp dir root location: 
 /tmp
[2024-04-08T04:51:23.417+0000] {subprocess.py:75} INFO - Running command: ['/bin/bash', '-c', 'echo Hello world, this is the first task!']
[2024-04-08T04:51:23.426+0000] {subprocess.py:86} INFO - Output:
[2024-04-08T04:51:23.427+0000] {subprocess.py:93} INFO - Hello world, this is the first task!
[2024-04-08T04:51:23.427+0000] {subprocess.py:97} INFO - Command exited with return code 0
[2024-04-08T04:51:23.450+0000] {taskinstance.py:1323} INFO - Marking task as SUCCESS. dag_id=our_first_dag, task_id=first_task, execution_date=20231220T000000, start_date=20240408T045123, end_date=20240408T045123
[2024-04-08T04:51:23.474+0000] {local_task_job.py:208} INFO - Task exited with return code 0
[2024-04-08T04:51:23.491+0000] {taskinstance.py:2578} INFO - 0 downstream tasks scheduled from follow-on schedule check
