[2024-04-08T09:04:43.284+0000] {taskinstance.py:1083} INFO - Dependencies all met for <TaskInstance: dag_with_taskflow_api_v02.get_age manual__2024-04-08T09:04:42.984773+00:00 [queued]>
[2024-04-08T09:04:43.295+0000] {taskinstance.py:1083} INFO - Dependencies all met for <TaskInstance: dag_with_taskflow_api_v02.get_age manual__2024-04-08T09:04:42.984773+00:00 [queued]>
[2024-04-08T09:04:43.296+0000] {taskinstance.py:1279} INFO - 
--------------------------------------------------------------------------------
[2024-04-08T09:04:43.296+0000] {taskinstance.py:1280} INFO - Starting attempt 1 of 6
[2024-04-08T09:04:43.296+0000] {taskinstance.py:1281} INFO - 
--------------------------------------------------------------------------------
[2024-04-08T09:04:43.314+0000] {taskinstance.py:1300} INFO - Executing <Task(_PythonDecoratedOperator): get_age> on 2024-04-08 09:04:42.984773+00:00
[2024-04-08T09:04:43.319+0000] {standard_task_runner.py:55} INFO - Started process 10988 to run task
[2024-04-08T09:04:43.321+0000] {standard_task_runner.py:82} INFO - Running: ['***', 'tasks', 'run', 'dag_with_taskflow_api_v02', 'get_age', 'manual__2024-04-08T09:04:42.984773+00:00', '--job-id', '1529', '--raw', '--subdir', 'DAGS_FOLDER/dag_with_taskflow_api.py', '--cfg-path', '/tmp/tmp5vi4miil']
[2024-04-08T09:04:43.323+0000] {standard_task_runner.py:83} INFO - Job 1529: Subtask get_age
[2024-04-08T09:04:43.382+0000] {task_command.py:388} INFO - Running <TaskInstance: dag_with_taskflow_api_v02.get_age manual__2024-04-08T09:04:42.984773+00:00 [running]> on host 3dc1147ef06e
[2024-04-08T09:04:43.447+0000] {taskinstance.py:1509} INFO - Exporting the following env vars:
AIRFLOW_CTX_DAG_OWNER=Jiseungmin
AIRFLOW_CTX_DAG_ID=dag_with_taskflow_api_v02
AIRFLOW_CTX_TASK_ID=get_age
AIRFLOW_CTX_EXECUTION_DATE=2024-04-08T09:04:42.984773+00:00
AIRFLOW_CTX_TRY_NUMBER=1
AIRFLOW_CTX_DAG_RUN_ID=manual__2024-04-08T09:04:42.984773+00:00
[2024-04-08T09:04:43.447+0000] {python.py:177} INFO - Done. Returned value was: 19
[2024-04-08T09:04:43.467+0000] {taskinstance.py:1323} INFO - Marking task as SUCCESS. dag_id=dag_with_taskflow_api_v02, task_id=get_age, execution_date=20240408T090442, start_date=20240408T090443, end_date=20240408T090443
[2024-04-08T09:04:43.494+0000] {local_task_job.py:208} INFO - Task exited with return code 0
[2024-04-08T09:04:43.514+0000] {taskinstance.py:2578} INFO - 1 downstream tasks scheduled from follow-on schedule check
