[2024-04-08T05:06:01.667+0000] {taskinstance.py:1083} INFO - Dependencies all met for <TaskInstance: our_first_dag_v2.first_task scheduled__2021-08-05T00:00:00+00:00 [queued]>
[2024-04-08T05:06:01.681+0000] {taskinstance.py:1083} INFO - Dependencies all met for <TaskInstance: our_first_dag_v2.first_task scheduled__2021-08-05T00:00:00+00:00 [queued]>
[2024-04-08T05:06:01.681+0000] {taskinstance.py:1279} INFO - 
--------------------------------------------------------------------------------
[2024-04-08T05:06:01.682+0000] {taskinstance.py:1280} INFO - Starting attempt 1 of 6
[2024-04-08T05:06:01.682+0000] {taskinstance.py:1281} INFO - 
--------------------------------------------------------------------------------
[2024-04-08T05:06:01.757+0000] {taskinstance.py:1300} INFO - Executing <Task(BashOperator): first_task> on 2021-08-05 00:00:00+00:00
[2024-04-08T05:06:01.763+0000] {standard_task_runner.py:55} INFO - Started process 8511 to run task
[2024-04-08T05:06:01.768+0000] {standard_task_runner.py:82} INFO - Running: ['***', 'tasks', 'run', 'our_first_dag_v2', 'first_task', 'scheduled__2021-08-05T00:00:00+00:00', '--job-id', '996', '--raw', '--subdir', 'DAGS_FOLDER/our_firest_dag.py', '--cfg-path', '/tmp/tmp5clyplmd']
[2024-04-08T05:06:01.771+0000] {standard_task_runner.py:83} INFO - Job 996: Subtask first_task
[2024-04-08T05:06:01.855+0000] {task_command.py:388} INFO - Running <TaskInstance: our_first_dag_v2.first_task scheduled__2021-08-05T00:00:00+00:00 [running]> on host 3dc1147ef06e
[2024-04-08T05:06:01.945+0000] {taskinstance.py:1509} INFO - Exporting the following env vars:
AIRFLOW_CTX_DAG_OWNER=Jiseungmin
AIRFLOW_CTX_DAG_ID=our_first_dag_v2
AIRFLOW_CTX_TASK_ID=first_task
AIRFLOW_CTX_EXECUTION_DATE=2021-08-05T00:00:00+00:00
AIRFLOW_CTX_TRY_NUMBER=1
AIRFLOW_CTX_DAG_RUN_ID=scheduled__2021-08-05T00:00:00+00:00
[2024-04-08T05:06:01.946+0000] {subprocess.py:63} INFO - Tmp dir root location: 
 /tmp
[2024-04-08T05:06:01.947+0000] {subprocess.py:75} INFO - Running command: ['/bin/bash', '-c', 'echo Hello world, this is the first task!']
[2024-04-08T05:06:01.960+0000] {subprocess.py:86} INFO - Output:
[2024-04-08T05:06:01.963+0000] {subprocess.py:93} INFO - Hello world, this is the first task!
[2024-04-08T05:06:01.963+0000] {subprocess.py:97} INFO - Command exited with return code 0
[2024-04-08T05:06:02.001+0000] {taskinstance.py:1323} INFO - Marking task as SUCCESS. dag_id=our_first_dag_v2, task_id=first_task, execution_date=20210805T000000, start_date=20240408T050601, end_date=20240408T050602
[2024-04-08T05:06:02.101+0000] {local_task_job.py:208} INFO - Task exited with return code 0
[2024-04-08T05:06:02.128+0000] {taskinstance.py:2578} INFO - 1 downstream tasks scheduled from follow-on schedule check
