[2024-04-08T04:49:32.858+0000] {taskinstance.py:1083} INFO - Dependencies all met for <TaskInstance: our_first_dag.first_task scheduled__2023-02-17T00:00:00+00:00 [queued]>
[2024-04-08T04:49:32.869+0000] {taskinstance.py:1083} INFO - Dependencies all met for <TaskInstance: our_first_dag.first_task scheduled__2023-02-17T00:00:00+00:00 [queued]>
[2024-04-08T04:49:32.870+0000] {taskinstance.py:1279} INFO - 
--------------------------------------------------------------------------------
[2024-04-08T04:49:32.870+0000] {taskinstance.py:1280} INFO - Starting attempt 1 of 6
[2024-04-08T04:49:32.871+0000] {taskinstance.py:1281} INFO - 
--------------------------------------------------------------------------------
[2024-04-08T04:49:32.891+0000] {taskinstance.py:1300} INFO - Executing <Task(BashOperator): first_task> on 2023-02-17 00:00:00+00:00
[2024-04-08T04:49:32.896+0000] {standard_task_runner.py:55} INFO - Started process 5108 to run task
[2024-04-08T04:49:32.899+0000] {standard_task_runner.py:82} INFO - Running: ['***', 'tasks', 'run', 'our_first_dag', 'first_task', 'scheduled__2023-02-17T00:00:00+00:00', '--job-id', '572', '--raw', '--subdir', 'DAGS_FOLDER/our_firest_dag.py', '--cfg-path', '/tmp/tmp4i50hakb']
[2024-04-08T04:49:32.901+0000] {standard_task_runner.py:83} INFO - Job 572: Subtask first_task
[2024-04-08T04:49:32.967+0000] {task_command.py:388} INFO - Running <TaskInstance: our_first_dag.first_task scheduled__2023-02-17T00:00:00+00:00 [running]> on host 3dc1147ef06e
[2024-04-08T04:49:33.051+0000] {taskinstance.py:1509} INFO - Exporting the following env vars:
AIRFLOW_CTX_DAG_OWNER=Jiseungmin
AIRFLOW_CTX_DAG_ID=our_first_dag
AIRFLOW_CTX_TASK_ID=first_task
AIRFLOW_CTX_EXECUTION_DATE=2023-02-17T00:00:00+00:00
AIRFLOW_CTX_TRY_NUMBER=1
AIRFLOW_CTX_DAG_RUN_ID=scheduled__2023-02-17T00:00:00+00:00
[2024-04-08T04:49:33.053+0000] {subprocess.py:63} INFO - Tmp dir root location: 
 /tmp
[2024-04-08T04:49:33.053+0000] {subprocess.py:75} INFO - Running command: ['/bin/bash', '-c', 'echo Hello world, this is the first task!']
[2024-04-08T04:49:33.064+0000] {subprocess.py:86} INFO - Output:
[2024-04-08T04:49:33.066+0000] {subprocess.py:93} INFO - Hello world, this is the first task!
[2024-04-08T04:49:33.066+0000] {subprocess.py:97} INFO - Command exited with return code 0
[2024-04-08T04:49:33.091+0000] {taskinstance.py:1323} INFO - Marking task as SUCCESS. dag_id=our_first_dag, task_id=first_task, execution_date=20230217T000000, start_date=20240408T044932, end_date=20240408T044933
[2024-04-08T04:49:33.111+0000] {local_task_job.py:208} INFO - Task exited with return code 0
[2024-04-08T04:49:33.130+0000] {taskinstance.py:2578} INFO - 0 downstream tasks scheduled from follow-on schedule check
