[2024-04-08T04:46:55.197+0000] {taskinstance.py:1083} INFO - Dependencies all met for <TaskInstance: our_first_dag.first_task scheduled__2022-03-01T00:00:00+00:00 [queued]>
[2024-04-08T04:46:55.208+0000] {taskinstance.py:1083} INFO - Dependencies all met for <TaskInstance: our_first_dag.first_task scheduled__2022-03-01T00:00:00+00:00 [queued]>
[2024-04-08T04:46:55.208+0000] {taskinstance.py:1279} INFO - 
--------------------------------------------------------------------------------
[2024-04-08T04:46:55.209+0000] {taskinstance.py:1280} INFO - Starting attempt 1 of 6
[2024-04-08T04:46:55.209+0000] {taskinstance.py:1281} INFO - 
--------------------------------------------------------------------------------
[2024-04-08T04:46:55.237+0000] {taskinstance.py:1300} INFO - Executing <Task(BashOperator): first_task> on 2022-03-01 00:00:00+00:00
[2024-04-08T04:46:55.242+0000] {standard_task_runner.py:55} INFO - Started process 3721 to run task
[2024-04-08T04:46:55.244+0000] {standard_task_runner.py:82} INFO - Running: ['***', 'tasks', 'run', 'our_first_dag', 'first_task', 'scheduled__2022-03-01T00:00:00+00:00', '--job-id', '217', '--raw', '--subdir', 'DAGS_FOLDER/our_firest_dag.py', '--cfg-path', '/tmp/tmprkw8qpme']
[2024-04-08T04:46:55.246+0000] {standard_task_runner.py:83} INFO - Job 217: Subtask first_task
[2024-04-08T04:46:55.313+0000] {task_command.py:388} INFO - Running <TaskInstance: our_first_dag.first_task scheduled__2022-03-01T00:00:00+00:00 [running]> on host 3dc1147ef06e
[2024-04-08T04:46:55.386+0000] {taskinstance.py:1509} INFO - Exporting the following env vars:
AIRFLOW_CTX_DAG_OWNER=Jiseungmin
AIRFLOW_CTX_DAG_ID=our_first_dag
AIRFLOW_CTX_TASK_ID=first_task
AIRFLOW_CTX_EXECUTION_DATE=2022-03-01T00:00:00+00:00
AIRFLOW_CTX_TRY_NUMBER=1
AIRFLOW_CTX_DAG_RUN_ID=scheduled__2022-03-01T00:00:00+00:00
[2024-04-08T04:46:55.387+0000] {subprocess.py:63} INFO - Tmp dir root location: 
 /tmp
[2024-04-08T04:46:55.388+0000] {subprocess.py:75} INFO - Running command: ['/bin/bash', '-c', 'echo Hello world, this is the first task!']
[2024-04-08T04:46:55.396+0000] {subprocess.py:86} INFO - Output:
[2024-04-08T04:46:55.397+0000] {subprocess.py:93} INFO - Hello world, this is the first task!
[2024-04-08T04:46:55.397+0000] {subprocess.py:97} INFO - Command exited with return code 0
[2024-04-08T04:46:55.420+0000] {taskinstance.py:1323} INFO - Marking task as SUCCESS. dag_id=our_first_dag, task_id=first_task, execution_date=20220301T000000, start_date=20240408T044655, end_date=20240408T044655
[2024-04-08T04:46:55.457+0000] {local_task_job.py:208} INFO - Task exited with return code 0
[2024-04-08T04:46:55.471+0000] {taskinstance.py:2578} INFO - 0 downstream tasks scheduled from follow-on schedule check
