[2024-04-08T05:06:36.909+0000] {taskinstance.py:1083} INFO - Dependencies all met for <TaskInstance: our_first_dag_v2.first_task scheduled__2021-10-17T00:00:00+00:00 [queued]>
[2024-04-08T05:06:36.924+0000] {taskinstance.py:1083} INFO - Dependencies all met for <TaskInstance: our_first_dag_v2.first_task scheduled__2021-10-17T00:00:00+00:00 [queued]>
[2024-04-08T05:06:36.924+0000] {taskinstance.py:1279} INFO - 
--------------------------------------------------------------------------------
[2024-04-08T05:06:36.925+0000] {taskinstance.py:1280} INFO - Starting attempt 1 of 6
[2024-04-08T05:06:36.925+0000] {taskinstance.py:1281} INFO - 
--------------------------------------------------------------------------------
[2024-04-08T05:06:36.987+0000] {taskinstance.py:1300} INFO - Executing <Task(BashOperator): first_task> on 2021-10-17 00:00:00+00:00
[2024-04-08T05:06:36.992+0000] {standard_task_runner.py:55} INFO - Started process 9034 to run task
[2024-04-08T05:06:36.994+0000] {standard_task_runner.py:82} INFO - Running: ['***', 'tasks', 'run', 'our_first_dag_v2', 'first_task', 'scheduled__2021-10-17T00:00:00+00:00', '--job-id', '1144', '--raw', '--subdir', 'DAGS_FOLDER/our_firest_dag.py', '--cfg-path', '/tmp/tmps97pqzix']
[2024-04-08T05:06:36.996+0000] {standard_task_runner.py:83} INFO - Job 1144: Subtask first_task
[2024-04-08T05:06:37.078+0000] {task_command.py:388} INFO - Running <TaskInstance: our_first_dag_v2.first_task scheduled__2021-10-17T00:00:00+00:00 [running]> on host 3dc1147ef06e
[2024-04-08T05:06:37.161+0000] {taskinstance.py:1509} INFO - Exporting the following env vars:
AIRFLOW_CTX_DAG_OWNER=Jiseungmin
AIRFLOW_CTX_DAG_ID=our_first_dag_v2
AIRFLOW_CTX_TASK_ID=first_task
AIRFLOW_CTX_EXECUTION_DATE=2021-10-17T00:00:00+00:00
AIRFLOW_CTX_TRY_NUMBER=1
AIRFLOW_CTX_DAG_RUN_ID=scheduled__2021-10-17T00:00:00+00:00
[2024-04-08T05:06:37.162+0000] {subprocess.py:63} INFO - Tmp dir root location: 
 /tmp
[2024-04-08T05:06:37.164+0000] {subprocess.py:75} INFO - Running command: ['/bin/bash', '-c', 'echo Hello world, this is the first task!']
[2024-04-08T05:06:37.178+0000] {subprocess.py:86} INFO - Output:
[2024-04-08T05:06:37.180+0000] {subprocess.py:93} INFO - Hello world, this is the first task!
[2024-04-08T05:06:37.181+0000] {subprocess.py:97} INFO - Command exited with return code 0
[2024-04-08T05:06:37.223+0000] {taskinstance.py:1323} INFO - Marking task as SUCCESS. dag_id=our_first_dag_v2, task_id=first_task, execution_date=20211017T000000, start_date=20240408T050636, end_date=20240408T050637
[2024-04-08T05:06:37.248+0000] {local_task_job.py:208} INFO - Task exited with return code 0
[2024-04-08T05:06:37.355+0000] {taskinstance.py:2578} INFO - 0 downstream tasks scheduled from follow-on schedule check
