[2024-04-08T05:06:19.768+0000] {taskinstance.py:1083} INFO - Dependencies all met for <TaskInstance: our_first_dag_v2.first_task scheduled__2021-09-14T00:00:00+00:00 [queued]>
[2024-04-08T05:06:19.779+0000] {taskinstance.py:1083} INFO - Dependencies all met for <TaskInstance: our_first_dag_v2.first_task scheduled__2021-09-14T00:00:00+00:00 [queued]>
[2024-04-08T05:06:19.780+0000] {taskinstance.py:1279} INFO - 
--------------------------------------------------------------------------------
[2024-04-08T05:06:19.781+0000] {taskinstance.py:1280} INFO - Starting attempt 1 of 6
[2024-04-08T05:06:19.781+0000] {taskinstance.py:1281} INFO - 
--------------------------------------------------------------------------------
[2024-04-08T05:06:19.807+0000] {taskinstance.py:1300} INFO - Executing <Task(BashOperator): first_task> on 2021-09-14 00:00:00+00:00
[2024-04-08T05:06:19.813+0000] {standard_task_runner.py:55} INFO - Started process 8780 to run task
[2024-04-08T05:06:19.816+0000] {standard_task_runner.py:82} INFO - Running: ['***', 'tasks', 'run', 'our_first_dag_v2', 'first_task', 'scheduled__2021-09-14T00:00:00+00:00', '--job-id', '1077', '--raw', '--subdir', 'DAGS_FOLDER/our_firest_dag.py', '--cfg-path', '/tmp/tmpyk7713oq']
[2024-04-08T05:06:19.818+0000] {standard_task_runner.py:83} INFO - Job 1077: Subtask first_task
[2024-04-08T05:06:19.893+0000] {task_command.py:388} INFO - Running <TaskInstance: our_first_dag_v2.first_task scheduled__2021-09-14T00:00:00+00:00 [running]> on host 3dc1147ef06e
[2024-04-08T05:06:19.986+0000] {taskinstance.py:1509} INFO - Exporting the following env vars:
AIRFLOW_CTX_DAG_OWNER=Jiseungmin
AIRFLOW_CTX_DAG_ID=our_first_dag_v2
AIRFLOW_CTX_TASK_ID=first_task
AIRFLOW_CTX_EXECUTION_DATE=2021-09-14T00:00:00+00:00
AIRFLOW_CTX_TRY_NUMBER=1
AIRFLOW_CTX_DAG_RUN_ID=scheduled__2021-09-14T00:00:00+00:00
[2024-04-08T05:06:19.988+0000] {subprocess.py:63} INFO - Tmp dir root location: 
 /tmp
[2024-04-08T05:06:19.989+0000] {subprocess.py:75} INFO - Running command: ['/bin/bash', '-c', 'echo Hello world, this is the first task!']
[2024-04-08T05:06:20.000+0000] {subprocess.py:86} INFO - Output:
[2024-04-08T05:06:20.002+0000] {subprocess.py:93} INFO - Hello world, this is the first task!
[2024-04-08T05:06:20.003+0000] {subprocess.py:97} INFO - Command exited with return code 0
[2024-04-08T05:06:20.037+0000] {taskinstance.py:1323} INFO - Marking task as SUCCESS. dag_id=our_first_dag_v2, task_id=first_task, execution_date=20210914T000000, start_date=20240408T050619, end_date=20240408T050620
[2024-04-08T05:06:20.109+0000] {local_task_job.py:208} INFO - Task exited with return code 0
[2024-04-08T05:06:20.137+0000] {taskinstance.py:2578} INFO - 1 downstream tasks scheduled from follow-on schedule check
