[2024-04-08T04:48:16.480+0000] {taskinstance.py:1083} INFO - Dependencies all met for <TaskInstance: our_first_dag.first_task scheduled__2022-09-16T00:00:00+00:00 [queued]>
[2024-04-08T04:48:16.491+0000] {taskinstance.py:1083} INFO - Dependencies all met for <TaskInstance: our_first_dag.first_task scheduled__2022-09-16T00:00:00+00:00 [queued]>
[2024-04-08T04:48:16.492+0000] {taskinstance.py:1279} INFO - 
--------------------------------------------------------------------------------
[2024-04-08T04:48:16.492+0000] {taskinstance.py:1280} INFO - Starting attempt 1 of 6
[2024-04-08T04:48:16.493+0000] {taskinstance.py:1281} INFO - 
--------------------------------------------------------------------------------
[2024-04-08T04:48:16.512+0000] {taskinstance.py:1300} INFO - Executing <Task(BashOperator): first_task> on 2022-09-16 00:00:00+00:00
[2024-04-08T04:48:16.517+0000] {standard_task_runner.py:55} INFO - Started process 4479 to run task
[2024-04-08T04:48:16.519+0000] {standard_task_runner.py:82} INFO - Running: ['***', 'tasks', 'run', 'our_first_dag', 'first_task', 'scheduled__2022-09-16T00:00:00+00:00', '--job-id', '418', '--raw', '--subdir', 'DAGS_FOLDER/our_firest_dag.py', '--cfg-path', '/tmp/tmp08iq28yj']
[2024-04-08T04:48:16.520+0000] {standard_task_runner.py:83} INFO - Job 418: Subtask first_task
[2024-04-08T04:48:16.588+0000] {task_command.py:388} INFO - Running <TaskInstance: our_first_dag.first_task scheduled__2022-09-16T00:00:00+00:00 [running]> on host 3dc1147ef06e
[2024-04-08T04:48:16.681+0000] {taskinstance.py:1509} INFO - Exporting the following env vars:
AIRFLOW_CTX_DAG_OWNER=Jiseungmin
AIRFLOW_CTX_DAG_ID=our_first_dag
AIRFLOW_CTX_TASK_ID=first_task
AIRFLOW_CTX_EXECUTION_DATE=2022-09-16T00:00:00+00:00
AIRFLOW_CTX_TRY_NUMBER=1
AIRFLOW_CTX_DAG_RUN_ID=scheduled__2022-09-16T00:00:00+00:00
[2024-04-08T04:48:16.682+0000] {subprocess.py:63} INFO - Tmp dir root location: 
 /tmp
[2024-04-08T04:48:16.683+0000] {subprocess.py:75} INFO - Running command: ['/bin/bash', '-c', 'echo Hello world, this is the first task!']
[2024-04-08T04:48:16.695+0000] {subprocess.py:86} INFO - Output:
[2024-04-08T04:48:16.697+0000] {subprocess.py:93} INFO - Hello world, this is the first task!
[2024-04-08T04:48:16.697+0000] {subprocess.py:97} INFO - Command exited with return code 0
[2024-04-08T04:48:16.729+0000] {taskinstance.py:1323} INFO - Marking task as SUCCESS. dag_id=our_first_dag, task_id=first_task, execution_date=20220916T000000, start_date=20240408T044816, end_date=20240408T044816
[2024-04-08T04:48:16.812+0000] {local_task_job.py:208} INFO - Task exited with return code 0
[2024-04-08T04:48:16.836+0000] {taskinstance.py:2578} INFO - 0 downstream tasks scheduled from follow-on schedule check
