[2024-04-08T04:51:11.112+0000] {taskinstance.py:1083} INFO - Dependencies all met for <TaskInstance: our_first_dag.first_task scheduled__2023-11-15T00:00:00+00:00 [queued]>
[2024-04-08T04:51:11.124+0000] {taskinstance.py:1083} INFO - Dependencies all met for <TaskInstance: our_first_dag.first_task scheduled__2023-11-15T00:00:00+00:00 [queued]>
[2024-04-08T04:51:11.125+0000] {taskinstance.py:1279} INFO - 
--------------------------------------------------------------------------------
[2024-04-08T04:51:11.125+0000] {taskinstance.py:1280} INFO - Starting attempt 1 of 6
[2024-04-08T04:51:11.126+0000] {taskinstance.py:1281} INFO - 
--------------------------------------------------------------------------------
[2024-04-08T04:51:11.166+0000] {taskinstance.py:1300} INFO - Executing <Task(BashOperator): first_task> on 2023-11-15 00:00:00+00:00
[2024-04-08T04:51:11.171+0000] {standard_task_runner.py:55} INFO - Started process 6130 to run task
[2024-04-08T04:51:11.173+0000] {standard_task_runner.py:82} INFO - Running: ['***', 'tasks', 'run', 'our_first_dag', 'first_task', 'scheduled__2023-11-15T00:00:00+00:00', '--job-id', '843', '--raw', '--subdir', 'DAGS_FOLDER/our_firest_dag.py', '--cfg-path', '/tmp/tmpxfv9fu51']
[2024-04-08T04:51:11.175+0000] {standard_task_runner.py:83} INFO - Job 843: Subtask first_task
[2024-04-08T04:51:11.247+0000] {task_command.py:388} INFO - Running <TaskInstance: our_first_dag.first_task scheduled__2023-11-15T00:00:00+00:00 [running]> on host 3dc1147ef06e
[2024-04-08T04:51:11.341+0000] {taskinstance.py:1509} INFO - Exporting the following env vars:
AIRFLOW_CTX_DAG_OWNER=Jiseungmin
AIRFLOW_CTX_DAG_ID=our_first_dag
AIRFLOW_CTX_TASK_ID=first_task
AIRFLOW_CTX_EXECUTION_DATE=2023-11-15T00:00:00+00:00
AIRFLOW_CTX_TRY_NUMBER=1
AIRFLOW_CTX_DAG_RUN_ID=scheduled__2023-11-15T00:00:00+00:00
[2024-04-08T04:51:11.342+0000] {subprocess.py:63} INFO - Tmp dir root location: 
 /tmp
[2024-04-08T04:51:11.343+0000] {subprocess.py:75} INFO - Running command: ['/bin/bash', '-c', 'echo Hello world, this is the first task!']
[2024-04-08T04:51:11.353+0000] {subprocess.py:86} INFO - Output:
[2024-04-08T04:51:11.355+0000] {subprocess.py:93} INFO - Hello world, this is the first task!
[2024-04-08T04:51:11.355+0000] {subprocess.py:97} INFO - Command exited with return code 0
[2024-04-08T04:51:11.383+0000] {taskinstance.py:1323} INFO - Marking task as SUCCESS. dag_id=our_first_dag, task_id=first_task, execution_date=20231115T000000, start_date=20240408T045111, end_date=20240408T045111
[2024-04-08T04:51:11.427+0000] {local_task_job.py:208} INFO - Task exited with return code 0
[2024-04-08T04:51:11.449+0000] {taskinstance.py:2578} INFO - 0 downstream tasks scheduled from follow-on schedule check
