[2024-04-08T11:42:56.255+0000] {taskinstance.py:1083} INFO - Dependencies all met for <TaskInstance: dag_with_cron_expression_v01.task1 scheduled__2023-07-14T00:00:00+00:00 [queued]>
[2024-04-08T11:42:56.265+0000] {taskinstance.py:1083} INFO - Dependencies all met for <TaskInstance: dag_with_cron_expression_v01.task1 scheduled__2023-07-14T00:00:00+00:00 [queued]>
[2024-04-08T11:42:56.265+0000] {taskinstance.py:1279} INFO - 
--------------------------------------------------------------------------------
[2024-04-08T11:42:56.266+0000] {taskinstance.py:1280} INFO - Starting attempt 1 of 6
[2024-04-08T11:42:56.266+0000] {taskinstance.py:1281} INFO - 
--------------------------------------------------------------------------------
[2024-04-08T11:42:56.282+0000] {taskinstance.py:1300} INFO - Executing <Task(BashOperator): task1> on 2023-07-14 00:00:00+00:00
[2024-04-08T11:42:56.287+0000] {standard_task_runner.py:55} INFO - Started process 4979 to run task
[2024-04-08T11:42:56.289+0000] {standard_task_runner.py:82} INFO - Running: ['***', 'tasks', 'run', 'dag_with_cron_expression_v01', 'task1', 'scheduled__2023-07-14T00:00:00+00:00', '--job-id', '2157', '--raw', '--subdir', 'DAGS_FOLDER/dag_with_cron_expression.py', '--cfg-path', '/tmp/tmpd0m590if']
[2024-04-08T11:42:56.290+0000] {standard_task_runner.py:83} INFO - Job 2157: Subtask task1
[2024-04-08T11:42:56.356+0000] {task_command.py:388} INFO - Running <TaskInstance: dag_with_cron_expression_v01.task1 scheduled__2023-07-14T00:00:00+00:00 [running]> on host 3dc1147ef06e
[2024-04-08T11:42:56.428+0000] {taskinstance.py:1509} INFO - Exporting the following env vars:
AIRFLOW_CTX_DAG_OWNER=Jiseungmmin
AIRFLOW_CTX_DAG_ID=dag_with_cron_expression_v01
AIRFLOW_CTX_TASK_ID=task1
AIRFLOW_CTX_EXECUTION_DATE=2023-07-14T00:00:00+00:00
AIRFLOW_CTX_TRY_NUMBER=1
AIRFLOW_CTX_DAG_RUN_ID=scheduled__2023-07-14T00:00:00+00:00
[2024-04-08T11:42:56.429+0000] {subprocess.py:63} INFO - Tmp dir root location: 
 /tmp
[2024-04-08T11:42:56.430+0000] {subprocess.py:75} INFO - Running command: ['/bin/bash', '-c', 'echo dag with cron exproession']
[2024-04-08T11:42:56.440+0000] {subprocess.py:86} INFO - Output:
[2024-04-08T11:42:56.441+0000] {subprocess.py:93} INFO - dag with cron exproession
[2024-04-08T11:42:56.442+0000] {subprocess.py:97} INFO - Command exited with return code 0
[2024-04-08T11:42:56.467+0000] {taskinstance.py:1323} INFO - Marking task as SUCCESS. dag_id=dag_with_cron_expression_v01, task_id=task1, execution_date=20230714T000000, start_date=20240408T114256, end_date=20240408T114256
[2024-04-08T11:42:56.501+0000] {local_task_job.py:208} INFO - Task exited with return code 0
[2024-04-08T11:42:56.517+0000] {taskinstance.py:2578} INFO - 0 downstream tasks scheduled from follow-on schedule check
