[2024-04-08T05:07:49.601+0000] {taskinstance.py:1083} INFO - Dependencies all met for <TaskInstance: our_first_dag_v2.first_task scheduled__2022-03-31T00:00:00+00:00 [queued]>
[2024-04-08T05:07:49.624+0000] {taskinstance.py:1083} INFO - Dependencies all met for <TaskInstance: our_first_dag_v2.first_task scheduled__2022-03-31T00:00:00+00:00 [queued]>
[2024-04-08T05:07:49.625+0000] {taskinstance.py:1279} INFO - 
--------------------------------------------------------------------------------
[2024-04-08T05:07:49.626+0000] {taskinstance.py:1280} INFO - Starting attempt 1 of 6
[2024-04-08T05:07:49.626+0000] {taskinstance.py:1281} INFO - 
--------------------------------------------------------------------------------
[2024-04-08T05:07:49.670+0000] {taskinstance.py:1300} INFO - Executing <Task(BashOperator): first_task> on 2022-03-31 00:00:00+00:00
[2024-04-08T05:07:49.686+0000] {standard_task_runner.py:55} INFO - Started process 10196 to run task
[2024-04-08T05:07:49.692+0000] {standard_task_runner.py:82} INFO - Running: ['***', 'tasks', 'run', 'our_first_dag_v2', 'first_task', 'scheduled__2022-03-31T00:00:00+00:00', '--job-id', '1486', '--raw', '--subdir', 'DAGS_FOLDER/our_firest_dag.py', '--cfg-path', '/tmp/tmpti44e4t8']
[2024-04-08T05:07:49.697+0000] {standard_task_runner.py:83} INFO - Job 1486: Subtask first_task
[2024-04-08T05:07:49.847+0000] {task_command.py:388} INFO - Running <TaskInstance: our_first_dag_v2.first_task scheduled__2022-03-31T00:00:00+00:00 [running]> on host 3dc1147ef06e
[2024-04-08T05:07:50.011+0000] {taskinstance.py:1509} INFO - Exporting the following env vars:
AIRFLOW_CTX_DAG_OWNER=Jiseungmin
AIRFLOW_CTX_DAG_ID=our_first_dag_v2
AIRFLOW_CTX_TASK_ID=first_task
AIRFLOW_CTX_EXECUTION_DATE=2022-03-31T00:00:00+00:00
AIRFLOW_CTX_TRY_NUMBER=1
AIRFLOW_CTX_DAG_RUN_ID=scheduled__2022-03-31T00:00:00+00:00
[2024-04-08T05:07:50.012+0000] {subprocess.py:63} INFO - Tmp dir root location: 
 /tmp
[2024-04-08T05:07:50.014+0000] {subprocess.py:75} INFO - Running command: ['/bin/bash', '-c', 'echo Hello world, this is the first task!']
[2024-04-08T05:07:50.028+0000] {subprocess.py:86} INFO - Output:
[2024-04-08T05:07:50.030+0000] {subprocess.py:93} INFO - Hello world, this is the first task!
[2024-04-08T05:07:50.031+0000] {subprocess.py:97} INFO - Command exited with return code 0
[2024-04-08T05:07:50.067+0000] {taskinstance.py:1323} INFO - Marking task as SUCCESS. dag_id=our_first_dag_v2, task_id=first_task, execution_date=20220331T000000, start_date=20240408T050749, end_date=20240408T050750
[2024-04-08T05:07:50.115+0000] {local_task_job.py:208} INFO - Task exited with return code 0
[2024-04-08T05:07:50.152+0000] {taskinstance.py:2578} INFO - 2 downstream tasks scheduled from follow-on schedule check
