[2024-04-08T08:58:57.740+0000] {taskinstance.py:1083} INFO - Dependencies all met for <TaskInstance: dag_with_taskflow_api_v01.get_name manual__2024-04-08T08:58:56.879730+00:00 [queued]>
[2024-04-08T08:58:57.748+0000] {taskinstance.py:1083} INFO - Dependencies all met for <TaskInstance: dag_with_taskflow_api_v01.get_name manual__2024-04-08T08:58:56.879730+00:00 [queued]>
[2024-04-08T08:58:57.748+0000] {taskinstance.py:1279} INFO - 
--------------------------------------------------------------------------------
[2024-04-08T08:58:57.749+0000] {taskinstance.py:1280} INFO - Starting attempt 1 of 6
[2024-04-08T08:58:57.749+0000] {taskinstance.py:1281} INFO - 
--------------------------------------------------------------------------------
[2024-04-08T08:58:57.763+0000] {taskinstance.py:1300} INFO - Executing <Task(_PythonDecoratedOperator): get_name> on 2024-04-08 08:58:56.879730+00:00
[2024-04-08T08:58:57.768+0000] {standard_task_runner.py:55} INFO - Started process 10128 to run task
[2024-04-08T08:58:57.771+0000] {standard_task_runner.py:82} INFO - Running: ['***', 'tasks', 'run', 'dag_with_taskflow_api_v01', 'get_name', 'manual__2024-04-08T08:58:56.879730+00:00', '--job-id', '1526', '--raw', '--subdir', 'DAGS_FOLDER/dag_with_taskflow_api.py', '--cfg-path', '/tmp/tmpk291g7na']
[2024-04-08T08:58:57.772+0000] {standard_task_runner.py:83} INFO - Job 1526: Subtask get_name
[2024-04-08T08:58:57.825+0000] {task_command.py:388} INFO - Running <TaskInstance: dag_with_taskflow_api_v01.get_name manual__2024-04-08T08:58:56.879730+00:00 [running]> on host 3dc1147ef06e
[2024-04-08T08:58:57.891+0000] {taskinstance.py:1509} INFO - Exporting the following env vars:
AIRFLOW_CTX_DAG_OWNER=Jiseungmin
AIRFLOW_CTX_DAG_ID=dag_with_taskflow_api_v01
AIRFLOW_CTX_TASK_ID=get_name
AIRFLOW_CTX_EXECUTION_DATE=2024-04-08T08:58:56.879730+00:00
AIRFLOW_CTX_TRY_NUMBER=1
AIRFLOW_CTX_DAG_RUN_ID=manual__2024-04-08T08:58:56.879730+00:00
[2024-04-08T08:58:57.892+0000] {python.py:177} INFO - Done. Returned value was: Jerry
[2024-04-08T08:58:57.912+0000] {taskinstance.py:1323} INFO - Marking task as SUCCESS. dag_id=dag_with_taskflow_api_v01, task_id=get_name, execution_date=20240408T085856, start_date=20240408T085857, end_date=20240408T085857
[2024-04-08T08:58:57.942+0000] {local_task_job.py:208} INFO - Task exited with return code 0
[2024-04-08T08:58:57.962+0000] {taskinstance.py:2578} INFO - 1 downstream tasks scheduled from follow-on schedule check
