[2024-04-08T11:42:28.819+0000] {taskinstance.py:1083} INFO - Dependencies all met for <TaskInstance: dag_with_cron_expression_v01.task1 scheduled__2023-04-23T00:00:00+00:00 [queued]>
[2024-04-08T11:42:28.830+0000] {taskinstance.py:1083} INFO - Dependencies all met for <TaskInstance: dag_with_cron_expression_v01.task1 scheduled__2023-04-23T00:00:00+00:00 [queued]>
[2024-04-08T11:42:28.831+0000] {taskinstance.py:1279} INFO - 
--------------------------------------------------------------------------------
[2024-04-08T11:42:28.831+0000] {taskinstance.py:1280} INFO - Starting attempt 1 of 6
[2024-04-08T11:42:28.831+0000] {taskinstance.py:1281} INFO - 
--------------------------------------------------------------------------------
[2024-04-08T11:42:28.848+0000] {taskinstance.py:1300} INFO - Executing <Task(BashOperator): task1> on 2023-04-23 00:00:00+00:00
[2024-04-08T11:42:28.854+0000] {standard_task_runner.py:55} INFO - Started process 4641 to run task
[2024-04-08T11:42:28.857+0000] {standard_task_runner.py:82} INFO - Running: ['***', 'tasks', 'run', 'dag_with_cron_expression_v01', 'task1', 'scheduled__2023-04-23T00:00:00+00:00', '--job-id', '2075', '--raw', '--subdir', 'DAGS_FOLDER/dag_with_cron_expression.py', '--cfg-path', '/tmp/tmp6rkhuh8m']
[2024-04-08T11:42:28.859+0000] {standard_task_runner.py:83} INFO - Job 2075: Subtask task1
[2024-04-08T11:42:28.926+0000] {task_command.py:388} INFO - Running <TaskInstance: dag_with_cron_expression_v01.task1 scheduled__2023-04-23T00:00:00+00:00 [running]> on host 3dc1147ef06e
[2024-04-08T11:42:29.008+0000] {taskinstance.py:1509} INFO - Exporting the following env vars:
AIRFLOW_CTX_DAG_OWNER=Jiseungmmin
AIRFLOW_CTX_DAG_ID=dag_with_cron_expression_v01
AIRFLOW_CTX_TASK_ID=task1
AIRFLOW_CTX_EXECUTION_DATE=2023-04-23T00:00:00+00:00
AIRFLOW_CTX_TRY_NUMBER=1
AIRFLOW_CTX_DAG_RUN_ID=scheduled__2023-04-23T00:00:00+00:00
[2024-04-08T11:42:29.008+0000] {subprocess.py:63} INFO - Tmp dir root location: 
 /tmp
[2024-04-08T11:42:29.010+0000] {subprocess.py:75} INFO - Running command: ['/bin/bash', '-c', 'echo dag with cron exproession']
[2024-04-08T11:42:29.020+0000] {subprocess.py:86} INFO - Output:
[2024-04-08T11:42:29.021+0000] {subprocess.py:93} INFO - dag with cron exproession
[2024-04-08T11:42:29.022+0000] {subprocess.py:97} INFO - Command exited with return code 0
[2024-04-08T11:42:29.046+0000] {taskinstance.py:1323} INFO - Marking task as SUCCESS. dag_id=dag_with_cron_expression_v01, task_id=task1, execution_date=20230423T000000, start_date=20240408T114228, end_date=20240408T114229
[2024-04-08T11:42:29.069+0000] {local_task_job.py:208} INFO - Task exited with return code 0
[2024-04-08T11:42:29.088+0000] {taskinstance.py:2578} INFO - 0 downstream tasks scheduled from follow-on schedule check
