[2024-04-08T05:06:27.649+0000] {taskinstance.py:1083} INFO - Dependencies all met for <TaskInstance: our_first_dag_v2.first_task scheduled__2021-10-01T00:00:00+00:00 [queued]>
[2024-04-08T05:06:27.662+0000] {taskinstance.py:1083} INFO - Dependencies all met for <TaskInstance: our_first_dag_v2.first_task scheduled__2021-10-01T00:00:00+00:00 [queued]>
[2024-04-08T05:06:27.663+0000] {taskinstance.py:1279} INFO - 
--------------------------------------------------------------------------------
[2024-04-08T05:06:27.663+0000] {taskinstance.py:1280} INFO - Starting attempt 1 of 6
[2024-04-08T05:06:27.664+0000] {taskinstance.py:1281} INFO - 
--------------------------------------------------------------------------------
[2024-04-08T05:06:27.729+0000] {taskinstance.py:1300} INFO - Executing <Task(BashOperator): first_task> on 2021-10-01 00:00:00+00:00
[2024-04-08T05:06:27.734+0000] {standard_task_runner.py:55} INFO - Started process 8908 to run task
[2024-04-08T05:06:27.736+0000] {standard_task_runner.py:82} INFO - Running: ['***', 'tasks', 'run', 'our_first_dag_v2', 'first_task', 'scheduled__2021-10-01T00:00:00+00:00', '--job-id', '1111', '--raw', '--subdir', 'DAGS_FOLDER/our_firest_dag.py', '--cfg-path', '/tmp/tmph58vcbwt']
[2024-04-08T05:06:27.738+0000] {standard_task_runner.py:83} INFO - Job 1111: Subtask first_task
[2024-04-08T05:06:27.812+0000] {task_command.py:388} INFO - Running <TaskInstance: our_first_dag_v2.first_task scheduled__2021-10-01T00:00:00+00:00 [running]> on host 3dc1147ef06e
[2024-04-08T05:06:27.893+0000] {taskinstance.py:1509} INFO - Exporting the following env vars:
AIRFLOW_CTX_DAG_OWNER=Jiseungmin
AIRFLOW_CTX_DAG_ID=our_first_dag_v2
AIRFLOW_CTX_TASK_ID=first_task
AIRFLOW_CTX_EXECUTION_DATE=2021-10-01T00:00:00+00:00
AIRFLOW_CTX_TRY_NUMBER=1
AIRFLOW_CTX_DAG_RUN_ID=scheduled__2021-10-01T00:00:00+00:00
[2024-04-08T05:06:27.894+0000] {subprocess.py:63} INFO - Tmp dir root location: 
 /tmp
[2024-04-08T05:06:27.895+0000] {subprocess.py:75} INFO - Running command: ['/bin/bash', '-c', 'echo Hello world, this is the first task!']
[2024-04-08T05:06:27.904+0000] {subprocess.py:86} INFO - Output:
[2024-04-08T05:06:27.905+0000] {subprocess.py:93} INFO - Hello world, this is the first task!
[2024-04-08T05:06:27.906+0000] {subprocess.py:97} INFO - Command exited with return code 0
[2024-04-08T05:06:27.937+0000] {taskinstance.py:1323} INFO - Marking task as SUCCESS. dag_id=our_first_dag_v2, task_id=first_task, execution_date=20211001T000000, start_date=20240408T050627, end_date=20240408T050627
[2024-04-08T05:06:27.989+0000] {local_task_job.py:208} INFO - Task exited with return code 0
[2024-04-08T05:06:28.049+0000] {taskinstance.py:2578} INFO - 0 downstream tasks scheduled from follow-on schedule check
