[2024-04-08T11:43:44.856+0000] {taskinstance.py:1083} INFO - Dependencies all met for <TaskInstance: dag_with_cron_expression_v01.task1 scheduled__2023-11-15T00:00:00+00:00 [queued]>
[2024-04-08T11:43:44.866+0000] {taskinstance.py:1083} INFO - Dependencies all met for <TaskInstance: dag_with_cron_expression_v01.task1 scheduled__2023-11-15T00:00:00+00:00 [queued]>
[2024-04-08T11:43:44.866+0000] {taskinstance.py:1279} INFO - 
--------------------------------------------------------------------------------
[2024-04-08T11:43:44.866+0000] {taskinstance.py:1280} INFO - Starting attempt 1 of 6
[2024-04-08T11:43:44.867+0000] {taskinstance.py:1281} INFO - 
--------------------------------------------------------------------------------
[2024-04-08T11:43:44.886+0000] {taskinstance.py:1300} INFO - Executing <Task(BashOperator): task1> on 2023-11-15 00:00:00+00:00
[2024-04-08T11:43:44.891+0000] {standard_task_runner.py:55} INFO - Started process 5488 to run task
[2024-04-08T11:43:44.894+0000] {standard_task_runner.py:82} INFO - Running: ['***', 'tasks', 'run', 'dag_with_cron_expression_v01', 'task1', 'scheduled__2023-11-15T00:00:00+00:00', '--job-id', '2281', '--raw', '--subdir', 'DAGS_FOLDER/dag_with_cron_expression.py', '--cfg-path', '/tmp/tmpb832dfl5']
[2024-04-08T11:43:44.895+0000] {standard_task_runner.py:83} INFO - Job 2281: Subtask task1
[2024-04-08T11:43:44.953+0000] {task_command.py:388} INFO - Running <TaskInstance: dag_with_cron_expression_v01.task1 scheduled__2023-11-15T00:00:00+00:00 [running]> on host 3dc1147ef06e
[2024-04-08T11:43:45.036+0000] {taskinstance.py:1509} INFO - Exporting the following env vars:
AIRFLOW_CTX_DAG_OWNER=Jiseungmmin
AIRFLOW_CTX_DAG_ID=dag_with_cron_expression_v01
AIRFLOW_CTX_TASK_ID=task1
AIRFLOW_CTX_EXECUTION_DATE=2023-11-15T00:00:00+00:00
AIRFLOW_CTX_TRY_NUMBER=1
AIRFLOW_CTX_DAG_RUN_ID=scheduled__2023-11-15T00:00:00+00:00
[2024-04-08T11:43:45.037+0000] {subprocess.py:63} INFO - Tmp dir root location: 
 /tmp
[2024-04-08T11:43:45.039+0000] {subprocess.py:75} INFO - Running command: ['/bin/bash', '-c', 'echo dag with cron exproession']
[2024-04-08T11:43:45.047+0000] {subprocess.py:86} INFO - Output:
[2024-04-08T11:43:45.049+0000] {subprocess.py:93} INFO - dag with cron exproession
[2024-04-08T11:43:45.050+0000] {subprocess.py:97} INFO - Command exited with return code 0
[2024-04-08T11:43:45.079+0000] {taskinstance.py:1323} INFO - Marking task as SUCCESS. dag_id=dag_with_cron_expression_v01, task_id=task1, execution_date=20231115T000000, start_date=20240408T114344, end_date=20240408T114345
[2024-04-08T11:43:45.146+0000] {local_task_job.py:208} INFO - Task exited with return code 0
[2024-04-08T11:43:45.166+0000] {taskinstance.py:2578} INFO - 0 downstream tasks scheduled from follow-on schedule check
