[2024-04-08T09:06:37.996+0000] {taskinstance.py:1083} INFO - Dependencies all met for <TaskInstance: dag_with_taskflow_api_v02.greet manual__2024-04-08T09:06:36.034671+00:00 [queued]>
[2024-04-08T09:06:38.005+0000] {taskinstance.py:1083} INFO - Dependencies all met for <TaskInstance: dag_with_taskflow_api_v02.greet manual__2024-04-08T09:06:36.034671+00:00 [queued]>
[2024-04-08T09:06:38.006+0000] {taskinstance.py:1279} INFO - 
--------------------------------------------------------------------------------
[2024-04-08T09:06:38.006+0000] {taskinstance.py:1280} INFO - Starting attempt 1 of 6
[2024-04-08T09:06:38.006+0000] {taskinstance.py:1281} INFO - 
--------------------------------------------------------------------------------
[2024-04-08T09:06:38.019+0000] {taskinstance.py:1300} INFO - Executing <Task(_PythonDecoratedOperator): greet> on 2024-04-08 09:06:36.034671+00:00
[2024-04-08T09:06:38.023+0000] {standard_task_runner.py:55} INFO - Started process 11292 to run task
[2024-04-08T09:06:38.025+0000] {standard_task_runner.py:82} INFO - Running: ['***', 'tasks', 'run', 'dag_with_taskflow_api_v02', 'greet', 'manual__2024-04-08T09:06:36.034671+00:00', '--job-id', '1534', '--raw', '--subdir', 'DAGS_FOLDER/dag_with_taskflow_api.py', '--cfg-path', '/tmp/tmps6ic7ewi']
[2024-04-08T09:06:38.026+0000] {standard_task_runner.py:83} INFO - Job 1534: Subtask greet
[2024-04-08T09:06:38.079+0000] {task_command.py:388} INFO - Running <TaskInstance: dag_with_taskflow_api_v02.greet manual__2024-04-08T09:06:36.034671+00:00 [running]> on host 3dc1147ef06e
[2024-04-08T09:06:38.157+0000] {taskinstance.py:1509} INFO - Exporting the following env vars:
AIRFLOW_CTX_DAG_OWNER=Jiseungmin
AIRFLOW_CTX_DAG_ID=dag_with_taskflow_api_v02
AIRFLOW_CTX_TASK_ID=greet
AIRFLOW_CTX_EXECUTION_DATE=2024-04-08T09:06:36.034671+00:00
AIRFLOW_CTX_TRY_NUMBER=1
AIRFLOW_CTX_DAG_RUN_ID=manual__2024-04-08T09:06:36.034671+00:00
[2024-04-08T09:06:38.158+0000] {logging_mixin.py:137} INFO - Hello World! My name is Jerry Fridman and I am 19 years old!
[2024-04-08T09:06:38.158+0000] {python.py:177} INFO - Done. Returned value was: None
[2024-04-08T09:06:38.165+0000] {taskinstance.py:1323} INFO - Marking task as SUCCESS. dag_id=dag_with_taskflow_api_v02, task_id=greet, execution_date=20240408T090636, start_date=20240408T090637, end_date=20240408T090638
[2024-04-08T09:06:38.197+0000] {local_task_job.py:208} INFO - Task exited with return code 0
[2024-04-08T09:06:38.217+0000] {taskinstance.py:2578} INFO - 0 downstream tasks scheduled from follow-on schedule check
