[2024-04-08T04:46:10.886+0000] {taskinstance.py:1083} INFO - Dependencies all met for <TaskInstance: our_first_dag.first_task scheduled__2021-10-29T00:00:00+00:00 [queued]>
[2024-04-08T04:46:10.896+0000] {taskinstance.py:1083} INFO - Dependencies all met for <TaskInstance: our_first_dag.first_task scheduled__2021-10-29T00:00:00+00:00 [queued]>
[2024-04-08T04:46:10.896+0000] {taskinstance.py:1279} INFO - 
--------------------------------------------------------------------------------
[2024-04-08T04:46:10.897+0000] {taskinstance.py:1280} INFO - Starting attempt 1 of 6
[2024-04-08T04:46:10.897+0000] {taskinstance.py:1281} INFO - 
--------------------------------------------------------------------------------
[2024-04-08T04:46:10.913+0000] {taskinstance.py:1300} INFO - Executing <Task(BashOperator): first_task> on 2021-10-29 00:00:00+00:00
[2024-04-08T04:46:10.917+0000] {standard_task_runner.py:55} INFO - Started process 3246 to run task
[2024-04-08T04:46:10.919+0000] {standard_task_runner.py:82} INFO - Running: ['***', 'tasks', 'run', 'our_first_dag', 'first_task', 'scheduled__2021-10-29T00:00:00+00:00', '--job-id', '94', '--raw', '--subdir', 'DAGS_FOLDER/our_firest_dag.py', '--cfg-path', '/tmp/tmpo0g5i9z6']
[2024-04-08T04:46:10.920+0000] {standard_task_runner.py:83} INFO - Job 94: Subtask first_task
[2024-04-08T04:46:10.981+0000] {task_command.py:388} INFO - Running <TaskInstance: our_first_dag.first_task scheduled__2021-10-29T00:00:00+00:00 [running]> on host 3dc1147ef06e
[2024-04-08T04:46:11.056+0000] {taskinstance.py:1509} INFO - Exporting the following env vars:
AIRFLOW_CTX_DAG_OWNER=Jiseungmin
AIRFLOW_CTX_DAG_ID=our_first_dag
AIRFLOW_CTX_TASK_ID=first_task
AIRFLOW_CTX_EXECUTION_DATE=2021-10-29T00:00:00+00:00
AIRFLOW_CTX_TRY_NUMBER=1
AIRFLOW_CTX_DAG_RUN_ID=scheduled__2021-10-29T00:00:00+00:00
[2024-04-08T04:46:11.057+0000] {subprocess.py:63} INFO - Tmp dir root location: 
 /tmp
[2024-04-08T04:46:11.058+0000] {subprocess.py:75} INFO - Running command: ['/bin/bash', '-c', 'echo Hello world, this is the first task!']
[2024-04-08T04:46:11.067+0000] {subprocess.py:86} INFO - Output:
[2024-04-08T04:46:11.068+0000] {subprocess.py:93} INFO - Hello world, this is the first task!
[2024-04-08T04:46:11.068+0000] {subprocess.py:97} INFO - Command exited with return code 0
[2024-04-08T04:46:11.092+0000] {taskinstance.py:1323} INFO - Marking task as SUCCESS. dag_id=our_first_dag, task_id=first_task, execution_date=20211029T000000, start_date=20240408T044610, end_date=20240408T044611
[2024-04-08T04:46:11.131+0000] {local_task_job.py:208} INFO - Task exited with return code 0
[2024-04-08T04:46:11.146+0000] {taskinstance.py:2578} INFO - 0 downstream tasks scheduled from follow-on schedule check
