[2024-04-08T04:51:55.820+0000] {taskinstance.py:1083} INFO - Dependencies all met for <TaskInstance: our_first_dag.first_task scheduled__2024-03-18T00:00:00+00:00 [queued]>
[2024-04-08T04:51:55.831+0000] {taskinstance.py:1083} INFO - Dependencies all met for <TaskInstance: our_first_dag.first_task scheduled__2024-03-18T00:00:00+00:00 [queued]>
[2024-04-08T04:51:55.832+0000] {taskinstance.py:1279} INFO - 
--------------------------------------------------------------------------------
[2024-04-08T04:51:55.833+0000] {taskinstance.py:1280} INFO - Starting attempt 1 of 6
[2024-04-08T04:51:55.834+0000] {taskinstance.py:1281} INFO - 
--------------------------------------------------------------------------------
[2024-04-08T04:51:55.851+0000] {taskinstance.py:1300} INFO - Executing <Task(BashOperator): first_task> on 2024-03-18 00:00:00+00:00
[2024-04-08T04:51:55.856+0000] {standard_task_runner.py:55} INFO - Started process 6599 to run task
[2024-04-08T04:51:55.858+0000] {standard_task_runner.py:82} INFO - Running: ['***', 'tasks', 'run', 'our_first_dag', 'first_task', 'scheduled__2024-03-18T00:00:00+00:00', '--job-id', '967', '--raw', '--subdir', 'DAGS_FOLDER/our_firest_dag.py', '--cfg-path', '/tmp/tmp2a2i7loo']
[2024-04-08T04:51:55.859+0000] {standard_task_runner.py:83} INFO - Job 967: Subtask first_task
[2024-04-08T04:51:55.928+0000] {task_command.py:388} INFO - Running <TaskInstance: our_first_dag.first_task scheduled__2024-03-18T00:00:00+00:00 [running]> on host 3dc1147ef06e
[2024-04-08T04:51:56.015+0000] {taskinstance.py:1509} INFO - Exporting the following env vars:
AIRFLOW_CTX_DAG_OWNER=Jiseungmin
AIRFLOW_CTX_DAG_ID=our_first_dag
AIRFLOW_CTX_TASK_ID=first_task
AIRFLOW_CTX_EXECUTION_DATE=2024-03-18T00:00:00+00:00
AIRFLOW_CTX_TRY_NUMBER=1
AIRFLOW_CTX_DAG_RUN_ID=scheduled__2024-03-18T00:00:00+00:00
[2024-04-08T04:51:56.016+0000] {subprocess.py:63} INFO - Tmp dir root location: 
 /tmp
[2024-04-08T04:51:56.017+0000] {subprocess.py:75} INFO - Running command: ['/bin/bash', '-c', 'echo Hello world, this is the first task!']
[2024-04-08T04:51:56.027+0000] {subprocess.py:86} INFO - Output:
[2024-04-08T04:51:56.029+0000] {subprocess.py:93} INFO - Hello world, this is the first task!
[2024-04-08T04:51:56.029+0000] {subprocess.py:97} INFO - Command exited with return code 0
[2024-04-08T04:51:56.056+0000] {taskinstance.py:1323} INFO - Marking task as SUCCESS. dag_id=our_first_dag, task_id=first_task, execution_date=20240318T000000, start_date=20240408T045155, end_date=20240408T045156
[2024-04-08T04:51:56.111+0000] {local_task_job.py:208} INFO - Task exited with return code 0
[2024-04-08T04:51:56.131+0000] {taskinstance.py:2578} INFO - 0 downstream tasks scheduled from follow-on schedule check
