[2024-04-09T00:00:01.401+0000] {taskinstance.py:1083} INFO - Dependencies all met for <TaskInstance: our_dag_with_python_operator_v06.get_age scheduled__2024-04-08T00:00:00+00:00 [queued]>
[2024-04-09T00:00:01.412+0000] {taskinstance.py:1083} INFO - Dependencies all met for <TaskInstance: our_dag_with_python_operator_v06.get_age scheduled__2024-04-08T00:00:00+00:00 [queued]>
[2024-04-09T00:00:01.412+0000] {taskinstance.py:1279} INFO - 
--------------------------------------------------------------------------------
[2024-04-09T00:00:01.413+0000] {taskinstance.py:1280} INFO - Starting attempt 1 of 6
[2024-04-09T00:00:01.413+0000] {taskinstance.py:1281} INFO - 
--------------------------------------------------------------------------------
[2024-04-09T00:00:01.431+0000] {taskinstance.py:1300} INFO - Executing <Task(PythonOperator): get_age> on 2024-04-08 00:00:00+00:00
[2024-04-09T00:00:01.437+0000] {standard_task_runner.py:55} INFO - Started process 453 to run task
[2024-04-09T00:00:01.440+0000] {standard_task_runner.py:82} INFO - Running: ['***', 'tasks', 'run', 'our_dag_with_python_operator_v06', 'get_age', 'scheduled__2024-04-08T00:00:00+00:00', '--job-id', '2430', '--raw', '--subdir', 'DAGS_FOLDER/create_dag_with_python_operator.py', '--cfg-path', '/tmp/tmp2xmop1u6']
[2024-04-09T00:00:01.442+0000] {standard_task_runner.py:83} INFO - Job 2430: Subtask get_age
[2024-04-09T00:00:01.501+0000] {task_command.py:388} INFO - Running <TaskInstance: our_dag_with_python_operator_v06.get_age scheduled__2024-04-08T00:00:00+00:00 [running]> on host 3dc1147ef06e
[2024-04-09T00:00:01.580+0000] {taskinstance.py:1509} INFO - Exporting the following env vars:
AIRFLOW_CTX_DAG_OWNER=jiseungmin
AIRFLOW_CTX_DAG_ID=our_dag_with_python_operator_v06
AIRFLOW_CTX_TASK_ID=get_age
AIRFLOW_CTX_EXECUTION_DATE=2024-04-08T00:00:00+00:00
AIRFLOW_CTX_TRY_NUMBER=1
AIRFLOW_CTX_DAG_RUN_ID=scheduled__2024-04-08T00:00:00+00:00
[2024-04-09T00:00:01.595+0000] {python.py:177} INFO - Done. Returned value was: None
[2024-04-09T00:00:01.605+0000] {taskinstance.py:1323} INFO - Marking task as SUCCESS. dag_id=our_dag_with_python_operator_v06, task_id=get_age, execution_date=20240408T000000, start_date=20240409T000001, end_date=20240409T000001
[2024-04-09T00:00:01.652+0000] {local_task_job.py:208} INFO - Task exited with return code 0
[2024-04-09T00:00:01.685+0000] {taskinstance.py:2578} INFO - 0 downstream tasks scheduled from follow-on schedule check
