[2024-04-08T05:07:45.596+0000] {taskinstance.py:1083} INFO - Dependencies all met for <TaskInstance: our_first_dag_v2.third_task scheduled__2022-03-17T00:00:00+00:00 [queued]>
[2024-04-08T05:07:45.617+0000] {taskinstance.py:1083} INFO - Dependencies all met for <TaskInstance: our_first_dag_v2.third_task scheduled__2022-03-17T00:00:00+00:00 [queued]>
[2024-04-08T05:07:45.619+0000] {taskinstance.py:1279} INFO - 
--------------------------------------------------------------------------------
[2024-04-08T05:07:45.621+0000] {taskinstance.py:1280} INFO - Starting attempt 1 of 6
[2024-04-08T05:07:45.621+0000] {taskinstance.py:1281} INFO - 
--------------------------------------------------------------------------------
[2024-04-08T05:07:45.681+0000] {taskinstance.py:1300} INFO - Executing <Task(BashOperator): third_task> on 2022-03-17 00:00:00+00:00
[2024-04-08T05:07:45.691+0000] {standard_task_runner.py:55} INFO - Started process 10118 to run task
[2024-04-08T05:07:45.693+0000] {standard_task_runner.py:82} INFO - Running: ['***', 'tasks', 'run', 'our_first_dag_v2', 'third_task', 'scheduled__2022-03-17T00:00:00+00:00', '--job-id', '1459', '--raw', '--subdir', 'DAGS_FOLDER/our_firest_dag.py', '--cfg-path', '/tmp/tmp8ht5cysu']
[2024-04-08T05:07:45.695+0000] {standard_task_runner.py:83} INFO - Job 1459: Subtask third_task
[2024-04-08T05:07:45.814+0000] {task_command.py:388} INFO - Running <TaskInstance: our_first_dag_v2.third_task scheduled__2022-03-17T00:00:00+00:00 [running]> on host 3dc1147ef06e
[2024-04-08T05:07:45.937+0000] {taskinstance.py:1509} INFO - Exporting the following env vars:
AIRFLOW_CTX_DAG_OWNER=Jiseungmin
AIRFLOW_CTX_DAG_ID=our_first_dag_v2
AIRFLOW_CTX_TASK_ID=third_task
AIRFLOW_CTX_EXECUTION_DATE=2022-03-17T00:00:00+00:00
AIRFLOW_CTX_TRY_NUMBER=1
AIRFLOW_CTX_DAG_RUN_ID=scheduled__2022-03-17T00:00:00+00:00
[2024-04-08T05:07:45.939+0000] {subprocess.py:63} INFO - Tmp dir root location: 
 /tmp
[2024-04-08T05:07:45.941+0000] {subprocess.py:75} INFO - Running command: ['/bin/bash', '-c', 'echo Hello i am task3 ']
[2024-04-08T05:07:45.956+0000] {subprocess.py:86} INFO - Output:
[2024-04-08T05:07:45.958+0000] {subprocess.py:93} INFO - Hello i am task3
[2024-04-08T05:07:45.959+0000] {subprocess.py:97} INFO - Command exited with return code 0
[2024-04-08T05:07:45.998+0000] {taskinstance.py:1323} INFO - Marking task as SUCCESS. dag_id=our_first_dag_v2, task_id=third_task, execution_date=20220317T000000, start_date=20240408T050745, end_date=20240408T050745
[2024-04-08T05:07:46.031+0000] {local_task_job.py:208} INFO - Task exited with return code 0
[2024-04-08T05:07:46.056+0000] {taskinstance.py:2578} INFO - 0 downstream tasks scheduled from follow-on schedule check
