[2024-04-08T11:43:57.233+0000] {taskinstance.py:1083} INFO - Dependencies all met for <TaskInstance: dag_with_cron_expression_v01.task1 scheduled__2023-12-22T00:00:00+00:00 [queued]>
[2024-04-08T11:43:57.244+0000] {taskinstance.py:1083} INFO - Dependencies all met for <TaskInstance: dag_with_cron_expression_v01.task1 scheduled__2023-12-22T00:00:00+00:00 [queued]>
[2024-04-08T11:43:57.245+0000] {taskinstance.py:1279} INFO - 
--------------------------------------------------------------------------------
[2024-04-08T11:43:57.246+0000] {taskinstance.py:1280} INFO - Starting attempt 1 of 6
[2024-04-08T11:43:57.246+0000] {taskinstance.py:1281} INFO - 
--------------------------------------------------------------------------------
[2024-04-08T11:43:57.263+0000] {taskinstance.py:1300} INFO - Executing <Task(BashOperator): task1> on 2023-12-22 00:00:00+00:00
[2024-04-08T11:43:57.268+0000] {standard_task_runner.py:55} INFO - Started process 5632 to run task
[2024-04-08T11:43:57.270+0000] {standard_task_runner.py:82} INFO - Running: ['***', 'tasks', 'run', 'dag_with_cron_expression_v01', 'task1', 'scheduled__2023-12-22T00:00:00+00:00', '--job-id', '2318', '--raw', '--subdir', 'DAGS_FOLDER/dag_with_cron_expression.py', '--cfg-path', '/tmp/tmpx6l9pho6']
[2024-04-08T11:43:57.271+0000] {standard_task_runner.py:83} INFO - Job 2318: Subtask task1
[2024-04-08T11:43:57.334+0000] {task_command.py:388} INFO - Running <TaskInstance: dag_with_cron_expression_v01.task1 scheduled__2023-12-22T00:00:00+00:00 [running]> on host 3dc1147ef06e
[2024-04-08T11:43:57.413+0000] {taskinstance.py:1509} INFO - Exporting the following env vars:
AIRFLOW_CTX_DAG_OWNER=Jiseungmmin
AIRFLOW_CTX_DAG_ID=dag_with_cron_expression_v01
AIRFLOW_CTX_TASK_ID=task1
AIRFLOW_CTX_EXECUTION_DATE=2023-12-22T00:00:00+00:00
AIRFLOW_CTX_TRY_NUMBER=1
AIRFLOW_CTX_DAG_RUN_ID=scheduled__2023-12-22T00:00:00+00:00
[2024-04-08T11:43:57.414+0000] {subprocess.py:63} INFO - Tmp dir root location: 
 /tmp
[2024-04-08T11:43:57.415+0000] {subprocess.py:75} INFO - Running command: ['/bin/bash', '-c', 'echo dag with cron exproession']
[2024-04-08T11:43:57.425+0000] {subprocess.py:86} INFO - Output:
[2024-04-08T11:43:57.426+0000] {subprocess.py:93} INFO - dag with cron exproession
[2024-04-08T11:43:57.427+0000] {subprocess.py:97} INFO - Command exited with return code 0
[2024-04-08T11:43:57.453+0000] {taskinstance.py:1323} INFO - Marking task as SUCCESS. dag_id=dag_with_cron_expression_v01, task_id=task1, execution_date=20231222T000000, start_date=20240408T114357, end_date=20240408T114357
[2024-04-08T11:43:57.482+0000] {local_task_job.py:208} INFO - Task exited with return code 0
[2024-04-08T11:43:57.497+0000] {taskinstance.py:2578} INFO - 0 downstream tasks scheduled from follow-on schedule check
