[2024-04-08T04:47:19.585+0000] {taskinstance.py:1083} INFO - Dependencies all met for <TaskInstance: our_first_dag.first_task scheduled__2022-05-05T00:00:00+00:00 [queued]>
[2024-04-08T04:47:19.595+0000] {taskinstance.py:1083} INFO - Dependencies all met for <TaskInstance: our_first_dag.first_task scheduled__2022-05-05T00:00:00+00:00 [queued]>
[2024-04-08T04:47:19.595+0000] {taskinstance.py:1279} INFO - 
--------------------------------------------------------------------------------
[2024-04-08T04:47:19.596+0000] {taskinstance.py:1280} INFO - Starting attempt 1 of 6
[2024-04-08T04:47:19.597+0000] {taskinstance.py:1281} INFO - 
--------------------------------------------------------------------------------
[2024-04-08T04:47:19.613+0000] {taskinstance.py:1300} INFO - Executing <Task(BashOperator): first_task> on 2022-05-05 00:00:00+00:00
[2024-04-08T04:47:19.617+0000] {standard_task_runner.py:55} INFO - Started process 3975 to run task
[2024-04-08T04:47:19.619+0000] {standard_task_runner.py:82} INFO - Running: ['***', 'tasks', 'run', 'our_first_dag', 'first_task', 'scheduled__2022-05-05T00:00:00+00:00', '--job-id', '284', '--raw', '--subdir', 'DAGS_FOLDER/our_firest_dag.py', '--cfg-path', '/tmp/tmpipef6fk8']
[2024-04-08T04:47:19.620+0000] {standard_task_runner.py:83} INFO - Job 284: Subtask first_task
[2024-04-08T04:47:19.678+0000] {task_command.py:388} INFO - Running <TaskInstance: our_first_dag.first_task scheduled__2022-05-05T00:00:00+00:00 [running]> on host 3dc1147ef06e
[2024-04-08T04:47:19.745+0000] {taskinstance.py:1509} INFO - Exporting the following env vars:
AIRFLOW_CTX_DAG_OWNER=Jiseungmin
AIRFLOW_CTX_DAG_ID=our_first_dag
AIRFLOW_CTX_TASK_ID=first_task
AIRFLOW_CTX_EXECUTION_DATE=2022-05-05T00:00:00+00:00
AIRFLOW_CTX_TRY_NUMBER=1
AIRFLOW_CTX_DAG_RUN_ID=scheduled__2022-05-05T00:00:00+00:00
[2024-04-08T04:47:19.746+0000] {subprocess.py:63} INFO - Tmp dir root location: 
 /tmp
[2024-04-08T04:47:19.746+0000] {subprocess.py:75} INFO - Running command: ['/bin/bash', '-c', 'echo Hello world, this is the first task!']
[2024-04-08T04:47:19.755+0000] {subprocess.py:86} INFO - Output:
[2024-04-08T04:47:19.756+0000] {subprocess.py:93} INFO - Hello world, this is the first task!
[2024-04-08T04:47:19.756+0000] {subprocess.py:97} INFO - Command exited with return code 0
[2024-04-08T04:47:19.778+0000] {taskinstance.py:1323} INFO - Marking task as SUCCESS. dag_id=our_first_dag, task_id=first_task, execution_date=20220505T000000, start_date=20240408T044719, end_date=20240408T044719
[2024-04-08T04:47:19.831+0000] {local_task_job.py:208} INFO - Task exited with return code 0
[2024-04-08T04:47:19.848+0000] {taskinstance.py:2578} INFO - 0 downstream tasks scheduled from follow-on schedule check
