[2024-04-08T08:39:18.869+0000] {taskinstance.py:1083} INFO - Dependencies all met for <TaskInstance: our_dag_with_python_operator_v05.get_name manual__2024-04-08T08:39:18.226900+00:00 [queued]>
[2024-04-08T08:39:18.876+0000] {taskinstance.py:1083} INFO - Dependencies all met for <TaskInstance: our_dag_with_python_operator_v05.get_name manual__2024-04-08T08:39:18.226900+00:00 [queued]>
[2024-04-08T08:39:18.877+0000] {taskinstance.py:1279} INFO - 
--------------------------------------------------------------------------------
[2024-04-08T08:39:18.877+0000] {taskinstance.py:1280} INFO - Starting attempt 1 of 6
[2024-04-08T08:39:18.877+0000] {taskinstance.py:1281} INFO - 
--------------------------------------------------------------------------------
[2024-04-08T08:39:18.890+0000] {taskinstance.py:1300} INFO - Executing <Task(PythonOperator): get_name> on 2024-04-08 08:39:18.226900+00:00
[2024-04-08T08:39:18.894+0000] {standard_task_runner.py:55} INFO - Started process 7308 to run task
[2024-04-08T08:39:18.896+0000] {standard_task_runner.py:82} INFO - Running: ['***', 'tasks', 'run', 'our_dag_with_python_operator_v05', 'get_name', 'manual__2024-04-08T08:39:18.226900+00:00', '--job-id', '1517', '--raw', '--subdir', 'DAGS_FOLDER/create_dag_with_python_operator.py', '--cfg-path', '/tmp/tmpivv2_fbh']
[2024-04-08T08:39:18.898+0000] {standard_task_runner.py:83} INFO - Job 1517: Subtask get_name
[2024-04-08T08:39:18.946+0000] {task_command.py:388} INFO - Running <TaskInstance: our_dag_with_python_operator_v05.get_name manual__2024-04-08T08:39:18.226900+00:00 [running]> on host 3dc1147ef06e
[2024-04-08T08:39:19.006+0000] {taskinstance.py:1509} INFO - Exporting the following env vars:
AIRFLOW_CTX_DAG_OWNER=jiseungmin
AIRFLOW_CTX_DAG_ID=our_dag_with_python_operator_v05
AIRFLOW_CTX_TASK_ID=get_name
AIRFLOW_CTX_EXECUTION_DATE=2024-04-08T08:39:18.226900+00:00
AIRFLOW_CTX_TRY_NUMBER=1
AIRFLOW_CTX_DAG_RUN_ID=manual__2024-04-08T08:39:18.226900+00:00
[2024-04-08T08:39:19.028+0000] {python.py:177} INFO - Done. Returned value was: Jerry
[2024-04-08T08:39:19.046+0000] {taskinstance.py:1323} INFO - Marking task as SUCCESS. dag_id=our_dag_with_python_operator_v05, task_id=get_name, execution_date=20240408T083918, start_date=20240408T083918, end_date=20240408T083919
[2024-04-08T08:39:19.069+0000] {local_task_job.py:208} INFO - Task exited with return code 0
[2024-04-08T08:39:19.087+0000] {taskinstance.py:2578} INFO - 1 downstream tasks scheduled from follow-on schedule check
