[2024-04-08T05:06:42.714+0000] {taskinstance.py:1083} INFO - Dependencies all met for <TaskInstance: our_first_dag_v2.first_task scheduled__2021-11-02T00:00:00+00:00 [queued]>
[2024-04-08T05:06:42.726+0000] {taskinstance.py:1083} INFO - Dependencies all met for <TaskInstance: our_first_dag_v2.first_task scheduled__2021-11-02T00:00:00+00:00 [queued]>
[2024-04-08T05:06:42.727+0000] {taskinstance.py:1279} INFO - 
--------------------------------------------------------------------------------
[2024-04-08T05:06:42.728+0000] {taskinstance.py:1280} INFO - Starting attempt 1 of 6
[2024-04-08T05:06:42.728+0000] {taskinstance.py:1281} INFO - 
--------------------------------------------------------------------------------
[2024-04-08T05:06:42.778+0000] {taskinstance.py:1300} INFO - Executing <Task(BashOperator): first_task> on 2021-11-02 00:00:00+00:00
[2024-04-08T05:06:42.782+0000] {standard_task_runner.py:55} INFO - Started process 9132 to run task
[2024-04-08T05:06:42.785+0000] {standard_task_runner.py:82} INFO - Running: ['***', 'tasks', 'run', 'our_first_dag_v2', 'first_task', 'scheduled__2021-11-02T00:00:00+00:00', '--job-id', '1177', '--raw', '--subdir', 'DAGS_FOLDER/our_firest_dag.py', '--cfg-path', '/tmp/tmpkgw7yjs9']
[2024-04-08T05:06:42.787+0000] {standard_task_runner.py:83} INFO - Job 1177: Subtask first_task
[2024-04-08T05:06:42.854+0000] {task_command.py:388} INFO - Running <TaskInstance: our_first_dag_v2.first_task scheduled__2021-11-02T00:00:00+00:00 [running]> on host 3dc1147ef06e
[2024-04-08T05:06:42.938+0000] {taskinstance.py:1509} INFO - Exporting the following env vars:
AIRFLOW_CTX_DAG_OWNER=Jiseungmin
AIRFLOW_CTX_DAG_ID=our_first_dag_v2
AIRFLOW_CTX_TASK_ID=first_task
AIRFLOW_CTX_EXECUTION_DATE=2021-11-02T00:00:00+00:00
AIRFLOW_CTX_TRY_NUMBER=1
AIRFLOW_CTX_DAG_RUN_ID=scheduled__2021-11-02T00:00:00+00:00
[2024-04-08T05:06:42.939+0000] {subprocess.py:63} INFO - Tmp dir root location: 
 /tmp
[2024-04-08T05:06:42.940+0000] {subprocess.py:75} INFO - Running command: ['/bin/bash', '-c', 'echo Hello world, this is the first task!']
[2024-04-08T05:06:42.950+0000] {subprocess.py:86} INFO - Output:
[2024-04-08T05:06:42.951+0000] {subprocess.py:93} INFO - Hello world, this is the first task!
[2024-04-08T05:06:42.951+0000] {subprocess.py:97} INFO - Command exited with return code 0
[2024-04-08T05:06:42.978+0000] {taskinstance.py:1323} INFO - Marking task as SUCCESS. dag_id=our_first_dag_v2, task_id=first_task, execution_date=20211102T000000, start_date=20240408T050642, end_date=20240408T050642
[2024-04-08T05:06:43.037+0000] {local_task_job.py:208} INFO - Task exited with return code 0
[2024-04-08T05:06:43.056+0000] {taskinstance.py:2578} INFO - 1 downstream tasks scheduled from follow-on schedule check
