[2024-04-08T04:46:27.434+0000] {taskinstance.py:1083} INFO - Dependencies all met for <TaskInstance: our_first_dag.first_task scheduled__2021-12-09T00:00:00+00:00 [queued]>
[2024-04-08T04:46:27.443+0000] {taskinstance.py:1083} INFO - Dependencies all met for <TaskInstance: our_first_dag.first_task scheduled__2021-12-09T00:00:00+00:00 [queued]>
[2024-04-08T04:46:27.444+0000] {taskinstance.py:1279} INFO - 
--------------------------------------------------------------------------------
[2024-04-08T04:46:27.444+0000] {taskinstance.py:1280} INFO - Starting attempt 1 of 6
[2024-04-08T04:46:27.444+0000] {taskinstance.py:1281} INFO - 
--------------------------------------------------------------------------------
[2024-04-08T04:46:27.471+0000] {taskinstance.py:1300} INFO - Executing <Task(BashOperator): first_task> on 2021-12-09 00:00:00+00:00
[2024-04-08T04:46:27.476+0000] {standard_task_runner.py:55} INFO - Started process 3400 to run task
[2024-04-08T04:46:27.478+0000] {standard_task_runner.py:82} INFO - Running: ['***', 'tasks', 'run', 'our_first_dag', 'first_task', 'scheduled__2021-12-09T00:00:00+00:00', '--job-id', '135', '--raw', '--subdir', 'DAGS_FOLDER/our_firest_dag.py', '--cfg-path', '/tmp/tmpzq_7l6do']
[2024-04-08T04:46:27.479+0000] {standard_task_runner.py:83} INFO - Job 135: Subtask first_task
[2024-04-08T04:46:27.540+0000] {task_command.py:388} INFO - Running <TaskInstance: our_first_dag.first_task scheduled__2021-12-09T00:00:00+00:00 [running]> on host 3dc1147ef06e
[2024-04-08T04:46:27.619+0000] {taskinstance.py:1509} INFO - Exporting the following env vars:
AIRFLOW_CTX_DAG_OWNER=Jiseungmin
AIRFLOW_CTX_DAG_ID=our_first_dag
AIRFLOW_CTX_TASK_ID=first_task
AIRFLOW_CTX_EXECUTION_DATE=2021-12-09T00:00:00+00:00
AIRFLOW_CTX_TRY_NUMBER=1
AIRFLOW_CTX_DAG_RUN_ID=scheduled__2021-12-09T00:00:00+00:00
[2024-04-08T04:46:27.620+0000] {subprocess.py:63} INFO - Tmp dir root location: 
 /tmp
[2024-04-08T04:46:27.621+0000] {subprocess.py:75} INFO - Running command: ['/bin/bash', '-c', 'echo Hello world, this is the first task!']
[2024-04-08T04:46:27.632+0000] {subprocess.py:86} INFO - Output:
[2024-04-08T04:46:27.633+0000] {subprocess.py:93} INFO - Hello world, this is the first task!
[2024-04-08T04:46:27.634+0000] {subprocess.py:97} INFO - Command exited with return code 0
[2024-04-08T04:46:27.657+0000] {taskinstance.py:1323} INFO - Marking task as SUCCESS. dag_id=our_first_dag, task_id=first_task, execution_date=20211209T000000, start_date=20240408T044627, end_date=20240408T044627
[2024-04-08T04:46:27.690+0000] {local_task_job.py:208} INFO - Task exited with return code 0
[2024-04-08T04:46:27.710+0000] {taskinstance.py:2578} INFO - 0 downstream tasks scheduled from follow-on schedule check
