[2024-04-08T05:07:45.027+0000] {taskinstance.py:1083} INFO - Dependencies all met for <TaskInstance: our_first_dag_v2.first_task scheduled__2022-03-19T00:00:00+00:00 [queued]>
[2024-04-08T05:07:45.042+0000] {taskinstance.py:1083} INFO - Dependencies all met for <TaskInstance: our_first_dag_v2.first_task scheduled__2022-03-19T00:00:00+00:00 [queued]>
[2024-04-08T05:07:45.043+0000] {taskinstance.py:1279} INFO - 
--------------------------------------------------------------------------------
[2024-04-08T05:07:45.043+0000] {taskinstance.py:1280} INFO - Starting attempt 1 of 6
[2024-04-08T05:07:45.044+0000] {taskinstance.py:1281} INFO - 
--------------------------------------------------------------------------------
[2024-04-08T05:07:45.086+0000] {taskinstance.py:1300} INFO - Executing <Task(BashOperator): first_task> on 2022-03-19 00:00:00+00:00
[2024-04-08T05:07:45.093+0000] {standard_task_runner.py:55} INFO - Started process 10101 to run task
[2024-04-08T05:07:45.095+0000] {standard_task_runner.py:82} INFO - Running: ['***', 'tasks', 'run', 'our_first_dag_v2', 'first_task', 'scheduled__2022-03-19T00:00:00+00:00', '--job-id', '1455', '--raw', '--subdir', 'DAGS_FOLDER/our_firest_dag.py', '--cfg-path', '/tmp/tmp2iu9u595']
[2024-04-08T05:07:45.097+0000] {standard_task_runner.py:83} INFO - Job 1455: Subtask first_task
[2024-04-08T05:07:45.171+0000] {task_command.py:388} INFO - Running <TaskInstance: our_first_dag_v2.first_task scheduled__2022-03-19T00:00:00+00:00 [running]> on host 3dc1147ef06e
[2024-04-08T05:07:45.314+0000] {taskinstance.py:1509} INFO - Exporting the following env vars:
AIRFLOW_CTX_DAG_OWNER=Jiseungmin
AIRFLOW_CTX_DAG_ID=our_first_dag_v2
AIRFLOW_CTX_TASK_ID=first_task
AIRFLOW_CTX_EXECUTION_DATE=2022-03-19T00:00:00+00:00
AIRFLOW_CTX_TRY_NUMBER=1
AIRFLOW_CTX_DAG_RUN_ID=scheduled__2022-03-19T00:00:00+00:00
[2024-04-08T05:07:45.317+0000] {subprocess.py:63} INFO - Tmp dir root location: 
 /tmp
[2024-04-08T05:07:45.326+0000] {subprocess.py:75} INFO - Running command: ['/bin/bash', '-c', 'echo Hello world, this is the first task!']
[2024-04-08T05:07:45.354+0000] {subprocess.py:86} INFO - Output:
[2024-04-08T05:07:45.356+0000] {subprocess.py:93} INFO - Hello world, this is the first task!
[2024-04-08T05:07:45.357+0000] {subprocess.py:97} INFO - Command exited with return code 0
[2024-04-08T05:07:45.413+0000] {taskinstance.py:1323} INFO - Marking task as SUCCESS. dag_id=our_first_dag_v2, task_id=first_task, execution_date=20220319T000000, start_date=20240408T050745, end_date=20240408T050745
[2024-04-08T05:07:45.549+0000] {local_task_job.py:208} INFO - Task exited with return code 0
[2024-04-08T05:07:45.590+0000] {taskinstance.py:2578} INFO - 2 downstream tasks scheduled from follow-on schedule check
