[2024-04-08T05:07:05.559+0000] {taskinstance.py:1083} INFO - Dependencies all met for <TaskInstance: our_first_dag_v2.second_task scheduled__2021-12-24T00:00:00+00:00 [queued]>
[2024-04-08T05:07:05.569+0000] {taskinstance.py:1083} INFO - Dependencies all met for <TaskInstance: our_first_dag_v2.second_task scheduled__2021-12-24T00:00:00+00:00 [queued]>
[2024-04-08T05:07:05.570+0000] {taskinstance.py:1279} INFO - 
--------------------------------------------------------------------------------
[2024-04-08T05:07:05.570+0000] {taskinstance.py:1280} INFO - Starting attempt 1 of 6
[2024-04-08T05:07:05.571+0000] {taskinstance.py:1281} INFO - 
--------------------------------------------------------------------------------
[2024-04-08T05:07:05.587+0000] {taskinstance.py:1300} INFO - Executing <Task(BashOperator): second_task> on 2021-12-24 00:00:00+00:00
[2024-04-08T05:07:05.592+0000] {standard_task_runner.py:55} INFO - Started process 9515 to run task
[2024-04-08T05:07:05.594+0000] {standard_task_runner.py:82} INFO - Running: ['***', 'tasks', 'run', 'our_first_dag_v2', 'second_task', 'scheduled__2021-12-24T00:00:00+00:00', '--job-id', '1286', '--raw', '--subdir', 'DAGS_FOLDER/our_firest_dag.py', '--cfg-path', '/tmp/tmpmk2zu9sf']
[2024-04-08T05:07:05.596+0000] {standard_task_runner.py:83} INFO - Job 1286: Subtask second_task
[2024-04-08T05:07:05.664+0000] {task_command.py:388} INFO - Running <TaskInstance: our_first_dag_v2.second_task scheduled__2021-12-24T00:00:00+00:00 [running]> on host 3dc1147ef06e
[2024-04-08T05:07:05.744+0000] {taskinstance.py:1509} INFO - Exporting the following env vars:
AIRFLOW_CTX_DAG_OWNER=Jiseungmin
AIRFLOW_CTX_DAG_ID=our_first_dag_v2
AIRFLOW_CTX_TASK_ID=second_task
AIRFLOW_CTX_EXECUTION_DATE=2021-12-24T00:00:00+00:00
AIRFLOW_CTX_TRY_NUMBER=1
AIRFLOW_CTX_DAG_RUN_ID=scheduled__2021-12-24T00:00:00+00:00
[2024-04-08T05:07:05.745+0000] {subprocess.py:63} INFO - Tmp dir root location: 
 /tmp
[2024-04-08T05:07:05.746+0000] {subprocess.py:75} INFO - Running command: ['/bin/bash', '-c', 'echo Hello i am task2 and this is the task2 task!']
[2024-04-08T05:07:05.756+0000] {subprocess.py:86} INFO - Output:
[2024-04-08T05:07:05.757+0000] {subprocess.py:93} INFO - Hello i am task2 and this is the task2 task!
[2024-04-08T05:07:05.758+0000] {subprocess.py:97} INFO - Command exited with return code 0
[2024-04-08T05:07:05.783+0000] {taskinstance.py:1323} INFO - Marking task as SUCCESS. dag_id=our_first_dag_v2, task_id=second_task, execution_date=20211224T000000, start_date=20240408T050705, end_date=20240408T050705
[2024-04-08T05:07:05.807+0000] {local_task_job.py:208} INFO - Task exited with return code 0
[2024-04-08T05:07:05.824+0000] {taskinstance.py:2578} INFO - 0 downstream tasks scheduled from follow-on schedule check
