[2024-04-08T04:47:21.728+0000] {taskinstance.py:1083} INFO - Dependencies all met for <TaskInstance: our_first_dag.first_task scheduled__2022-05-08T00:00:00+00:00 [queued]>
[2024-04-08T04:47:21.737+0000] {taskinstance.py:1083} INFO - Dependencies all met for <TaskInstance: our_first_dag.first_task scheduled__2022-05-08T00:00:00+00:00 [queued]>
[2024-04-08T04:47:21.738+0000] {taskinstance.py:1279} INFO - 
--------------------------------------------------------------------------------
[2024-04-08T04:47:21.738+0000] {taskinstance.py:1280} INFO - Starting attempt 1 of 6
[2024-04-08T04:47:21.739+0000] {taskinstance.py:1281} INFO - 
--------------------------------------------------------------------------------
[2024-04-08T04:47:21.754+0000] {taskinstance.py:1300} INFO - Executing <Task(BashOperator): first_task> on 2022-05-08 00:00:00+00:00
[2024-04-08T04:47:21.759+0000] {standard_task_runner.py:55} INFO - Started process 3985 to run task
[2024-04-08T04:47:21.761+0000] {standard_task_runner.py:82} INFO - Running: ['***', 'tasks', 'run', 'our_first_dag', 'first_task', 'scheduled__2022-05-08T00:00:00+00:00', '--job-id', '287', '--raw', '--subdir', 'DAGS_FOLDER/our_firest_dag.py', '--cfg-path', '/tmp/tmpg48k6oh4']
[2024-04-08T04:47:21.763+0000] {standard_task_runner.py:83} INFO - Job 287: Subtask first_task
[2024-04-08T04:47:21.823+0000] {task_command.py:388} INFO - Running <TaskInstance: our_first_dag.first_task scheduled__2022-05-08T00:00:00+00:00 [running]> on host 3dc1147ef06e
[2024-04-08T04:47:21.905+0000] {taskinstance.py:1509} INFO - Exporting the following env vars:
AIRFLOW_CTX_DAG_OWNER=Jiseungmin
AIRFLOW_CTX_DAG_ID=our_first_dag
AIRFLOW_CTX_TASK_ID=first_task
AIRFLOW_CTX_EXECUTION_DATE=2022-05-08T00:00:00+00:00
AIRFLOW_CTX_TRY_NUMBER=1
AIRFLOW_CTX_DAG_RUN_ID=scheduled__2022-05-08T00:00:00+00:00
[2024-04-08T04:47:21.906+0000] {subprocess.py:63} INFO - Tmp dir root location: 
 /tmp
[2024-04-08T04:47:21.908+0000] {subprocess.py:75} INFO - Running command: ['/bin/bash', '-c', 'echo Hello world, this is the first task!']
[2024-04-08T04:47:21.916+0000] {subprocess.py:86} INFO - Output:
[2024-04-08T04:47:21.917+0000] {subprocess.py:93} INFO - Hello world, this is the first task!
[2024-04-08T04:47:21.918+0000] {subprocess.py:97} INFO - Command exited with return code 0
[2024-04-08T04:47:21.942+0000] {taskinstance.py:1323} INFO - Marking task as SUCCESS. dag_id=our_first_dag, task_id=first_task, execution_date=20220508T000000, start_date=20240408T044721, end_date=20240408T044721
[2024-04-08T04:47:21.973+0000] {local_task_job.py:208} INFO - Task exited with return code 0
[2024-04-08T04:47:21.990+0000] {taskinstance.py:2578} INFO - 0 downstream tasks scheduled from follow-on schedule check
