[2024-04-08T04:50:05.263+0000] {taskinstance.py:1083} INFO - Dependencies all met for <TaskInstance: our_first_dag.first_task scheduled__2023-05-17T00:00:00+00:00 [queued]>
[2024-04-08T04:50:05.275+0000] {taskinstance.py:1083} INFO - Dependencies all met for <TaskInstance: our_first_dag.first_task scheduled__2023-05-17T00:00:00+00:00 [queued]>
[2024-04-08T04:50:05.276+0000] {taskinstance.py:1279} INFO - 
--------------------------------------------------------------------------------
[2024-04-08T04:50:05.278+0000] {taskinstance.py:1280} INFO - Starting attempt 1 of 6
[2024-04-08T04:50:05.278+0000] {taskinstance.py:1281} INFO - 
--------------------------------------------------------------------------------
[2024-04-08T04:50:05.298+0000] {taskinstance.py:1300} INFO - Executing <Task(BashOperator): first_task> on 2023-05-17 00:00:00+00:00
[2024-04-08T04:50:05.303+0000] {standard_task_runner.py:55} INFO - Started process 5443 to run task
[2024-04-08T04:50:05.306+0000] {standard_task_runner.py:82} INFO - Running: ['***', 'tasks', 'run', 'our_first_dag', 'first_task', 'scheduled__2023-05-17T00:00:00+00:00', '--job-id', '661', '--raw', '--subdir', 'DAGS_FOLDER/our_firest_dag.py', '--cfg-path', '/tmp/tmppg3bqxn6']
[2024-04-08T04:50:05.307+0000] {standard_task_runner.py:83} INFO - Job 661: Subtask first_task
[2024-04-08T04:50:05.376+0000] {task_command.py:388} INFO - Running <TaskInstance: our_first_dag.first_task scheduled__2023-05-17T00:00:00+00:00 [running]> on host 3dc1147ef06e
[2024-04-08T04:50:05.467+0000] {taskinstance.py:1509} INFO - Exporting the following env vars:
AIRFLOW_CTX_DAG_OWNER=Jiseungmin
AIRFLOW_CTX_DAG_ID=our_first_dag
AIRFLOW_CTX_TASK_ID=first_task
AIRFLOW_CTX_EXECUTION_DATE=2023-05-17T00:00:00+00:00
AIRFLOW_CTX_TRY_NUMBER=1
AIRFLOW_CTX_DAG_RUN_ID=scheduled__2023-05-17T00:00:00+00:00
[2024-04-08T04:50:05.468+0000] {subprocess.py:63} INFO - Tmp dir root location: 
 /tmp
[2024-04-08T04:50:05.469+0000] {subprocess.py:75} INFO - Running command: ['/bin/bash', '-c', 'echo Hello world, this is the first task!']
[2024-04-08T04:50:05.478+0000] {subprocess.py:86} INFO - Output:
[2024-04-08T04:50:05.480+0000] {subprocess.py:93} INFO - Hello world, this is the first task!
[2024-04-08T04:50:05.480+0000] {subprocess.py:97} INFO - Command exited with return code 0
[2024-04-08T04:50:05.509+0000] {taskinstance.py:1323} INFO - Marking task as SUCCESS. dag_id=our_first_dag, task_id=first_task, execution_date=20230517T000000, start_date=20240408T045005, end_date=20240408T045005
[2024-04-08T04:50:05.559+0000] {local_task_job.py:208} INFO - Task exited with return code 0
[2024-04-08T04:50:05.576+0000] {taskinstance.py:2578} INFO - 0 downstream tasks scheduled from follow-on schedule check
