[2024-04-08T08:45:03.853+0000] {taskinstance.py:1083} INFO - Dependencies all met for <TaskInstance: our_dag_with_python_operator_v06.get_name manual__2024-04-08T08:45:03.390379+00:00 [queued]>
[2024-04-08T08:45:03.862+0000] {taskinstance.py:1083} INFO - Dependencies all met for <TaskInstance: our_dag_with_python_operator_v06.get_name manual__2024-04-08T08:45:03.390379+00:00 [queued]>
[2024-04-08T08:45:03.862+0000] {taskinstance.py:1279} INFO - 
--------------------------------------------------------------------------------
[2024-04-08T08:45:03.862+0000] {taskinstance.py:1280} INFO - Starting attempt 1 of 6
[2024-04-08T08:45:03.863+0000] {taskinstance.py:1281} INFO - 
--------------------------------------------------------------------------------
[2024-04-08T08:45:03.876+0000] {taskinstance.py:1300} INFO - Executing <Task(PythonOperator): get_name> on 2024-04-08 08:45:03.390379+00:00
[2024-04-08T08:45:03.881+0000] {standard_task_runner.py:55} INFO - Started process 8137 to run task
[2024-04-08T08:45:03.883+0000] {standard_task_runner.py:82} INFO - Running: ['***', 'tasks', 'run', 'our_dag_with_python_operator_v06', 'get_name', 'manual__2024-04-08T08:45:03.390379+00:00', '--job-id', '1523', '--raw', '--subdir', 'DAGS_FOLDER/create_dag_with_python_operator.py', '--cfg-path', '/tmp/tmpysce7i2t']
[2024-04-08T08:45:03.884+0000] {standard_task_runner.py:83} INFO - Job 1523: Subtask get_name
[2024-04-08T08:45:03.933+0000] {task_command.py:388} INFO - Running <TaskInstance: our_dag_with_python_operator_v06.get_name manual__2024-04-08T08:45:03.390379+00:00 [running]> on host 3dc1147ef06e
[2024-04-08T08:45:03.993+0000] {taskinstance.py:1509} INFO - Exporting the following env vars:
AIRFLOW_CTX_DAG_OWNER=jiseungmin
AIRFLOW_CTX_DAG_ID=our_dag_with_python_operator_v06
AIRFLOW_CTX_TASK_ID=get_name
AIRFLOW_CTX_EXECUTION_DATE=2024-04-08T08:45:03.390379+00:00
AIRFLOW_CTX_TRY_NUMBER=1
AIRFLOW_CTX_DAG_RUN_ID=manual__2024-04-08T08:45:03.390379+00:00
[2024-04-08T08:45:04.014+0000] {python.py:177} INFO - Done. Returned value was: None
[2024-04-08T08:45:04.023+0000] {taskinstance.py:1323} INFO - Marking task as SUCCESS. dag_id=our_dag_with_python_operator_v06, task_id=get_name, execution_date=20240408T084503, start_date=20240408T084503, end_date=20240408T084504
[2024-04-08T08:45:04.055+0000] {local_task_job.py:208} INFO - Task exited with return code 0
[2024-04-08T08:45:04.086+0000] {taskinstance.py:2578} INFO - 0 downstream tasks scheduled from follow-on schedule check
