[2024-04-08T04:51:05.658+0000] {taskinstance.py:1083} INFO - Dependencies all met for <TaskInstance: our_first_dag.first_task scheduled__2023-11-03T00:00:00+00:00 [queued]>
[2024-04-08T04:51:05.669+0000] {taskinstance.py:1083} INFO - Dependencies all met for <TaskInstance: our_first_dag.first_task scheduled__2023-11-03T00:00:00+00:00 [queued]>
[2024-04-08T04:51:05.670+0000] {taskinstance.py:1279} INFO - 
--------------------------------------------------------------------------------
[2024-04-08T04:51:05.671+0000] {taskinstance.py:1280} INFO - Starting attempt 1 of 6
[2024-04-08T04:51:05.671+0000] {taskinstance.py:1281} INFO - 
--------------------------------------------------------------------------------
[2024-04-08T04:51:05.689+0000] {taskinstance.py:1300} INFO - Executing <Task(BashOperator): first_task> on 2023-11-03 00:00:00+00:00
[2024-04-08T04:51:05.694+0000] {standard_task_runner.py:55} INFO - Started process 6084 to run task
[2024-04-08T04:51:05.696+0000] {standard_task_runner.py:82} INFO - Running: ['***', 'tasks', 'run', 'our_first_dag', 'first_task', 'scheduled__2023-11-03T00:00:00+00:00', '--job-id', '831', '--raw', '--subdir', 'DAGS_FOLDER/our_firest_dag.py', '--cfg-path', '/tmp/tmpa5dgclip']
[2024-04-08T04:51:05.699+0000] {standard_task_runner.py:83} INFO - Job 831: Subtask first_task
[2024-04-08T04:51:05.771+0000] {task_command.py:388} INFO - Running <TaskInstance: our_first_dag.first_task scheduled__2023-11-03T00:00:00+00:00 [running]> on host 3dc1147ef06e
[2024-04-08T04:51:05.860+0000] {taskinstance.py:1509} INFO - Exporting the following env vars:
AIRFLOW_CTX_DAG_OWNER=Jiseungmin
AIRFLOW_CTX_DAG_ID=our_first_dag
AIRFLOW_CTX_TASK_ID=first_task
AIRFLOW_CTX_EXECUTION_DATE=2023-11-03T00:00:00+00:00
AIRFLOW_CTX_TRY_NUMBER=1
AIRFLOW_CTX_DAG_RUN_ID=scheduled__2023-11-03T00:00:00+00:00
[2024-04-08T04:51:05.861+0000] {subprocess.py:63} INFO - Tmp dir root location: 
 /tmp
[2024-04-08T04:51:05.862+0000] {subprocess.py:75} INFO - Running command: ['/bin/bash', '-c', 'echo Hello world, this is the first task!']
[2024-04-08T04:51:05.873+0000] {subprocess.py:86} INFO - Output:
[2024-04-08T04:51:05.875+0000] {subprocess.py:93} INFO - Hello world, this is the first task!
[2024-04-08T04:51:05.875+0000] {subprocess.py:97} INFO - Command exited with return code 0
[2024-04-08T04:51:05.906+0000] {taskinstance.py:1323} INFO - Marking task as SUCCESS. dag_id=our_first_dag, task_id=first_task, execution_date=20231103T000000, start_date=20240408T045105, end_date=20240408T045105
[2024-04-08T04:51:05.948+0000] {local_task_job.py:208} INFO - Task exited with return code 0
[2024-04-08T04:51:05.968+0000] {taskinstance.py:2578} INFO - 0 downstream tasks scheduled from follow-on schedule check
