[2024-04-08T04:50:17.898+0000] {taskinstance.py:1083} INFO - Dependencies all met for <TaskInstance: our_first_dag.first_task scheduled__2023-06-21T00:00:00+00:00 [queued]>
[2024-04-08T04:50:17.915+0000] {taskinstance.py:1083} INFO - Dependencies all met for <TaskInstance: our_first_dag.first_task scheduled__2023-06-21T00:00:00+00:00 [queued]>
[2024-04-08T04:50:17.915+0000] {taskinstance.py:1279} INFO - 
--------------------------------------------------------------------------------
[2024-04-08T04:50:17.916+0000] {taskinstance.py:1280} INFO - Starting attempt 1 of 6
[2024-04-08T04:50:17.916+0000] {taskinstance.py:1281} INFO - 
--------------------------------------------------------------------------------
[2024-04-08T04:50:17.938+0000] {taskinstance.py:1300} INFO - Executing <Task(BashOperator): first_task> on 2023-06-21 00:00:00+00:00
[2024-04-08T04:50:17.944+0000] {standard_task_runner.py:55} INFO - Started process 5572 to run task
[2024-04-08T04:50:17.947+0000] {standard_task_runner.py:82} INFO - Running: ['***', 'tasks', 'run', 'our_first_dag', 'first_task', 'scheduled__2023-06-21T00:00:00+00:00', '--job-id', '696', '--raw', '--subdir', 'DAGS_FOLDER/our_firest_dag.py', '--cfg-path', '/tmp/tmp6qwm3qdc']
[2024-04-08T04:50:17.949+0000] {standard_task_runner.py:83} INFO - Job 696: Subtask first_task
[2024-04-08T04:50:18.017+0000] {task_command.py:388} INFO - Running <TaskInstance: our_first_dag.first_task scheduled__2023-06-21T00:00:00+00:00 [running]> on host 3dc1147ef06e
[2024-04-08T04:50:18.098+0000] {taskinstance.py:1509} INFO - Exporting the following env vars:
AIRFLOW_CTX_DAG_OWNER=Jiseungmin
AIRFLOW_CTX_DAG_ID=our_first_dag
AIRFLOW_CTX_TASK_ID=first_task
AIRFLOW_CTX_EXECUTION_DATE=2023-06-21T00:00:00+00:00
AIRFLOW_CTX_TRY_NUMBER=1
AIRFLOW_CTX_DAG_RUN_ID=scheduled__2023-06-21T00:00:00+00:00
[2024-04-08T04:50:18.100+0000] {subprocess.py:63} INFO - Tmp dir root location: 
 /tmp
[2024-04-08T04:50:18.101+0000] {subprocess.py:75} INFO - Running command: ['/bin/bash', '-c', 'echo Hello world, this is the first task!']
[2024-04-08T04:50:18.110+0000] {subprocess.py:86} INFO - Output:
[2024-04-08T04:50:18.111+0000] {subprocess.py:93} INFO - Hello world, this is the first task!
[2024-04-08T04:50:18.112+0000] {subprocess.py:97} INFO - Command exited with return code 0
[2024-04-08T04:50:18.139+0000] {taskinstance.py:1323} INFO - Marking task as SUCCESS. dag_id=our_first_dag, task_id=first_task, execution_date=20230621T000000, start_date=20240408T045017, end_date=20240408T045018
[2024-04-08T04:50:18.199+0000] {local_task_job.py:208} INFO - Task exited with return code 0
[2024-04-08T04:50:18.250+0000] {taskinstance.py:2578} INFO - 0 downstream tasks scheduled from follow-on schedule check
