[2024-04-08T05:07:30.305+0000] {taskinstance.py:1083} INFO - Dependencies all met for <TaskInstance: our_first_dag_v2.first_task scheduled__2022-02-17T00:00:00+00:00 [queued]>
[2024-04-08T05:07:30.315+0000] {taskinstance.py:1083} INFO - Dependencies all met for <TaskInstance: our_first_dag_v2.first_task scheduled__2022-02-17T00:00:00+00:00 [queued]>
[2024-04-08T05:07:30.316+0000] {taskinstance.py:1279} INFO - 
--------------------------------------------------------------------------------
[2024-04-08T05:07:30.316+0000] {taskinstance.py:1280} INFO - Starting attempt 1 of 6
[2024-04-08T05:07:30.316+0000] {taskinstance.py:1281} INFO - 
--------------------------------------------------------------------------------
[2024-04-08T05:07:30.333+0000] {taskinstance.py:1300} INFO - Executing <Task(BashOperator): first_task> on 2022-02-17 00:00:00+00:00
[2024-04-08T05:07:30.339+0000] {standard_task_runner.py:55} INFO - Started process 9889 to run task
[2024-04-08T05:07:30.341+0000] {standard_task_runner.py:82} INFO - Running: ['***', 'tasks', 'run', 'our_first_dag_v2', 'first_task', 'scheduled__2022-02-17T00:00:00+00:00', '--job-id', '1394', '--raw', '--subdir', 'DAGS_FOLDER/our_firest_dag.py', '--cfg-path', '/tmp/tmpfpts5ozw']
[2024-04-08T05:07:30.343+0000] {standard_task_runner.py:83} INFO - Job 1394: Subtask first_task
[2024-04-08T05:07:30.401+0000] {task_command.py:388} INFO - Running <TaskInstance: our_first_dag_v2.first_task scheduled__2022-02-17T00:00:00+00:00 [running]> on host 3dc1147ef06e
[2024-04-08T05:07:30.468+0000] {taskinstance.py:1509} INFO - Exporting the following env vars:
AIRFLOW_CTX_DAG_OWNER=Jiseungmin
AIRFLOW_CTX_DAG_ID=our_first_dag_v2
AIRFLOW_CTX_TASK_ID=first_task
AIRFLOW_CTX_EXECUTION_DATE=2022-02-17T00:00:00+00:00
AIRFLOW_CTX_TRY_NUMBER=1
AIRFLOW_CTX_DAG_RUN_ID=scheduled__2022-02-17T00:00:00+00:00
[2024-04-08T05:07:30.469+0000] {subprocess.py:63} INFO - Tmp dir root location: 
 /tmp
[2024-04-08T05:07:30.470+0000] {subprocess.py:75} INFO - Running command: ['/bin/bash', '-c', 'echo Hello world, this is the first task!']
[2024-04-08T05:07:30.479+0000] {subprocess.py:86} INFO - Output:
[2024-04-08T05:07:30.480+0000] {subprocess.py:93} INFO - Hello world, this is the first task!
[2024-04-08T05:07:30.480+0000] {subprocess.py:97} INFO - Command exited with return code 0
[2024-04-08T05:07:30.502+0000] {taskinstance.py:1323} INFO - Marking task as SUCCESS. dag_id=our_first_dag_v2, task_id=first_task, execution_date=20220217T000000, start_date=20240408T050730, end_date=20240408T050730
[2024-04-08T05:07:30.554+0000] {local_task_job.py:208} INFO - Task exited with return code 0
[2024-04-08T05:07:30.574+0000] {taskinstance.py:2578} INFO - 1 downstream tasks scheduled from follow-on schedule check
