[2024-04-08T04:50:47.934+0000] {taskinstance.py:1083} INFO - Dependencies all met for <TaskInstance: our_first_dag.first_task scheduled__2023-09-13T00:00:00+00:00 [queued]>
[2024-04-08T04:50:47.947+0000] {taskinstance.py:1083} INFO - Dependencies all met for <TaskInstance: our_first_dag.first_task scheduled__2023-09-13T00:00:00+00:00 [queued]>
[2024-04-08T04:50:47.948+0000] {taskinstance.py:1279} INFO - 
--------------------------------------------------------------------------------
[2024-04-08T04:50:47.949+0000] {taskinstance.py:1280} INFO - Starting attempt 1 of 6
[2024-04-08T04:50:47.949+0000] {taskinstance.py:1281} INFO - 
--------------------------------------------------------------------------------
[2024-04-08T04:50:47.971+0000] {taskinstance.py:1300} INFO - Executing <Task(BashOperator): first_task> on 2023-09-13 00:00:00+00:00
[2024-04-08T04:50:47.976+0000] {standard_task_runner.py:55} INFO - Started process 5903 to run task
[2024-04-08T04:50:47.978+0000] {standard_task_runner.py:82} INFO - Running: ['***', 'tasks', 'run', 'our_first_dag', 'first_task', 'scheduled__2023-09-13T00:00:00+00:00', '--job-id', '780', '--raw', '--subdir', 'DAGS_FOLDER/our_firest_dag.py', '--cfg-path', '/tmp/tmpv4a3xvq5']
[2024-04-08T04:50:47.980+0000] {standard_task_runner.py:83} INFO - Job 780: Subtask first_task
[2024-04-08T04:50:48.056+0000] {task_command.py:388} INFO - Running <TaskInstance: our_first_dag.first_task scheduled__2023-09-13T00:00:00+00:00 [running]> on host 3dc1147ef06e
[2024-04-08T04:50:48.154+0000] {taskinstance.py:1509} INFO - Exporting the following env vars:
AIRFLOW_CTX_DAG_OWNER=Jiseungmin
AIRFLOW_CTX_DAG_ID=our_first_dag
AIRFLOW_CTX_TASK_ID=first_task
AIRFLOW_CTX_EXECUTION_DATE=2023-09-13T00:00:00+00:00
AIRFLOW_CTX_TRY_NUMBER=1
AIRFLOW_CTX_DAG_RUN_ID=scheduled__2023-09-13T00:00:00+00:00
[2024-04-08T04:50:48.155+0000] {subprocess.py:63} INFO - Tmp dir root location: 
 /tmp
[2024-04-08T04:50:48.156+0000] {subprocess.py:75} INFO - Running command: ['/bin/bash', '-c', 'echo Hello world, this is the first task!']
[2024-04-08T04:50:48.165+0000] {subprocess.py:86} INFO - Output:
[2024-04-08T04:50:48.166+0000] {subprocess.py:93} INFO - Hello world, this is the first task!
[2024-04-08T04:50:48.167+0000] {subprocess.py:97} INFO - Command exited with return code 0
[2024-04-08T04:50:48.199+0000] {taskinstance.py:1323} INFO - Marking task as SUCCESS. dag_id=our_first_dag, task_id=first_task, execution_date=20230913T000000, start_date=20240408T045047, end_date=20240408T045048
[2024-04-08T04:50:48.231+0000] {local_task_job.py:208} INFO - Task exited with return code 0
[2024-04-08T04:50:48.305+0000] {taskinstance.py:2578} INFO - 0 downstream tasks scheduled from follow-on schedule check
