[2024-04-08T11:42:33.793+0000] {taskinstance.py:1083} INFO - Dependencies all met for <TaskInstance: dag_with_cron_expression_v01.task1 scheduled__2023-05-06T00:00:00+00:00 [queued]>
[2024-04-08T11:42:33.803+0000] {taskinstance.py:1083} INFO - Dependencies all met for <TaskInstance: dag_with_cron_expression_v01.task1 scheduled__2023-05-06T00:00:00+00:00 [queued]>
[2024-04-08T11:42:33.804+0000] {taskinstance.py:1279} INFO - 
--------------------------------------------------------------------------------
[2024-04-08T11:42:33.804+0000] {taskinstance.py:1280} INFO - Starting attempt 1 of 6
[2024-04-08T11:42:33.805+0000] {taskinstance.py:1281} INFO - 
--------------------------------------------------------------------------------
[2024-04-08T11:42:33.821+0000] {taskinstance.py:1300} INFO - Executing <Task(BashOperator): task1> on 2023-05-06 00:00:00+00:00
[2024-04-08T11:42:33.827+0000] {standard_task_runner.py:55} INFO - Started process 4710 to run task
[2024-04-08T11:42:33.829+0000] {standard_task_runner.py:82} INFO - Running: ['***', 'tasks', 'run', 'dag_with_cron_expression_v01', 'task1', 'scheduled__2023-05-06T00:00:00+00:00', '--job-id', '2088', '--raw', '--subdir', 'DAGS_FOLDER/dag_with_cron_expression.py', '--cfg-path', '/tmp/tmp4ht34bgu']
[2024-04-08T11:42:33.831+0000] {standard_task_runner.py:83} INFO - Job 2088: Subtask task1
[2024-04-08T11:42:33.888+0000] {task_command.py:388} INFO - Running <TaskInstance: dag_with_cron_expression_v01.task1 scheduled__2023-05-06T00:00:00+00:00 [running]> on host 3dc1147ef06e
[2024-04-08T11:42:33.962+0000] {taskinstance.py:1509} INFO - Exporting the following env vars:
AIRFLOW_CTX_DAG_OWNER=Jiseungmmin
AIRFLOW_CTX_DAG_ID=dag_with_cron_expression_v01
AIRFLOW_CTX_TASK_ID=task1
AIRFLOW_CTX_EXECUTION_DATE=2023-05-06T00:00:00+00:00
AIRFLOW_CTX_TRY_NUMBER=1
AIRFLOW_CTX_DAG_RUN_ID=scheduled__2023-05-06T00:00:00+00:00
[2024-04-08T11:42:33.963+0000] {subprocess.py:63} INFO - Tmp dir root location: 
 /tmp
[2024-04-08T11:42:33.965+0000] {subprocess.py:75} INFO - Running command: ['/bin/bash', '-c', 'echo dag with cron exproession']
[2024-04-08T11:42:33.975+0000] {subprocess.py:86} INFO - Output:
[2024-04-08T11:42:33.976+0000] {subprocess.py:93} INFO - dag with cron exproession
[2024-04-08T11:42:33.977+0000] {subprocess.py:97} INFO - Command exited with return code 0
[2024-04-08T11:42:34.003+0000] {taskinstance.py:1323} INFO - Marking task as SUCCESS. dag_id=dag_with_cron_expression_v01, task_id=task1, execution_date=20230506T000000, start_date=20240408T114233, end_date=20240408T114234
[2024-04-08T11:42:34.081+0000] {local_task_job.py:208} INFO - Task exited with return code 0
[2024-04-08T11:42:34.099+0000] {taskinstance.py:2578} INFO - 0 downstream tasks scheduled from follow-on schedule check
