[2024-04-08T04:48:19.902+0000] {taskinstance.py:1083} INFO - Dependencies all met for <TaskInstance: our_first_dag.first_task scheduled__2022-09-26T00:00:00+00:00 [queued]>
[2024-04-08T04:48:19.915+0000] {taskinstance.py:1083} INFO - Dependencies all met for <TaskInstance: our_first_dag.first_task scheduled__2022-09-26T00:00:00+00:00 [queued]>
[2024-04-08T04:48:19.915+0000] {taskinstance.py:1279} INFO - 
--------------------------------------------------------------------------------
[2024-04-08T04:48:19.916+0000] {taskinstance.py:1280} INFO - Starting attempt 1 of 6
[2024-04-08T04:48:19.916+0000] {taskinstance.py:1281} INFO - 
--------------------------------------------------------------------------------
[2024-04-08T04:48:19.935+0000] {taskinstance.py:1300} INFO - Executing <Task(BashOperator): first_task> on 2022-09-26 00:00:00+00:00
[2024-04-08T04:48:19.941+0000] {standard_task_runner.py:55} INFO - Started process 4537 to run task
[2024-04-08T04:48:19.944+0000] {standard_task_runner.py:82} INFO - Running: ['***', 'tasks', 'run', 'our_first_dag', 'first_task', 'scheduled__2022-09-26T00:00:00+00:00', '--job-id', '428', '--raw', '--subdir', 'DAGS_FOLDER/our_firest_dag.py', '--cfg-path', '/tmp/tmpkpvdp19m']
[2024-04-08T04:48:19.946+0000] {standard_task_runner.py:83} INFO - Job 428: Subtask first_task
[2024-04-08T04:48:20.027+0000] {task_command.py:388} INFO - Running <TaskInstance: our_first_dag.first_task scheduled__2022-09-26T00:00:00+00:00 [running]> on host 3dc1147ef06e
[2024-04-08T04:48:20.121+0000] {taskinstance.py:1509} INFO - Exporting the following env vars:
AIRFLOW_CTX_DAG_OWNER=Jiseungmin
AIRFLOW_CTX_DAG_ID=our_first_dag
AIRFLOW_CTX_TASK_ID=first_task
AIRFLOW_CTX_EXECUTION_DATE=2022-09-26T00:00:00+00:00
AIRFLOW_CTX_TRY_NUMBER=1
AIRFLOW_CTX_DAG_RUN_ID=scheduled__2022-09-26T00:00:00+00:00
[2024-04-08T04:48:20.124+0000] {subprocess.py:63} INFO - Tmp dir root location: 
 /tmp
[2024-04-08T04:48:20.125+0000] {subprocess.py:75} INFO - Running command: ['/bin/bash', '-c', 'echo Hello world, this is the first task!']
[2024-04-08T04:48:20.133+0000] {subprocess.py:86} INFO - Output:
[2024-04-08T04:48:20.134+0000] {subprocess.py:93} INFO - Hello world, this is the first task!
[2024-04-08T04:48:20.135+0000] {subprocess.py:97} INFO - Command exited with return code 0
[2024-04-08T04:48:20.161+0000] {taskinstance.py:1323} INFO - Marking task as SUCCESS. dag_id=our_first_dag, task_id=first_task, execution_date=20220926T000000, start_date=20240408T044819, end_date=20240408T044820
[2024-04-08T04:48:20.197+0000] {local_task_job.py:208} INFO - Task exited with return code 0
[2024-04-08T04:48:20.213+0000] {taskinstance.py:2578} INFO - 0 downstream tasks scheduled from follow-on schedule check
