[2024-04-08T05:07:46.236+0000] {taskinstance.py:1083} INFO - Dependencies all met for <TaskInstance: our_first_dag_v2.third_task scheduled__2022-03-21T00:00:00+00:00 [queued]>
[2024-04-08T05:07:46.250+0000] {taskinstance.py:1083} INFO - Dependencies all met for <TaskInstance: our_first_dag_v2.third_task scheduled__2022-03-21T00:00:00+00:00 [queued]>
[2024-04-08T05:07:46.251+0000] {taskinstance.py:1279} INFO - 
--------------------------------------------------------------------------------
[2024-04-08T05:07:46.252+0000] {taskinstance.py:1280} INFO - Starting attempt 1 of 6
[2024-04-08T05:07:46.252+0000] {taskinstance.py:1281} INFO - 
--------------------------------------------------------------------------------
[2024-04-08T05:07:46.274+0000] {taskinstance.py:1300} INFO - Executing <Task(BashOperator): third_task> on 2022-03-21 00:00:00+00:00
[2024-04-08T05:07:46.279+0000] {standard_task_runner.py:55} INFO - Started process 10138 to run task
[2024-04-08T05:07:46.282+0000] {standard_task_runner.py:82} INFO - Running: ['***', 'tasks', 'run', 'our_first_dag_v2', 'third_task', 'scheduled__2022-03-21T00:00:00+00:00', '--job-id', '1467', '--raw', '--subdir', 'DAGS_FOLDER/our_firest_dag.py', '--cfg-path', '/tmp/tmpt4rtg4u3']
[2024-04-08T05:07:46.285+0000] {standard_task_runner.py:83} INFO - Job 1467: Subtask third_task
[2024-04-08T05:07:46.365+0000] {task_command.py:388} INFO - Running <TaskInstance: our_first_dag_v2.third_task scheduled__2022-03-21T00:00:00+00:00 [running]> on host 3dc1147ef06e
[2024-04-08T05:07:46.455+0000] {taskinstance.py:1509} INFO - Exporting the following env vars:
AIRFLOW_CTX_DAG_OWNER=Jiseungmin
AIRFLOW_CTX_DAG_ID=our_first_dag_v2
AIRFLOW_CTX_TASK_ID=third_task
AIRFLOW_CTX_EXECUTION_DATE=2022-03-21T00:00:00+00:00
AIRFLOW_CTX_TRY_NUMBER=1
AIRFLOW_CTX_DAG_RUN_ID=scheduled__2022-03-21T00:00:00+00:00
[2024-04-08T05:07:46.457+0000] {subprocess.py:63} INFO - Tmp dir root location: 
 /tmp
[2024-04-08T05:07:46.459+0000] {subprocess.py:75} INFO - Running command: ['/bin/bash', '-c', 'echo Hello i am task3 ']
[2024-04-08T05:07:46.469+0000] {subprocess.py:86} INFO - Output:
[2024-04-08T05:07:46.471+0000] {subprocess.py:93} INFO - Hello i am task3
[2024-04-08T05:07:46.472+0000] {subprocess.py:97} INFO - Command exited with return code 0
[2024-04-08T05:07:46.501+0000] {taskinstance.py:1323} INFO - Marking task as SUCCESS. dag_id=our_first_dag_v2, task_id=third_task, execution_date=20220321T000000, start_date=20240408T050746, end_date=20240408T050746
[2024-04-08T05:07:46.535+0000] {local_task_job.py:208} INFO - Task exited with return code 0
[2024-04-08T05:07:46.553+0000] {taskinstance.py:2578} INFO - 0 downstream tasks scheduled from follow-on schedule check
