[2024-04-08T05:07:36.038+0000] {taskinstance.py:1083} INFO - Dependencies all met for <TaskInstance: our_first_dag_v2.second_task scheduled__2022-02-24T00:00:00+00:00 [queued]>
[2024-04-08T05:07:36.049+0000] {taskinstance.py:1083} INFO - Dependencies all met for <TaskInstance: our_first_dag_v2.second_task scheduled__2022-02-24T00:00:00+00:00 [queued]>
[2024-04-08T05:07:36.050+0000] {taskinstance.py:1279} INFO - 
--------------------------------------------------------------------------------
[2024-04-08T05:07:36.051+0000] {taskinstance.py:1280} INFO - Starting attempt 1 of 6
[2024-04-08T05:07:36.051+0000] {taskinstance.py:1281} INFO - 
--------------------------------------------------------------------------------
[2024-04-08T05:07:36.120+0000] {taskinstance.py:1300} INFO - Executing <Task(BashOperator): second_task> on 2022-02-24 00:00:00+00:00
[2024-04-08T05:07:36.126+0000] {standard_task_runner.py:55} INFO - Started process 9952 to run task
[2024-04-08T05:07:36.129+0000] {standard_task_runner.py:82} INFO - Running: ['***', 'tasks', 'run', 'our_first_dag_v2', 'second_task', 'scheduled__2022-02-24T00:00:00+00:00', '--job-id', '1416', '--raw', '--subdir', 'DAGS_FOLDER/our_firest_dag.py', '--cfg-path', '/tmp/tmptbaufvm9']
[2024-04-08T05:07:36.131+0000] {standard_task_runner.py:83} INFO - Job 1416: Subtask second_task
[2024-04-08T05:07:36.212+0000] {task_command.py:388} INFO - Running <TaskInstance: our_first_dag_v2.second_task scheduled__2022-02-24T00:00:00+00:00 [running]> on host 3dc1147ef06e
[2024-04-08T05:07:36.298+0000] {taskinstance.py:1509} INFO - Exporting the following env vars:
AIRFLOW_CTX_DAG_OWNER=Jiseungmin
AIRFLOW_CTX_DAG_ID=our_first_dag_v2
AIRFLOW_CTX_TASK_ID=second_task
AIRFLOW_CTX_EXECUTION_DATE=2022-02-24T00:00:00+00:00
AIRFLOW_CTX_TRY_NUMBER=1
AIRFLOW_CTX_DAG_RUN_ID=scheduled__2022-02-24T00:00:00+00:00
[2024-04-08T05:07:36.300+0000] {subprocess.py:63} INFO - Tmp dir root location: 
 /tmp
[2024-04-08T05:07:36.302+0000] {subprocess.py:75} INFO - Running command: ['/bin/bash', '-c', 'echo Hello i am task2 and this is the task2 task!']
[2024-04-08T05:07:36.312+0000] {subprocess.py:86} INFO - Output:
[2024-04-08T05:07:36.314+0000] {subprocess.py:93} INFO - Hello i am task2 and this is the task2 task!
[2024-04-08T05:07:36.314+0000] {subprocess.py:97} INFO - Command exited with return code 0
[2024-04-08T05:07:36.349+0000] {taskinstance.py:1323} INFO - Marking task as SUCCESS. dag_id=our_first_dag_v2, task_id=second_task, execution_date=20220224T000000, start_date=20240408T050736, end_date=20240408T050736
[2024-04-08T05:07:36.382+0000] {local_task_job.py:208} INFO - Task exited with return code 0
[2024-04-08T05:07:36.473+0000] {taskinstance.py:2578} INFO - 0 downstream tasks scheduled from follow-on schedule check
