[2024-04-09T00:00:02.357+0000] {taskinstance.py:1083} INFO - Dependencies all met for <TaskInstance: dag_with_taskflow_api_v02.greet scheduled__2024-04-08T00:00:00+00:00 [queued]>
[2024-04-09T00:00:02.367+0000] {taskinstance.py:1083} INFO - Dependencies all met for <TaskInstance: dag_with_taskflow_api_v02.greet scheduled__2024-04-08T00:00:00+00:00 [queued]>
[2024-04-09T00:00:02.367+0000] {taskinstance.py:1279} INFO - 
--------------------------------------------------------------------------------
[2024-04-09T00:00:02.368+0000] {taskinstance.py:1280} INFO - Starting attempt 1 of 6
[2024-04-09T00:00:02.368+0000] {taskinstance.py:1281} INFO - 
--------------------------------------------------------------------------------
[2024-04-09T00:00:02.382+0000] {taskinstance.py:1300} INFO - Executing <Task(_PythonDecoratedOperator): greet> on 2024-04-08 00:00:00+00:00
[2024-04-09T00:00:02.388+0000] {standard_task_runner.py:55} INFO - Started process 459 to run task
[2024-04-09T00:00:02.389+0000] {standard_task_runner.py:82} INFO - Running: ['***', 'tasks', 'run', 'dag_with_taskflow_api_v02', 'greet', 'scheduled__2024-04-08T00:00:00+00:00', '--job-id', '2432', '--raw', '--subdir', 'DAGS_FOLDER/dag_with_taskflow_api.py', '--cfg-path', '/tmp/tmpqcivc4aq']
[2024-04-09T00:00:02.391+0000] {standard_task_runner.py:83} INFO - Job 2432: Subtask greet
[2024-04-09T00:00:02.443+0000] {task_command.py:388} INFO - Running <TaskInstance: dag_with_taskflow_api_v02.greet scheduled__2024-04-08T00:00:00+00:00 [running]> on host 3dc1147ef06e
[2024-04-09T00:00:02.527+0000] {taskinstance.py:1509} INFO - Exporting the following env vars:
AIRFLOW_CTX_DAG_OWNER=Jiseungmin
AIRFLOW_CTX_DAG_ID=dag_with_taskflow_api_v02
AIRFLOW_CTX_TASK_ID=greet
AIRFLOW_CTX_EXECUTION_DATE=2024-04-08T00:00:00+00:00
AIRFLOW_CTX_TRY_NUMBER=1
AIRFLOW_CTX_DAG_RUN_ID=scheduled__2024-04-08T00:00:00+00:00
[2024-04-09T00:00:02.528+0000] {logging_mixin.py:137} INFO - Hello World! My name is Jerry Fridman and I am 19 years old!
[2024-04-09T00:00:02.528+0000] {python.py:177} INFO - Done. Returned value was: None
[2024-04-09T00:00:02.536+0000] {taskinstance.py:1323} INFO - Marking task as SUCCESS. dag_id=dag_with_taskflow_api_v02, task_id=greet, execution_date=20240408T000000, start_date=20240409T000002, end_date=20240409T000002
[2024-04-09T00:00:02.562+0000] {local_task_job.py:208} INFO - Task exited with return code 0
[2024-04-09T00:00:02.578+0000] {taskinstance.py:2578} INFO - 0 downstream tasks scheduled from follow-on schedule check
