[2024-04-08T05:07:49.208+0000] {taskinstance.py:1083} INFO - Dependencies all met for <TaskInstance: our_first_dag_v2.third_task scheduled__2022-03-23T00:00:00+00:00 [queued]>
[2024-04-08T05:07:49.225+0000] {taskinstance.py:1083} INFO - Dependencies all met for <TaskInstance: our_first_dag_v2.third_task scheduled__2022-03-23T00:00:00+00:00 [queued]>
[2024-04-08T05:07:49.225+0000] {taskinstance.py:1279} INFO - 
--------------------------------------------------------------------------------
[2024-04-08T05:07:49.227+0000] {taskinstance.py:1280} INFO - Starting attempt 1 of 6
[2024-04-08T05:07:49.228+0000] {taskinstance.py:1281} INFO - 
--------------------------------------------------------------------------------
[2024-04-08T05:07:49.330+0000] {taskinstance.py:1300} INFO - Executing <Task(BashOperator): third_task> on 2022-03-23 00:00:00+00:00
[2024-04-08T05:07:49.337+0000] {standard_task_runner.py:55} INFO - Started process 10177 to run task
[2024-04-08T05:07:49.341+0000] {standard_task_runner.py:82} INFO - Running: ['***', 'tasks', 'run', 'our_first_dag_v2', 'third_task', 'scheduled__2022-03-23T00:00:00+00:00', '--job-id', '1480', '--raw', '--subdir', 'DAGS_FOLDER/our_firest_dag.py', '--cfg-path', '/tmp/tmplv9u_smv']
[2024-04-08T05:07:49.344+0000] {standard_task_runner.py:83} INFO - Job 1480: Subtask third_task
[2024-04-08T05:07:49.447+0000] {task_command.py:388} INFO - Running <TaskInstance: our_first_dag_v2.third_task scheduled__2022-03-23T00:00:00+00:00 [running]> on host 3dc1147ef06e
[2024-04-08T05:07:49.569+0000] {taskinstance.py:1509} INFO - Exporting the following env vars:
AIRFLOW_CTX_DAG_OWNER=Jiseungmin
AIRFLOW_CTX_DAG_ID=our_first_dag_v2
AIRFLOW_CTX_TASK_ID=third_task
AIRFLOW_CTX_EXECUTION_DATE=2022-03-23T00:00:00+00:00
AIRFLOW_CTX_TRY_NUMBER=1
AIRFLOW_CTX_DAG_RUN_ID=scheduled__2022-03-23T00:00:00+00:00
[2024-04-08T05:07:49.576+0000] {subprocess.py:63} INFO - Tmp dir root location: 
 /tmp
[2024-04-08T05:07:49.578+0000] {subprocess.py:75} INFO - Running command: ['/bin/bash', '-c', 'echo Hello i am task3 ']
[2024-04-08T05:07:49.594+0000] {subprocess.py:86} INFO - Output:
[2024-04-08T05:07:49.596+0000] {subprocess.py:93} INFO - Hello i am task3
[2024-04-08T05:07:49.597+0000] {subprocess.py:97} INFO - Command exited with return code 0
[2024-04-08T05:07:49.656+0000] {taskinstance.py:1323} INFO - Marking task as SUCCESS. dag_id=our_first_dag_v2, task_id=third_task, execution_date=20220323T000000, start_date=20240408T050749, end_date=20240408T050749
[2024-04-08T05:07:49.721+0000] {local_task_job.py:208} INFO - Task exited with return code 0
[2024-04-08T05:07:49.764+0000] {taskinstance.py:2578} INFO - 0 downstream tasks scheduled from follow-on schedule check
