[2024-04-08T05:07:44.769+0000] {taskinstance.py:1083} INFO - Dependencies all met for <TaskInstance: our_first_dag_v2.third_task scheduled__2022-03-16T00:00:00+00:00 [queued]>
[2024-04-08T05:07:44.780+0000] {taskinstance.py:1083} INFO - Dependencies all met for <TaskInstance: our_first_dag_v2.third_task scheduled__2022-03-16T00:00:00+00:00 [queued]>
[2024-04-08T05:07:44.781+0000] {taskinstance.py:1279} INFO - 
--------------------------------------------------------------------------------
[2024-04-08T05:07:44.781+0000] {taskinstance.py:1280} INFO - Starting attempt 1 of 6
[2024-04-08T05:07:44.781+0000] {taskinstance.py:1281} INFO - 
--------------------------------------------------------------------------------
[2024-04-08T05:07:44.798+0000] {taskinstance.py:1300} INFO - Executing <Task(BashOperator): third_task> on 2022-03-16 00:00:00+00:00
[2024-04-08T05:07:44.803+0000] {standard_task_runner.py:55} INFO - Started process 10090 to run task
[2024-04-08T05:07:44.806+0000] {standard_task_runner.py:82} INFO - Running: ['***', 'tasks', 'run', 'our_first_dag_v2', 'third_task', 'scheduled__2022-03-16T00:00:00+00:00', '--job-id', '1450', '--raw', '--subdir', 'DAGS_FOLDER/our_firest_dag.py', '--cfg-path', '/tmp/tmpc23ncdgq']
[2024-04-08T05:07:44.809+0000] {standard_task_runner.py:83} INFO - Job 1450: Subtask third_task
[2024-04-08T05:07:44.891+0000] {task_command.py:388} INFO - Running <TaskInstance: our_first_dag_v2.third_task scheduled__2022-03-16T00:00:00+00:00 [running]> on host 3dc1147ef06e
[2024-04-08T05:07:44.982+0000] {taskinstance.py:1509} INFO - Exporting the following env vars:
AIRFLOW_CTX_DAG_OWNER=Jiseungmin
AIRFLOW_CTX_DAG_ID=our_first_dag_v2
AIRFLOW_CTX_TASK_ID=third_task
AIRFLOW_CTX_EXECUTION_DATE=2022-03-16T00:00:00+00:00
AIRFLOW_CTX_TRY_NUMBER=1
AIRFLOW_CTX_DAG_RUN_ID=scheduled__2022-03-16T00:00:00+00:00
[2024-04-08T05:07:44.983+0000] {subprocess.py:63} INFO - Tmp dir root location: 
 /tmp
[2024-04-08T05:07:44.984+0000] {subprocess.py:75} INFO - Running command: ['/bin/bash', '-c', 'echo Hello i am task3 ']
[2024-04-08T05:07:44.995+0000] {subprocess.py:86} INFO - Output:
[2024-04-08T05:07:44.997+0000] {subprocess.py:93} INFO - Hello i am task3
[2024-04-08T05:07:44.998+0000] {subprocess.py:97} INFO - Command exited with return code 0
[2024-04-08T05:07:45.032+0000] {taskinstance.py:1323} INFO - Marking task as SUCCESS. dag_id=our_first_dag_v2, task_id=third_task, execution_date=20220316T000000, start_date=20240408T050744, end_date=20240408T050745
[2024-04-08T05:07:45.099+0000] {local_task_job.py:208} INFO - Task exited with return code 0
[2024-04-08T05:07:45.121+0000] {taskinstance.py:2578} INFO - 0 downstream tasks scheduled from follow-on schedule check
