[2024-04-08T05:06:02.297+0000] {taskinstance.py:1083} INFO - Dependencies all met for <TaskInstance: our_first_dag_v2.first_task scheduled__2021-08-09T00:00:00+00:00 [queued]>
[2024-04-08T05:06:02.308+0000] {taskinstance.py:1083} INFO - Dependencies all met for <TaskInstance: our_first_dag_v2.first_task scheduled__2021-08-09T00:00:00+00:00 [queued]>
[2024-04-08T05:06:02.309+0000] {taskinstance.py:1279} INFO - 
--------------------------------------------------------------------------------
[2024-04-08T05:06:02.309+0000] {taskinstance.py:1280} INFO - Starting attempt 1 of 6
[2024-04-08T05:06:02.310+0000] {taskinstance.py:1281} INFO - 
--------------------------------------------------------------------------------
[2024-04-08T05:06:02.350+0000] {taskinstance.py:1300} INFO - Executing <Task(BashOperator): first_task> on 2021-08-09 00:00:00+00:00
[2024-04-08T05:06:02.355+0000] {standard_task_runner.py:55} INFO - Started process 8535 to run task
[2024-04-08T05:06:02.358+0000] {standard_task_runner.py:82} INFO - Running: ['***', 'tasks', 'run', 'our_first_dag_v2', 'first_task', 'scheduled__2021-08-09T00:00:00+00:00', '--job-id', '1003', '--raw', '--subdir', 'DAGS_FOLDER/our_firest_dag.py', '--cfg-path', '/tmp/tmp45govbri']
[2024-04-08T05:06:02.359+0000] {standard_task_runner.py:83} INFO - Job 1003: Subtask first_task
[2024-04-08T05:06:02.432+0000] {task_command.py:388} INFO - Running <TaskInstance: our_first_dag_v2.first_task scheduled__2021-08-09T00:00:00+00:00 [running]> on host 3dc1147ef06e
[2024-04-08T05:06:02.501+0000] {taskinstance.py:1509} INFO - Exporting the following env vars:
AIRFLOW_CTX_DAG_OWNER=Jiseungmin
AIRFLOW_CTX_DAG_ID=our_first_dag_v2
AIRFLOW_CTX_TASK_ID=first_task
AIRFLOW_CTX_EXECUTION_DATE=2021-08-09T00:00:00+00:00
AIRFLOW_CTX_TRY_NUMBER=1
AIRFLOW_CTX_DAG_RUN_ID=scheduled__2021-08-09T00:00:00+00:00
[2024-04-08T05:06:02.502+0000] {subprocess.py:63} INFO - Tmp dir root location: 
 /tmp
[2024-04-08T05:06:02.503+0000] {subprocess.py:75} INFO - Running command: ['/bin/bash', '-c', 'echo Hello world, this is the first task!']
[2024-04-08T05:06:02.511+0000] {subprocess.py:86} INFO - Output:
[2024-04-08T05:06:02.513+0000] {subprocess.py:93} INFO - Hello world, this is the first task!
[2024-04-08T05:06:02.513+0000] {subprocess.py:97} INFO - Command exited with return code 0
[2024-04-08T05:06:02.537+0000] {taskinstance.py:1323} INFO - Marking task as SUCCESS. dag_id=our_first_dag_v2, task_id=first_task, execution_date=20210809T000000, start_date=20240408T050602, end_date=20240408T050602
[2024-04-08T05:06:02.570+0000] {local_task_job.py:208} INFO - Task exited with return code 0
[2024-04-08T05:06:02.590+0000] {taskinstance.py:2578} INFO - 1 downstream tasks scheduled from follow-on schedule check
