[2024-04-08T05:19:50.584+0000] {taskinstance.py:1083} INFO - Dependencies all met for <TaskInstance: our_dag_with_python_operator_v01.greet manual__2024-04-08T05:19:49.738632+00:00 [queued]>
[2024-04-08T05:19:50.592+0000] {taskinstance.py:1083} INFO - Dependencies all met for <TaskInstance: our_dag_with_python_operator_v01.greet manual__2024-04-08T05:19:49.738632+00:00 [queued]>
[2024-04-08T05:19:50.592+0000] {taskinstance.py:1279} INFO - 
--------------------------------------------------------------------------------
[2024-04-08T05:19:50.593+0000] {taskinstance.py:1280} INFO - Starting attempt 1 of 6
[2024-04-08T05:19:50.593+0000] {taskinstance.py:1281} INFO - 
--------------------------------------------------------------------------------
[2024-04-08T05:19:50.607+0000] {taskinstance.py:1300} INFO - Executing <Task(PythonOperator): greet> on 2024-04-08 05:19:49.738632+00:00
[2024-04-08T05:19:50.611+0000] {standard_task_runner.py:55} INFO - Started process 11858 to run task
[2024-04-08T05:19:50.613+0000] {standard_task_runner.py:82} INFO - Running: ['***', 'tasks', 'run', 'our_dag_with_python_operator_v01', 'greet', 'manual__2024-04-08T05:19:49.738632+00:00', '--job-id', '1508', '--raw', '--subdir', 'DAGS_FOLDER/create_dag_with_python_operator.py', '--cfg-path', '/tmp/tmposplfuva']
[2024-04-08T05:19:50.614+0000] {standard_task_runner.py:83} INFO - Job 1508: Subtask greet
[2024-04-08T05:19:50.665+0000] {task_command.py:388} INFO - Running <TaskInstance: our_dag_with_python_operator_v01.greet manual__2024-04-08T05:19:49.738632+00:00 [running]> on host 3dc1147ef06e
[2024-04-08T05:19:50.731+0000] {taskinstance.py:1509} INFO - Exporting the following env vars:
AIRFLOW_CTX_DAG_OWNER=jiseungmin
AIRFLOW_CTX_DAG_ID=our_dag_with_python_operator_v01
AIRFLOW_CTX_TASK_ID=greet
AIRFLOW_CTX_EXECUTION_DATE=2024-04-08T05:19:49.738632+00:00
AIRFLOW_CTX_TRY_NUMBER=1
AIRFLOW_CTX_DAG_RUN_ID=manual__2024-04-08T05:19:49.738632+00:00
[2024-04-08T05:19:50.732+0000] {logging_mixin.py:137} INFO - Hello World
[2024-04-08T05:19:50.732+0000] {python.py:177} INFO - Done. Returned value was: None
[2024-04-08T05:19:50.740+0000] {taskinstance.py:1323} INFO - Marking task as SUCCESS. dag_id=our_dag_with_python_operator_v01, task_id=greet, execution_date=20240408T051949, start_date=20240408T051950, end_date=20240408T051950
[2024-04-08T05:19:50.785+0000] {local_task_job.py:208} INFO - Task exited with return code 0
[2024-04-08T05:19:50.799+0000] {taskinstance.py:2578} INFO - 0 downstream tasks scheduled from follow-on schedule check
