[2024-04-08T04:51:43.606+0000] {taskinstance.py:1083} INFO - Dependencies all met for <TaskInstance: our_first_dag.first_task scheduled__2024-02-15T00:00:00+00:00 [queued]>
[2024-04-08T04:51:43.616+0000] {taskinstance.py:1083} INFO - Dependencies all met for <TaskInstance: our_first_dag.first_task scheduled__2024-02-15T00:00:00+00:00 [queued]>
[2024-04-08T04:51:43.616+0000] {taskinstance.py:1279} INFO - 
--------------------------------------------------------------------------------
[2024-04-08T04:51:43.617+0000] {taskinstance.py:1280} INFO - Starting attempt 1 of 6
[2024-04-08T04:51:43.617+0000] {taskinstance.py:1281} INFO - 
--------------------------------------------------------------------------------
[2024-04-08T04:51:43.632+0000] {taskinstance.py:1300} INFO - Executing <Task(BashOperator): first_task> on 2024-02-15 00:00:00+00:00
[2024-04-08T04:51:43.636+0000] {standard_task_runner.py:55} INFO - Started process 6473 to run task
[2024-04-08T04:51:43.638+0000] {standard_task_runner.py:82} INFO - Running: ['***', 'tasks', 'run', 'our_first_dag', 'first_task', 'scheduled__2024-02-15T00:00:00+00:00', '--job-id', '935', '--raw', '--subdir', 'DAGS_FOLDER/our_firest_dag.py', '--cfg-path', '/tmp/tmp6b6s7r2i']
[2024-04-08T04:51:43.640+0000] {standard_task_runner.py:83} INFO - Job 935: Subtask first_task
[2024-04-08T04:51:43.700+0000] {task_command.py:388} INFO - Running <TaskInstance: our_first_dag.first_task scheduled__2024-02-15T00:00:00+00:00 [running]> on host 3dc1147ef06e
[2024-04-08T04:51:43.775+0000] {taskinstance.py:1509} INFO - Exporting the following env vars:
AIRFLOW_CTX_DAG_OWNER=Jiseungmin
AIRFLOW_CTX_DAG_ID=our_first_dag
AIRFLOW_CTX_TASK_ID=first_task
AIRFLOW_CTX_EXECUTION_DATE=2024-02-15T00:00:00+00:00
AIRFLOW_CTX_TRY_NUMBER=1
AIRFLOW_CTX_DAG_RUN_ID=scheduled__2024-02-15T00:00:00+00:00
[2024-04-08T04:51:43.776+0000] {subprocess.py:63} INFO - Tmp dir root location: 
 /tmp
[2024-04-08T04:51:43.776+0000] {subprocess.py:75} INFO - Running command: ['/bin/bash', '-c', 'echo Hello world, this is the first task!']
[2024-04-08T04:51:43.784+0000] {subprocess.py:86} INFO - Output:
[2024-04-08T04:51:43.786+0000] {subprocess.py:93} INFO - Hello world, this is the first task!
[2024-04-08T04:51:43.787+0000] {subprocess.py:97} INFO - Command exited with return code 0
[2024-04-08T04:51:43.810+0000] {taskinstance.py:1323} INFO - Marking task as SUCCESS. dag_id=our_first_dag, task_id=first_task, execution_date=20240215T000000, start_date=20240408T045143, end_date=20240408T045143
[2024-04-08T04:51:43.851+0000] {local_task_job.py:208} INFO - Task exited with return code 0
[2024-04-08T04:51:43.866+0000] {taskinstance.py:2578} INFO - 0 downstream tasks scheduled from follow-on schedule check
