[2024-04-08T11:40:42.206+0000] {taskinstance.py:1083} INFO - Dependencies all met for <TaskInstance: dag_with_cron_expression_v01.task1 scheduled__2022-08-15T00:00:00+00:00 [queued]>
[2024-04-08T11:40:42.216+0000] {taskinstance.py:1083} INFO - Dependencies all met for <TaskInstance: dag_with_cron_expression_v01.task1 scheduled__2022-08-15T00:00:00+00:00 [queued]>
[2024-04-08T11:40:42.217+0000] {taskinstance.py:1279} INFO - 
--------------------------------------------------------------------------------
[2024-04-08T11:40:42.219+0000] {taskinstance.py:1280} INFO - Starting attempt 1 of 6
[2024-04-08T11:40:42.219+0000] {taskinstance.py:1281} INFO - 
--------------------------------------------------------------------------------
[2024-04-08T11:40:42.238+0000] {taskinstance.py:1300} INFO - Executing <Task(BashOperator): task1> on 2022-08-15 00:00:00+00:00
[2024-04-08T11:40:42.244+0000] {standard_task_runner.py:55} INFO - Started process 3608 to run task
[2024-04-08T11:40:42.246+0000] {standard_task_runner.py:82} INFO - Running: ['***', 'tasks', 'run', 'dag_with_cron_expression_v01', 'task1', 'scheduled__2022-08-15T00:00:00+00:00', '--job-id', '1824', '--raw', '--subdir', 'DAGS_FOLDER/dag_with_cron_expression.py', '--cfg-path', '/tmp/tmpng_u7q60']
[2024-04-08T11:40:42.248+0000] {standard_task_runner.py:83} INFO - Job 1824: Subtask task1
[2024-04-08T11:40:42.313+0000] {task_command.py:388} INFO - Running <TaskInstance: dag_with_cron_expression_v01.task1 scheduled__2022-08-15T00:00:00+00:00 [running]> on host 3dc1147ef06e
[2024-04-08T11:40:42.393+0000] {taskinstance.py:1509} INFO - Exporting the following env vars:
AIRFLOW_CTX_DAG_OWNER=Jiseungmmin
AIRFLOW_CTX_DAG_ID=dag_with_cron_expression_v01
AIRFLOW_CTX_TASK_ID=task1
AIRFLOW_CTX_EXECUTION_DATE=2022-08-15T00:00:00+00:00
AIRFLOW_CTX_TRY_NUMBER=1
AIRFLOW_CTX_DAG_RUN_ID=scheduled__2022-08-15T00:00:00+00:00
[2024-04-08T11:40:42.394+0000] {subprocess.py:63} INFO - Tmp dir root location: 
 /tmp
[2024-04-08T11:40:42.395+0000] {subprocess.py:75} INFO - Running command: ['/bin/bash', '-c', 'echo dag with cron exproession']
[2024-04-08T11:40:42.409+0000] {subprocess.py:86} INFO - Output:
[2024-04-08T11:40:42.411+0000] {subprocess.py:93} INFO - dag with cron exproession
[2024-04-08T11:40:42.412+0000] {subprocess.py:97} INFO - Command exited with return code 0
[2024-04-08T11:40:42.442+0000] {taskinstance.py:1323} INFO - Marking task as SUCCESS. dag_id=dag_with_cron_expression_v01, task_id=task1, execution_date=20220815T000000, start_date=20240408T114042, end_date=20240408T114042
[2024-04-08T11:40:42.539+0000] {local_task_job.py:208} INFO - Task exited with return code 0
[2024-04-08T11:40:42.559+0000] {taskinstance.py:2578} INFO - 0 downstream tasks scheduled from follow-on schedule check
