[2024-04-08T08:49:25.443+0000] {taskinstance.py:1083} INFO - Dependencies all met for <TaskInstance: our_dag_with_python_operator_v06.greet manual__2024-04-08T08:44:22.895310+00:00 [queued]>
[2024-04-08T08:49:25.453+0000] {taskinstance.py:1083} INFO - Dependencies all met for <TaskInstance: our_dag_with_python_operator_v06.greet manual__2024-04-08T08:44:22.895310+00:00 [queued]>
[2024-04-08T08:49:25.453+0000] {taskinstance.py:1279} INFO - 
--------------------------------------------------------------------------------
[2024-04-08T08:49:25.453+0000] {taskinstance.py:1280} INFO - Starting attempt 2 of 6
[2024-04-08T08:49:25.454+0000] {taskinstance.py:1281} INFO - 
--------------------------------------------------------------------------------
[2024-04-08T08:49:25.469+0000] {taskinstance.py:1300} INFO - Executing <Task(PythonOperator): greet> on 2024-04-08 08:44:22.895310+00:00
[2024-04-08T08:49:25.474+0000] {standard_task_runner.py:55} INFO - Started process 8731 to run task
[2024-04-08T08:49:25.475+0000] {standard_task_runner.py:82} INFO - Running: ['***', 'tasks', 'run', 'our_dag_with_python_operator_v06', 'greet', 'manual__2024-04-08T08:44:22.895310+00:00', '--job-id', '1525', '--raw', '--subdir', 'DAGS_FOLDER/create_dag_with_python_operator.py', '--cfg-path', '/tmp/tmpx8254kwn']
[2024-04-08T08:49:25.477+0000] {standard_task_runner.py:83} INFO - Job 1525: Subtask greet
[2024-04-08T08:49:25.531+0000] {task_command.py:388} INFO - Running <TaskInstance: our_dag_with_python_operator_v06.greet manual__2024-04-08T08:44:22.895310+00:00 [running]> on host 3dc1147ef06e
[2024-04-08T08:49:25.603+0000] {taskinstance.py:1509} INFO - Exporting the following env vars:
AIRFLOW_CTX_DAG_OWNER=jiseungmin
AIRFLOW_CTX_DAG_ID=our_dag_with_python_operator_v06
AIRFLOW_CTX_TASK_ID=greet
AIRFLOW_CTX_EXECUTION_DATE=2024-04-08T08:44:22.895310+00:00
AIRFLOW_CTX_TRY_NUMBER=2
AIRFLOW_CTX_DAG_RUN_ID=manual__2024-04-08T08:44:22.895310+00:00
[2024-04-08T08:49:25.626+0000] {logging_mixin.py:137} INFO - Hello world! My name is Jerry Fridman, and I am 19 years old!
[2024-04-08T08:49:25.626+0000] {python.py:177} INFO - Done. Returned value was: None
[2024-04-08T08:49:25.634+0000] {taskinstance.py:1323} INFO - Marking task as SUCCESS. dag_id=our_dag_with_python_operator_v06, task_id=greet, execution_date=20240408T084422, start_date=20240408T084925, end_date=20240408T084925
[2024-04-08T08:49:25.688+0000] {local_task_job.py:208} INFO - Task exited with return code 0
[2024-04-08T08:49:25.705+0000] {taskinstance.py:2578} INFO - 0 downstream tasks scheduled from follow-on schedule check
