[2024-04-08T04:49:19.796+0000] {taskinstance.py:1083} INFO - Dependencies all met for <TaskInstance: our_first_dag.first_task scheduled__2023-01-08T00:00:00+00:00 [queued]>
[2024-04-08T04:49:19.810+0000] {taskinstance.py:1083} INFO - Dependencies all met for <TaskInstance: our_first_dag.first_task scheduled__2023-01-08T00:00:00+00:00 [queued]>
[2024-04-08T04:49:19.810+0000] {taskinstance.py:1279} INFO - 
--------------------------------------------------------------------------------
[2024-04-08T04:49:19.811+0000] {taskinstance.py:1280} INFO - Starting attempt 1 of 6
[2024-04-08T04:49:19.811+0000] {taskinstance.py:1281} INFO - 
--------------------------------------------------------------------------------
[2024-04-08T04:49:19.836+0000] {taskinstance.py:1300} INFO - Executing <Task(BashOperator): first_task> on 2023-01-08 00:00:00+00:00
[2024-04-08T04:49:19.842+0000] {standard_task_runner.py:55} INFO - Started process 4963 to run task
[2024-04-08T04:49:19.844+0000] {standard_task_runner.py:82} INFO - Running: ['***', 'tasks', 'run', 'our_first_dag', 'first_task', 'scheduled__2023-01-08T00:00:00+00:00', '--job-id', '532', '--raw', '--subdir', 'DAGS_FOLDER/our_firest_dag.py', '--cfg-path', '/tmp/tmp2zcu4kkh']
[2024-04-08T04:49:19.846+0000] {standard_task_runner.py:83} INFO - Job 532: Subtask first_task
[2024-04-08T04:49:19.918+0000] {task_command.py:388} INFO - Running <TaskInstance: our_first_dag.first_task scheduled__2023-01-08T00:00:00+00:00 [running]> on host 3dc1147ef06e
[2024-04-08T04:49:20.014+0000] {taskinstance.py:1509} INFO - Exporting the following env vars:
AIRFLOW_CTX_DAG_OWNER=Jiseungmin
AIRFLOW_CTX_DAG_ID=our_first_dag
AIRFLOW_CTX_TASK_ID=first_task
AIRFLOW_CTX_EXECUTION_DATE=2023-01-08T00:00:00+00:00
AIRFLOW_CTX_TRY_NUMBER=1
AIRFLOW_CTX_DAG_RUN_ID=scheduled__2023-01-08T00:00:00+00:00
[2024-04-08T04:49:20.016+0000] {subprocess.py:63} INFO - Tmp dir root location: 
 /tmp
[2024-04-08T04:49:20.017+0000] {subprocess.py:75} INFO - Running command: ['/bin/bash', '-c', 'echo Hello world, this is the first task!']
[2024-04-08T04:49:20.029+0000] {subprocess.py:86} INFO - Output:
[2024-04-08T04:49:20.030+0000] {subprocess.py:93} INFO - Hello world, this is the first task!
[2024-04-08T04:49:20.031+0000] {subprocess.py:97} INFO - Command exited with return code 0
[2024-04-08T04:49:20.065+0000] {taskinstance.py:1323} INFO - Marking task as SUCCESS. dag_id=our_first_dag, task_id=first_task, execution_date=20230108T000000, start_date=20240408T044919, end_date=20240408T044920
[2024-04-08T04:49:20.097+0000] {local_task_job.py:208} INFO - Task exited with return code 0
[2024-04-08T04:49:20.121+0000] {taskinstance.py:2578} INFO - 0 downstream tasks scheduled from follow-on schedule check
