[2024-04-08T05:07:50.421+0000] {taskinstance.py:1083} INFO - Dependencies all met for <TaskInstance: our_first_dag_v2.second_task scheduled__2022-03-29T00:00:00+00:00 [queued]>
[2024-04-08T05:07:50.438+0000] {taskinstance.py:1083} INFO - Dependencies all met for <TaskInstance: our_first_dag_v2.second_task scheduled__2022-03-29T00:00:00+00:00 [queued]>
[2024-04-08T05:07:50.439+0000] {taskinstance.py:1279} INFO - 
--------------------------------------------------------------------------------
[2024-04-08T05:07:50.440+0000] {taskinstance.py:1280} INFO - Starting attempt 1 of 6
[2024-04-08T05:07:50.441+0000] {taskinstance.py:1281} INFO - 
--------------------------------------------------------------------------------
[2024-04-08T05:07:50.542+0000] {taskinstance.py:1300} INFO - Executing <Task(BashOperator): second_task> on 2022-03-29 00:00:00+00:00
[2024-04-08T05:07:50.550+0000] {standard_task_runner.py:55} INFO - Started process 10232 to run task
[2024-04-08T05:07:50.555+0000] {standard_task_runner.py:82} INFO - Running: ['***', 'tasks', 'run', 'our_first_dag_v2', 'second_task', 'scheduled__2022-03-29T00:00:00+00:00', '--job-id', '1495', '--raw', '--subdir', 'DAGS_FOLDER/our_firest_dag.py', '--cfg-path', '/tmp/tmpm8xk9w1c']
[2024-04-08T05:07:50.557+0000] {standard_task_runner.py:83} INFO - Job 1495: Subtask second_task
[2024-04-08T05:07:50.658+0000] {task_command.py:388} INFO - Running <TaskInstance: our_first_dag_v2.second_task scheduled__2022-03-29T00:00:00+00:00 [running]> on host 3dc1147ef06e
[2024-04-08T05:07:50.785+0000] {taskinstance.py:1509} INFO - Exporting the following env vars:
AIRFLOW_CTX_DAG_OWNER=Jiseungmin
AIRFLOW_CTX_DAG_ID=our_first_dag_v2
AIRFLOW_CTX_TASK_ID=second_task
AIRFLOW_CTX_EXECUTION_DATE=2022-03-29T00:00:00+00:00
AIRFLOW_CTX_TRY_NUMBER=1
AIRFLOW_CTX_DAG_RUN_ID=scheduled__2022-03-29T00:00:00+00:00
[2024-04-08T05:07:50.787+0000] {subprocess.py:63} INFO - Tmp dir root location: 
 /tmp
[2024-04-08T05:07:50.789+0000] {subprocess.py:75} INFO - Running command: ['/bin/bash', '-c', 'echo Hello i am task2']
[2024-04-08T05:07:50.805+0000] {subprocess.py:86} INFO - Output:
[2024-04-08T05:07:50.806+0000] {subprocess.py:93} INFO - Hello i am task2
[2024-04-08T05:07:50.807+0000] {subprocess.py:97} INFO - Command exited with return code 0
[2024-04-08T05:07:50.853+0000] {taskinstance.py:1323} INFO - Marking task as SUCCESS. dag_id=our_first_dag_v2, task_id=second_task, execution_date=20220329T000000, start_date=20240408T050750, end_date=20240408T050750
[2024-04-08T05:07:50.931+0000] {local_task_job.py:208} INFO - Task exited with return code 0
[2024-04-08T05:07:50.959+0000] {taskinstance.py:2578} INFO - 0 downstream tasks scheduled from follow-on schedule check
