[2024-04-08T08:44:23.403+0000] {taskinstance.py:1083} INFO - Dependencies all met for <TaskInstance: our_dag_with_python_operator_v06.get_name manual__2024-04-08T08:44:22.895310+00:00 [queued]>
[2024-04-08T08:44:23.411+0000] {taskinstance.py:1083} INFO - Dependencies all met for <TaskInstance: our_dag_with_python_operator_v06.get_name manual__2024-04-08T08:44:22.895310+00:00 [queued]>
[2024-04-08T08:44:23.412+0000] {taskinstance.py:1279} INFO - 
--------------------------------------------------------------------------------
[2024-04-08T08:44:23.412+0000] {taskinstance.py:1280} INFO - Starting attempt 1 of 6
[2024-04-08T08:44:23.412+0000] {taskinstance.py:1281} INFO - 
--------------------------------------------------------------------------------
[2024-04-08T08:44:23.427+0000] {taskinstance.py:1300} INFO - Executing <Task(PythonOperator): get_name> on 2024-04-08 08:44:22.895310+00:00
[2024-04-08T08:44:23.431+0000] {standard_task_runner.py:55} INFO - Started process 8020 to run task
[2024-04-08T08:44:23.433+0000] {standard_task_runner.py:82} INFO - Running: ['***', 'tasks', 'run', 'our_dag_with_python_operator_v06', 'get_name', 'manual__2024-04-08T08:44:22.895310+00:00', '--job-id', '1519', '--raw', '--subdir', 'DAGS_FOLDER/create_dag_with_python_operator.py', '--cfg-path', '/tmp/tmplxkturww']
[2024-04-08T08:44:23.434+0000] {standard_task_runner.py:83} INFO - Job 1519: Subtask get_name
[2024-04-08T08:44:23.488+0000] {task_command.py:388} INFO - Running <TaskInstance: our_dag_with_python_operator_v06.get_name manual__2024-04-08T08:44:22.895310+00:00 [running]> on host 3dc1147ef06e
[2024-04-08T08:44:23.549+0000] {taskinstance.py:1509} INFO - Exporting the following env vars:
AIRFLOW_CTX_DAG_OWNER=jiseungmin
AIRFLOW_CTX_DAG_ID=our_dag_with_python_operator_v06
AIRFLOW_CTX_TASK_ID=get_name
AIRFLOW_CTX_EXECUTION_DATE=2024-04-08T08:44:22.895310+00:00
AIRFLOW_CTX_TRY_NUMBER=1
AIRFLOW_CTX_DAG_RUN_ID=manual__2024-04-08T08:44:22.895310+00:00
[2024-04-08T08:44:23.571+0000] {python.py:177} INFO - Done. Returned value was: None
[2024-04-08T08:44:23.580+0000] {taskinstance.py:1323} INFO - Marking task as SUCCESS. dag_id=our_dag_with_python_operator_v06, task_id=get_name, execution_date=20240408T084422, start_date=20240408T084423, end_date=20240408T084423
[2024-04-08T08:44:23.606+0000] {local_task_job.py:208} INFO - Task exited with return code 0
[2024-04-08T08:44:23.628+0000] {taskinstance.py:2578} INFO - 1 downstream tasks scheduled from follow-on schedule check
