[2024-04-08T11:41:50.592+0000] {taskinstance.py:1083} INFO - Dependencies all met for <TaskInstance: dag_with_cron_expression_v01.task1 scheduled__2023-01-07T00:00:00+00:00 [queued]>
[2024-04-08T11:41:50.602+0000] {taskinstance.py:1083} INFO - Dependencies all met for <TaskInstance: dag_with_cron_expression_v01.task1 scheduled__2023-01-07T00:00:00+00:00 [queued]>
[2024-04-08T11:41:50.602+0000] {taskinstance.py:1279} INFO - 
--------------------------------------------------------------------------------
[2024-04-08T11:41:50.603+0000] {taskinstance.py:1280} INFO - Starting attempt 1 of 6
[2024-04-08T11:41:50.603+0000] {taskinstance.py:1281} INFO - 
--------------------------------------------------------------------------------
[2024-04-08T11:41:50.624+0000] {taskinstance.py:1300} INFO - Executing <Task(BashOperator): task1> on 2023-01-07 00:00:00+00:00
[2024-04-08T11:41:50.630+0000] {standard_task_runner.py:55} INFO - Started process 4222 to run task
[2024-04-08T11:41:50.632+0000] {standard_task_runner.py:82} INFO - Running: ['***', 'tasks', 'run', 'dag_with_cron_expression_v01', 'task1', 'scheduled__2023-01-07T00:00:00+00:00', '--job-id', '1969', '--raw', '--subdir', 'DAGS_FOLDER/dag_with_cron_expression.py', '--cfg-path', '/tmp/tmpetwmh9ey']
[2024-04-08T11:41:50.633+0000] {standard_task_runner.py:83} INFO - Job 1969: Subtask task1
[2024-04-08T11:41:50.706+0000] {task_command.py:388} INFO - Running <TaskInstance: dag_with_cron_expression_v01.task1 scheduled__2023-01-07T00:00:00+00:00 [running]> on host 3dc1147ef06e
[2024-04-08T11:41:50.784+0000] {taskinstance.py:1509} INFO - Exporting the following env vars:
AIRFLOW_CTX_DAG_OWNER=Jiseungmmin
AIRFLOW_CTX_DAG_ID=dag_with_cron_expression_v01
AIRFLOW_CTX_TASK_ID=task1
AIRFLOW_CTX_EXECUTION_DATE=2023-01-07T00:00:00+00:00
AIRFLOW_CTX_TRY_NUMBER=1
AIRFLOW_CTX_DAG_RUN_ID=scheduled__2023-01-07T00:00:00+00:00
[2024-04-08T11:41:50.785+0000] {subprocess.py:63} INFO - Tmp dir root location: 
 /tmp
[2024-04-08T11:41:50.786+0000] {subprocess.py:75} INFO - Running command: ['/bin/bash', '-c', 'echo dag with cron exproession']
[2024-04-08T11:41:50.796+0000] {subprocess.py:86} INFO - Output:
[2024-04-08T11:41:50.797+0000] {subprocess.py:93} INFO - dag with cron exproession
[2024-04-08T11:41:50.797+0000] {subprocess.py:97} INFO - Command exited with return code 0
[2024-04-08T11:41:50.822+0000] {taskinstance.py:1323} INFO - Marking task as SUCCESS. dag_id=dag_with_cron_expression_v01, task_id=task1, execution_date=20230107T000000, start_date=20240408T114150, end_date=20240408T114150
[2024-04-08T11:41:50.844+0000] {local_task_job.py:208} INFO - Task exited with return code 0
[2024-04-08T11:41:50.860+0000] {taskinstance.py:2578} INFO - 0 downstream tasks scheduled from follow-on schedule check
