[2024-04-08T04:51:18.083+0000] {taskinstance.py:1083} INFO - Dependencies all met for <TaskInstance: our_first_dag.first_task scheduled__2023-12-05T00:00:00+00:00 [queued]>
[2024-04-08T04:51:18.094+0000] {taskinstance.py:1083} INFO - Dependencies all met for <TaskInstance: our_first_dag.first_task scheduled__2023-12-05T00:00:00+00:00 [queued]>
[2024-04-08T04:51:18.095+0000] {taskinstance.py:1279} INFO - 
--------------------------------------------------------------------------------
[2024-04-08T04:51:18.096+0000] {taskinstance.py:1280} INFO - Starting attempt 1 of 6
[2024-04-08T04:51:18.096+0000] {taskinstance.py:1281} INFO - 
--------------------------------------------------------------------------------
[2024-04-08T04:51:18.115+0000] {taskinstance.py:1300} INFO - Executing <Task(BashOperator): first_task> on 2023-12-05 00:00:00+00:00
[2024-04-08T04:51:18.120+0000] {standard_task_runner.py:55} INFO - Started process 6205 to run task
[2024-04-08T04:51:18.124+0000] {standard_task_runner.py:82} INFO - Running: ['***', 'tasks', 'run', 'our_first_dag', 'first_task', 'scheduled__2023-12-05T00:00:00+00:00', '--job-id', '863', '--raw', '--subdir', 'DAGS_FOLDER/our_firest_dag.py', '--cfg-path', '/tmp/tmp0ntlb5w1']
[2024-04-08T04:51:18.126+0000] {standard_task_runner.py:83} INFO - Job 863: Subtask first_task
[2024-04-08T04:51:18.194+0000] {task_command.py:388} INFO - Running <TaskInstance: our_first_dag.first_task scheduled__2023-12-05T00:00:00+00:00 [running]> on host 3dc1147ef06e
[2024-04-08T04:51:18.273+0000] {taskinstance.py:1509} INFO - Exporting the following env vars:
AIRFLOW_CTX_DAG_OWNER=Jiseungmin
AIRFLOW_CTX_DAG_ID=our_first_dag
AIRFLOW_CTX_TASK_ID=first_task
AIRFLOW_CTX_EXECUTION_DATE=2023-12-05T00:00:00+00:00
AIRFLOW_CTX_TRY_NUMBER=1
AIRFLOW_CTX_DAG_RUN_ID=scheduled__2023-12-05T00:00:00+00:00
[2024-04-08T04:51:18.274+0000] {subprocess.py:63} INFO - Tmp dir root location: 
 /tmp
[2024-04-08T04:51:18.275+0000] {subprocess.py:75} INFO - Running command: ['/bin/bash', '-c', 'echo Hello world, this is the first task!']
[2024-04-08T04:51:18.283+0000] {subprocess.py:86} INFO - Output:
[2024-04-08T04:51:18.284+0000] {subprocess.py:93} INFO - Hello world, this is the first task!
[2024-04-08T04:51:18.285+0000] {subprocess.py:97} INFO - Command exited with return code 0
[2024-04-08T04:51:18.310+0000] {taskinstance.py:1323} INFO - Marking task as SUCCESS. dag_id=our_first_dag, task_id=first_task, execution_date=20231205T000000, start_date=20240408T045118, end_date=20240408T045118
[2024-04-08T04:51:18.335+0000] {local_task_job.py:208} INFO - Task exited with return code 0
[2024-04-08T04:51:18.350+0000] {taskinstance.py:2578} INFO - 0 downstream tasks scheduled from follow-on schedule check
