[2024-04-08T11:43:54.696+0000] {taskinstance.py:1083} INFO - Dependencies all met for <TaskInstance: dag_with_cron_expression_v01.task1 scheduled__2023-12-13T00:00:00+00:00 [queued]>
[2024-04-08T11:43:54.706+0000] {taskinstance.py:1083} INFO - Dependencies all met for <TaskInstance: dag_with_cron_expression_v01.task1 scheduled__2023-12-13T00:00:00+00:00 [queued]>
[2024-04-08T11:43:54.707+0000] {taskinstance.py:1279} INFO - 
--------------------------------------------------------------------------------
[2024-04-08T11:43:54.707+0000] {taskinstance.py:1280} INFO - Starting attempt 1 of 6
[2024-04-08T11:43:54.708+0000] {taskinstance.py:1281} INFO - 
--------------------------------------------------------------------------------
[2024-04-08T11:43:54.729+0000] {taskinstance.py:1300} INFO - Executing <Task(BashOperator): task1> on 2023-12-13 00:00:00+00:00
[2024-04-08T11:43:54.734+0000] {standard_task_runner.py:55} INFO - Started process 5591 to run task
[2024-04-08T11:43:54.737+0000] {standard_task_runner.py:82} INFO - Running: ['***', 'tasks', 'run', 'dag_with_cron_expression_v01', 'task1', 'scheduled__2023-12-13T00:00:00+00:00', '--job-id', '2309', '--raw', '--subdir', 'DAGS_FOLDER/dag_with_cron_expression.py', '--cfg-path', '/tmp/tmppak842zn']
[2024-04-08T11:43:54.738+0000] {standard_task_runner.py:83} INFO - Job 2309: Subtask task1
[2024-04-08T11:43:54.799+0000] {task_command.py:388} INFO - Running <TaskInstance: dag_with_cron_expression_v01.task1 scheduled__2023-12-13T00:00:00+00:00 [running]> on host 3dc1147ef06e
[2024-04-08T11:43:54.885+0000] {taskinstance.py:1509} INFO - Exporting the following env vars:
AIRFLOW_CTX_DAG_OWNER=Jiseungmmin
AIRFLOW_CTX_DAG_ID=dag_with_cron_expression_v01
AIRFLOW_CTX_TASK_ID=task1
AIRFLOW_CTX_EXECUTION_DATE=2023-12-13T00:00:00+00:00
AIRFLOW_CTX_TRY_NUMBER=1
AIRFLOW_CTX_DAG_RUN_ID=scheduled__2023-12-13T00:00:00+00:00
[2024-04-08T11:43:54.886+0000] {subprocess.py:63} INFO - Tmp dir root location: 
 /tmp
[2024-04-08T11:43:54.887+0000] {subprocess.py:75} INFO - Running command: ['/bin/bash', '-c', 'echo dag with cron exproession']
[2024-04-08T11:43:54.900+0000] {subprocess.py:86} INFO - Output:
[2024-04-08T11:43:54.902+0000] {subprocess.py:93} INFO - dag with cron exproession
[2024-04-08T11:43:54.902+0000] {subprocess.py:97} INFO - Command exited with return code 0
[2024-04-08T11:43:54.942+0000] {taskinstance.py:1323} INFO - Marking task as SUCCESS. dag_id=dag_with_cron_expression_v01, task_id=task1, execution_date=20231213T000000, start_date=20240408T114354, end_date=20240408T114354
[2024-04-08T11:43:54.989+0000] {local_task_job.py:208} INFO - Task exited with return code 0
[2024-04-08T11:43:55.071+0000] {taskinstance.py:2578} INFO - 0 downstream tasks scheduled from follow-on schedule check
