[2024-04-08T04:50:45.373+0000] {taskinstance.py:1083} INFO - Dependencies all met for <TaskInstance: our_first_dag.first_task scheduled__2023-09-05T00:00:00+00:00 [queued]>
[2024-04-08T04:50:45.382+0000] {taskinstance.py:1083} INFO - Dependencies all met for <TaskInstance: our_first_dag.first_task scheduled__2023-09-05T00:00:00+00:00 [queued]>
[2024-04-08T04:50:45.383+0000] {taskinstance.py:1279} INFO - 
--------------------------------------------------------------------------------
[2024-04-08T04:50:45.384+0000] {taskinstance.py:1280} INFO - Starting attempt 1 of 6
[2024-04-08T04:50:45.384+0000] {taskinstance.py:1281} INFO - 
--------------------------------------------------------------------------------
[2024-04-08T04:50:45.419+0000] {taskinstance.py:1300} INFO - Executing <Task(BashOperator): first_task> on 2023-09-05 00:00:00+00:00
[2024-04-08T04:50:45.425+0000] {standard_task_runner.py:55} INFO - Started process 5855 to run task
[2024-04-08T04:50:45.427+0000] {standard_task_runner.py:82} INFO - Running: ['***', 'tasks', 'run', 'our_first_dag', 'first_task', 'scheduled__2023-09-05T00:00:00+00:00', '--job-id', '772', '--raw', '--subdir', 'DAGS_FOLDER/our_firest_dag.py', '--cfg-path', '/tmp/tmpbl1j067l']
[2024-04-08T04:50:45.428+0000] {standard_task_runner.py:83} INFO - Job 772: Subtask first_task
[2024-04-08T04:50:45.494+0000] {task_command.py:388} INFO - Running <TaskInstance: our_first_dag.first_task scheduled__2023-09-05T00:00:00+00:00 [running]> on host 3dc1147ef06e
[2024-04-08T04:50:45.571+0000] {taskinstance.py:1509} INFO - Exporting the following env vars:
AIRFLOW_CTX_DAG_OWNER=Jiseungmin
AIRFLOW_CTX_DAG_ID=our_first_dag
AIRFLOW_CTX_TASK_ID=first_task
AIRFLOW_CTX_EXECUTION_DATE=2023-09-05T00:00:00+00:00
AIRFLOW_CTX_TRY_NUMBER=1
AIRFLOW_CTX_DAG_RUN_ID=scheduled__2023-09-05T00:00:00+00:00
[2024-04-08T04:50:45.573+0000] {subprocess.py:63} INFO - Tmp dir root location: 
 /tmp
[2024-04-08T04:50:45.574+0000] {subprocess.py:75} INFO - Running command: ['/bin/bash', '-c', 'echo Hello world, this is the first task!']
[2024-04-08T04:50:45.583+0000] {subprocess.py:86} INFO - Output:
[2024-04-08T04:50:45.584+0000] {subprocess.py:93} INFO - Hello world, this is the first task!
[2024-04-08T04:50:45.585+0000] {subprocess.py:97} INFO - Command exited with return code 0
[2024-04-08T04:50:45.611+0000] {taskinstance.py:1323} INFO - Marking task as SUCCESS. dag_id=our_first_dag, task_id=first_task, execution_date=20230905T000000, start_date=20240408T045045, end_date=20240408T045045
[2024-04-08T04:50:45.639+0000] {local_task_job.py:208} INFO - Task exited with return code 0
[2024-04-08T04:50:45.660+0000] {taskinstance.py:2578} INFO - 0 downstream tasks scheduled from follow-on schedule check
