[2024-04-08T05:06:37.401+0000] {taskinstance.py:1083} INFO - Dependencies all met for <TaskInstance: our_first_dag_v2.second_task scheduled__2021-10-15T00:00:00+00:00 [queued]>
[2024-04-08T05:06:37.420+0000] {taskinstance.py:1083} INFO - Dependencies all met for <TaskInstance: our_first_dag_v2.second_task scheduled__2021-10-15T00:00:00+00:00 [queued]>
[2024-04-08T05:06:37.421+0000] {taskinstance.py:1279} INFO - 
--------------------------------------------------------------------------------
[2024-04-08T05:06:37.421+0000] {taskinstance.py:1280} INFO - Starting attempt 1 of 6
[2024-04-08T05:06:37.421+0000] {taskinstance.py:1281} INFO - 
--------------------------------------------------------------------------------
[2024-04-08T05:06:37.445+0000] {taskinstance.py:1300} INFO - Executing <Task(BashOperator): second_task> on 2021-10-15 00:00:00+00:00
[2024-04-08T05:06:37.451+0000] {standard_task_runner.py:55} INFO - Started process 9051 to run task
[2024-04-08T05:06:37.453+0000] {standard_task_runner.py:82} INFO - Running: ['***', 'tasks', 'run', 'our_first_dag_v2', 'second_task', 'scheduled__2021-10-15T00:00:00+00:00', '--job-id', '1150', '--raw', '--subdir', 'DAGS_FOLDER/our_firest_dag.py', '--cfg-path', '/tmp/tmpj7dsx1o9']
[2024-04-08T05:06:37.456+0000] {standard_task_runner.py:83} INFO - Job 1150: Subtask second_task
[2024-04-08T05:06:37.544+0000] {task_command.py:388} INFO - Running <TaskInstance: our_first_dag_v2.second_task scheduled__2021-10-15T00:00:00+00:00 [running]> on host 3dc1147ef06e
[2024-04-08T05:06:37.656+0000] {taskinstance.py:1509} INFO - Exporting the following env vars:
AIRFLOW_CTX_DAG_OWNER=Jiseungmin
AIRFLOW_CTX_DAG_ID=our_first_dag_v2
AIRFLOW_CTX_TASK_ID=second_task
AIRFLOW_CTX_EXECUTION_DATE=2021-10-15T00:00:00+00:00
AIRFLOW_CTX_TRY_NUMBER=1
AIRFLOW_CTX_DAG_RUN_ID=scheduled__2021-10-15T00:00:00+00:00
[2024-04-08T05:06:37.658+0000] {subprocess.py:63} INFO - Tmp dir root location: 
 /tmp
[2024-04-08T05:06:37.660+0000] {subprocess.py:75} INFO - Running command: ['/bin/bash', '-c', 'echo Hello i am task2 and this is the task2 task!']
[2024-04-08T05:06:37.670+0000] {subprocess.py:86} INFO - Output:
[2024-04-08T05:06:37.672+0000] {subprocess.py:93} INFO - Hello i am task2 and this is the task2 task!
[2024-04-08T05:06:37.673+0000] {subprocess.py:97} INFO - Command exited with return code 0
[2024-04-08T05:06:37.701+0000] {taskinstance.py:1323} INFO - Marking task as SUCCESS. dag_id=our_first_dag_v2, task_id=second_task, execution_date=20211015T000000, start_date=20240408T050637, end_date=20240408T050637
[2024-04-08T05:06:37.749+0000] {local_task_job.py:208} INFO - Task exited with return code 0
[2024-04-08T05:06:37.770+0000] {taskinstance.py:2578} INFO - 0 downstream tasks scheduled from follow-on schedule check
