[2024-04-08T11:44:46.008+0000] {taskinstance.py:1083} INFO - Dependencies all met for <TaskInstance: dag_with_cron_expression_v01.task1 scheduled__2024-04-06T00:00:00+00:00 [queued]>
[2024-04-08T11:44:46.019+0000] {taskinstance.py:1083} INFO - Dependencies all met for <TaskInstance: dag_with_cron_expression_v01.task1 scheduled__2024-04-06T00:00:00+00:00 [queued]>
[2024-04-08T11:44:46.020+0000] {taskinstance.py:1279} INFO - 
--------------------------------------------------------------------------------
[2024-04-08T11:44:46.020+0000] {taskinstance.py:1280} INFO - Starting attempt 1 of 6
[2024-04-08T11:44:46.021+0000] {taskinstance.py:1281} INFO - 
--------------------------------------------------------------------------------
[2024-04-08T11:44:46.065+0000] {taskinstance.py:1300} INFO - Executing <Task(BashOperator): task1> on 2024-04-06 00:00:00+00:00
[2024-04-08T11:44:46.070+0000] {standard_task_runner.py:55} INFO - Started process 6087 to run task
[2024-04-08T11:44:46.072+0000] {standard_task_runner.py:82} INFO - Running: ['***', 'tasks', 'run', 'dag_with_cron_expression_v01', 'task1', 'scheduled__2024-04-06T00:00:00+00:00', '--job-id', '2424', '--raw', '--subdir', 'DAGS_FOLDER/dag_with_cron_expression.py', '--cfg-path', '/tmp/tmpy42dkvtd']
[2024-04-08T11:44:46.074+0000] {standard_task_runner.py:83} INFO - Job 2424: Subtask task1
[2024-04-08T11:44:46.137+0000] {task_command.py:388} INFO - Running <TaskInstance: dag_with_cron_expression_v01.task1 scheduled__2024-04-06T00:00:00+00:00 [running]> on host 3dc1147ef06e
[2024-04-08T11:44:46.205+0000] {taskinstance.py:1509} INFO - Exporting the following env vars:
AIRFLOW_CTX_DAG_OWNER=Jiseungmmin
AIRFLOW_CTX_DAG_ID=dag_with_cron_expression_v01
AIRFLOW_CTX_TASK_ID=task1
AIRFLOW_CTX_EXECUTION_DATE=2024-04-06T00:00:00+00:00
AIRFLOW_CTX_TRY_NUMBER=1
AIRFLOW_CTX_DAG_RUN_ID=scheduled__2024-04-06T00:00:00+00:00
[2024-04-08T11:44:46.206+0000] {subprocess.py:63} INFO - Tmp dir root location: 
 /tmp
[2024-04-08T11:44:46.207+0000] {subprocess.py:75} INFO - Running command: ['/bin/bash', '-c', 'echo dag with cron exproession']
[2024-04-08T11:44:46.216+0000] {subprocess.py:86} INFO - Output:
[2024-04-08T11:44:46.217+0000] {subprocess.py:93} INFO - dag with cron exproession
[2024-04-08T11:44:46.218+0000] {subprocess.py:97} INFO - Command exited with return code 0
[2024-04-08T11:44:46.240+0000] {taskinstance.py:1323} INFO - Marking task as SUCCESS. dag_id=dag_with_cron_expression_v01, task_id=task1, execution_date=20240406T000000, start_date=20240408T114446, end_date=20240408T114446
[2024-04-08T11:44:46.286+0000] {local_task_job.py:208} INFO - Task exited with return code 0
[2024-04-08T11:44:46.302+0000] {taskinstance.py:2578} INFO - 0 downstream tasks scheduled from follow-on schedule check
