[2024-04-08T04:50:20.828+0000] {taskinstance.py:1083} INFO - Dependencies all met for <TaskInstance: our_first_dag.first_task scheduled__2023-06-29T00:00:00+00:00 [queued]>
[2024-04-08T04:50:20.839+0000] {taskinstance.py:1083} INFO - Dependencies all met for <TaskInstance: our_first_dag.first_task scheduled__2023-06-29T00:00:00+00:00 [queued]>
[2024-04-08T04:50:20.840+0000] {taskinstance.py:1279} INFO - 
--------------------------------------------------------------------------------
[2024-04-08T04:50:20.840+0000] {taskinstance.py:1280} INFO - Starting attempt 1 of 6
[2024-04-08T04:50:20.841+0000] {taskinstance.py:1281} INFO - 
--------------------------------------------------------------------------------
[2024-04-08T04:50:20.861+0000] {taskinstance.py:1300} INFO - Executing <Task(BashOperator): first_task> on 2023-06-29 00:00:00+00:00
[2024-04-08T04:50:20.866+0000] {standard_task_runner.py:55} INFO - Started process 5601 to run task
[2024-04-08T04:50:20.868+0000] {standard_task_runner.py:82} INFO - Running: ['***', 'tasks', 'run', 'our_first_dag', 'first_task', 'scheduled__2023-06-29T00:00:00+00:00', '--job-id', '704', '--raw', '--subdir', 'DAGS_FOLDER/our_firest_dag.py', '--cfg-path', '/tmp/tmpvcg4nqxu']
[2024-04-08T04:50:20.870+0000] {standard_task_runner.py:83} INFO - Job 704: Subtask first_task
[2024-04-08T04:50:20.943+0000] {task_command.py:388} INFO - Running <TaskInstance: our_first_dag.first_task scheduled__2023-06-29T00:00:00+00:00 [running]> on host 3dc1147ef06e
[2024-04-08T04:50:21.026+0000] {taskinstance.py:1509} INFO - Exporting the following env vars:
AIRFLOW_CTX_DAG_OWNER=Jiseungmin
AIRFLOW_CTX_DAG_ID=our_first_dag
AIRFLOW_CTX_TASK_ID=first_task
AIRFLOW_CTX_EXECUTION_DATE=2023-06-29T00:00:00+00:00
AIRFLOW_CTX_TRY_NUMBER=1
AIRFLOW_CTX_DAG_RUN_ID=scheduled__2023-06-29T00:00:00+00:00
[2024-04-08T04:50:21.027+0000] {subprocess.py:63} INFO - Tmp dir root location: 
 /tmp
[2024-04-08T04:50:21.028+0000] {subprocess.py:75} INFO - Running command: ['/bin/bash', '-c', 'echo Hello world, this is the first task!']
[2024-04-08T04:50:21.036+0000] {subprocess.py:86} INFO - Output:
[2024-04-08T04:50:21.038+0000] {subprocess.py:93} INFO - Hello world, this is the first task!
[2024-04-08T04:50:21.039+0000] {subprocess.py:97} INFO - Command exited with return code 0
[2024-04-08T04:50:21.064+0000] {taskinstance.py:1323} INFO - Marking task as SUCCESS. dag_id=our_first_dag, task_id=first_task, execution_date=20230629T000000, start_date=20240408T045020, end_date=20240408T045021
[2024-04-08T04:50:21.121+0000] {local_task_job.py:208} INFO - Task exited with return code 0
[2024-04-08T04:50:21.153+0000] {taskinstance.py:2578} INFO - 0 downstream tasks scheduled from follow-on schedule check
