[2024-04-08T05:07:03.582+0000] {taskinstance.py:1083} INFO - Dependencies all met for <TaskInstance: our_first_dag_v2.first_task scheduled__2021-12-22T00:00:00+00:00 [queued]>
[2024-04-08T05:07:03.597+0000] {taskinstance.py:1083} INFO - Dependencies all met for <TaskInstance: our_first_dag_v2.first_task scheduled__2021-12-22T00:00:00+00:00 [queued]>
[2024-04-08T05:07:03.598+0000] {taskinstance.py:1279} INFO - 
--------------------------------------------------------------------------------
[2024-04-08T05:07:03.598+0000] {taskinstance.py:1280} INFO - Starting attempt 1 of 6
[2024-04-08T05:07:03.599+0000] {taskinstance.py:1281} INFO - 
--------------------------------------------------------------------------------
[2024-04-08T05:07:03.621+0000] {taskinstance.py:1300} INFO - Executing <Task(BashOperator): first_task> on 2021-12-22 00:00:00+00:00
[2024-04-08T05:07:03.626+0000] {standard_task_runner.py:55} INFO - Started process 9480 to run task
[2024-04-08T05:07:03.628+0000] {standard_task_runner.py:82} INFO - Running: ['***', 'tasks', 'run', 'our_first_dag_v2', 'first_task', 'scheduled__2021-12-22T00:00:00+00:00', '--job-id', '1275', '--raw', '--subdir', 'DAGS_FOLDER/our_firest_dag.py', '--cfg-path', '/tmp/tmpqjd8_okx']
[2024-04-08T05:07:03.630+0000] {standard_task_runner.py:83} INFO - Job 1275: Subtask first_task
[2024-04-08T05:07:03.702+0000] {task_command.py:388} INFO - Running <TaskInstance: our_first_dag_v2.first_task scheduled__2021-12-22T00:00:00+00:00 [running]> on host 3dc1147ef06e
[2024-04-08T05:07:03.808+0000] {taskinstance.py:1509} INFO - Exporting the following env vars:
AIRFLOW_CTX_DAG_OWNER=Jiseungmin
AIRFLOW_CTX_DAG_ID=our_first_dag_v2
AIRFLOW_CTX_TASK_ID=first_task
AIRFLOW_CTX_EXECUTION_DATE=2021-12-22T00:00:00+00:00
AIRFLOW_CTX_TRY_NUMBER=1
AIRFLOW_CTX_DAG_RUN_ID=scheduled__2021-12-22T00:00:00+00:00
[2024-04-08T05:07:03.810+0000] {subprocess.py:63} INFO - Tmp dir root location: 
 /tmp
[2024-04-08T05:07:03.811+0000] {subprocess.py:75} INFO - Running command: ['/bin/bash', '-c', 'echo Hello world, this is the first task!']
[2024-04-08T05:07:03.822+0000] {subprocess.py:86} INFO - Output:
[2024-04-08T05:07:03.824+0000] {subprocess.py:93} INFO - Hello world, this is the first task!
[2024-04-08T05:07:03.825+0000] {subprocess.py:97} INFO - Command exited with return code 0
[2024-04-08T05:07:03.856+0000] {taskinstance.py:1323} INFO - Marking task as SUCCESS. dag_id=our_first_dag_v2, task_id=first_task, execution_date=20211222T000000, start_date=20240408T050703, end_date=20240408T050703
[2024-04-08T05:07:03.881+0000] {local_task_job.py:208} INFO - Task exited with return code 0
[2024-04-08T05:07:03.913+0000] {taskinstance.py:2578} INFO - 1 downstream tasks scheduled from follow-on schedule check
