[2024-04-08T05:07:36.340+0000] {taskinstance.py:1083} INFO - Dependencies all met for <TaskInstance: our_first_dag_v2.second_task scheduled__2022-02-27T00:00:00+00:00 [queued]>
[2024-04-08T05:07:36.356+0000] {taskinstance.py:1083} INFO - Dependencies all met for <TaskInstance: our_first_dag_v2.second_task scheduled__2022-02-27T00:00:00+00:00 [queued]>
[2024-04-08T05:07:36.356+0000] {taskinstance.py:1279} INFO - 
--------------------------------------------------------------------------------
[2024-04-08T05:07:36.357+0000] {taskinstance.py:1280} INFO - Starting attempt 1 of 6
[2024-04-08T05:07:36.357+0000] {taskinstance.py:1281} INFO - 
--------------------------------------------------------------------------------
[2024-04-08T05:07:36.381+0000] {taskinstance.py:1300} INFO - Executing <Task(BashOperator): second_task> on 2022-02-27 00:00:00+00:00
[2024-04-08T05:07:36.387+0000] {standard_task_runner.py:55} INFO - Started process 9967 to run task
[2024-04-08T05:07:36.390+0000] {standard_task_runner.py:82} INFO - Running: ['***', 'tasks', 'run', 'our_first_dag_v2', 'second_task', 'scheduled__2022-02-27T00:00:00+00:00', '--job-id', '1421', '--raw', '--subdir', 'DAGS_FOLDER/our_firest_dag.py', '--cfg-path', '/tmp/tmprbty99ic']
[2024-04-08T05:07:36.392+0000] {standard_task_runner.py:83} INFO - Job 1421: Subtask second_task
[2024-04-08T05:07:36.468+0000] {task_command.py:388} INFO - Running <TaskInstance: our_first_dag_v2.second_task scheduled__2022-02-27T00:00:00+00:00 [running]> on host 3dc1147ef06e
[2024-04-08T05:07:36.584+0000] {taskinstance.py:1509} INFO - Exporting the following env vars:
AIRFLOW_CTX_DAG_OWNER=Jiseungmin
AIRFLOW_CTX_DAG_ID=our_first_dag_v2
AIRFLOW_CTX_TASK_ID=second_task
AIRFLOW_CTX_EXECUTION_DATE=2022-02-27T00:00:00+00:00
AIRFLOW_CTX_TRY_NUMBER=1
AIRFLOW_CTX_DAG_RUN_ID=scheduled__2022-02-27T00:00:00+00:00
[2024-04-08T05:07:36.586+0000] {subprocess.py:63} INFO - Tmp dir root location: 
 /tmp
[2024-04-08T05:07:36.587+0000] {subprocess.py:75} INFO - Running command: ['/bin/bash', '-c', 'echo Hello i am task2 and this is the task2 task!']
[2024-04-08T05:07:36.597+0000] {subprocess.py:86} INFO - Output:
[2024-04-08T05:07:36.599+0000] {subprocess.py:93} INFO - Hello i am task2 and this is the task2 task!
[2024-04-08T05:07:36.600+0000] {subprocess.py:97} INFO - Command exited with return code 0
[2024-04-08T05:07:36.633+0000] {taskinstance.py:1323} INFO - Marking task as SUCCESS. dag_id=our_first_dag_v2, task_id=second_task, execution_date=20220227T000000, start_date=20240408T050736, end_date=20240408T050736
[2024-04-08T05:07:36.682+0000] {local_task_job.py:208} INFO - Task exited with return code 0
[2024-04-08T05:07:36.703+0000] {taskinstance.py:2578} INFO - 0 downstream tasks scheduled from follow-on schedule check
