[2024-04-08T04:49:28.030+0000] {taskinstance.py:1083} INFO - Dependencies all met for <TaskInstance: our_first_dag.first_task scheduled__2023-02-04T00:00:00+00:00 [queued]>
[2024-04-08T04:49:28.040+0000] {taskinstance.py:1083} INFO - Dependencies all met for <TaskInstance: our_first_dag.first_task scheduled__2023-02-04T00:00:00+00:00 [queued]>
[2024-04-08T04:49:28.041+0000] {taskinstance.py:1279} INFO - 
--------------------------------------------------------------------------------
[2024-04-08T04:49:28.042+0000] {taskinstance.py:1280} INFO - Starting attempt 1 of 6
[2024-04-08T04:49:28.042+0000] {taskinstance.py:1281} INFO - 
--------------------------------------------------------------------------------
[2024-04-08T04:49:28.059+0000] {taskinstance.py:1300} INFO - Executing <Task(BashOperator): first_task> on 2023-02-04 00:00:00+00:00
[2024-04-08T04:49:28.063+0000] {standard_task_runner.py:55} INFO - Started process 5059 to run task
[2024-04-08T04:49:28.065+0000] {standard_task_runner.py:82} INFO - Running: ['***', 'tasks', 'run', 'our_first_dag', 'first_task', 'scheduled__2023-02-04T00:00:00+00:00', '--job-id', '559', '--raw', '--subdir', 'DAGS_FOLDER/our_firest_dag.py', '--cfg-path', '/tmp/tmpqfbm7enx']
[2024-04-08T04:49:28.066+0000] {standard_task_runner.py:83} INFO - Job 559: Subtask first_task
[2024-04-08T04:49:28.128+0000] {task_command.py:388} INFO - Running <TaskInstance: our_first_dag.first_task scheduled__2023-02-04T00:00:00+00:00 [running]> on host 3dc1147ef06e
[2024-04-08T04:49:28.204+0000] {taskinstance.py:1509} INFO - Exporting the following env vars:
AIRFLOW_CTX_DAG_OWNER=Jiseungmin
AIRFLOW_CTX_DAG_ID=our_first_dag
AIRFLOW_CTX_TASK_ID=first_task
AIRFLOW_CTX_EXECUTION_DATE=2023-02-04T00:00:00+00:00
AIRFLOW_CTX_TRY_NUMBER=1
AIRFLOW_CTX_DAG_RUN_ID=scheduled__2023-02-04T00:00:00+00:00
[2024-04-08T04:49:28.205+0000] {subprocess.py:63} INFO - Tmp dir root location: 
 /tmp
[2024-04-08T04:49:28.206+0000] {subprocess.py:75} INFO - Running command: ['/bin/bash', '-c', 'echo Hello world, this is the first task!']
[2024-04-08T04:49:28.214+0000] {subprocess.py:86} INFO - Output:
[2024-04-08T04:49:28.216+0000] {subprocess.py:93} INFO - Hello world, this is the first task!
[2024-04-08T04:49:28.216+0000] {subprocess.py:97} INFO - Command exited with return code 0
[2024-04-08T04:49:28.240+0000] {taskinstance.py:1323} INFO - Marking task as SUCCESS. dag_id=our_first_dag, task_id=first_task, execution_date=20230204T000000, start_date=20240408T044928, end_date=20240408T044928
[2024-04-08T04:49:28.277+0000] {local_task_job.py:208} INFO - Task exited with return code 0
[2024-04-08T04:49:28.293+0000] {taskinstance.py:2578} INFO - 0 downstream tasks scheduled from follow-on schedule check
