[2024-04-08T04:48:08.582+0000] {taskinstance.py:1083} INFO - Dependencies all met for <TaskInstance: our_first_dag.first_task scheduled__2022-08-26T00:00:00+00:00 [queued]>
[2024-04-08T04:48:08.593+0000] {taskinstance.py:1083} INFO - Dependencies all met for <TaskInstance: our_first_dag.first_task scheduled__2022-08-26T00:00:00+00:00 [queued]>
[2024-04-08T04:48:08.594+0000] {taskinstance.py:1279} INFO - 
--------------------------------------------------------------------------------
[2024-04-08T04:48:08.594+0000] {taskinstance.py:1280} INFO - Starting attempt 1 of 6
[2024-04-08T04:48:08.595+0000] {taskinstance.py:1281} INFO - 
--------------------------------------------------------------------------------
[2024-04-08T04:48:08.613+0000] {taskinstance.py:1300} INFO - Executing <Task(BashOperator): first_task> on 2022-08-26 00:00:00+00:00
[2024-04-08T04:48:08.617+0000] {standard_task_runner.py:55} INFO - Started process 4416 to run task
[2024-04-08T04:48:08.619+0000] {standard_task_runner.py:82} INFO - Running: ['***', 'tasks', 'run', 'our_first_dag', 'first_task', 'scheduled__2022-08-26T00:00:00+00:00', '--job-id', '397', '--raw', '--subdir', 'DAGS_FOLDER/our_firest_dag.py', '--cfg-path', '/tmp/tmp99s2pl55']
[2024-04-08T04:48:08.621+0000] {standard_task_runner.py:83} INFO - Job 397: Subtask first_task
[2024-04-08T04:48:08.685+0000] {task_command.py:388} INFO - Running <TaskInstance: our_first_dag.first_task scheduled__2022-08-26T00:00:00+00:00 [running]> on host 3dc1147ef06e
[2024-04-08T04:48:08.771+0000] {taskinstance.py:1509} INFO - Exporting the following env vars:
AIRFLOW_CTX_DAG_OWNER=Jiseungmin
AIRFLOW_CTX_DAG_ID=our_first_dag
AIRFLOW_CTX_TASK_ID=first_task
AIRFLOW_CTX_EXECUTION_DATE=2022-08-26T00:00:00+00:00
AIRFLOW_CTX_TRY_NUMBER=1
AIRFLOW_CTX_DAG_RUN_ID=scheduled__2022-08-26T00:00:00+00:00
[2024-04-08T04:48:08.772+0000] {subprocess.py:63} INFO - Tmp dir root location: 
 /tmp
[2024-04-08T04:48:08.773+0000] {subprocess.py:75} INFO - Running command: ['/bin/bash', '-c', 'echo Hello world, this is the first task!']
[2024-04-08T04:48:08.782+0000] {subprocess.py:86} INFO - Output:
[2024-04-08T04:48:08.783+0000] {subprocess.py:93} INFO - Hello world, this is the first task!
[2024-04-08T04:48:08.784+0000] {subprocess.py:97} INFO - Command exited with return code 0
[2024-04-08T04:48:08.815+0000] {taskinstance.py:1323} INFO - Marking task as SUCCESS. dag_id=our_first_dag, task_id=first_task, execution_date=20220826T000000, start_date=20240408T044808, end_date=20240408T044808
[2024-04-08T04:48:08.872+0000] {local_task_job.py:208} INFO - Task exited with return code 0
[2024-04-08T04:48:08.888+0000] {taskinstance.py:2578} INFO - 0 downstream tasks scheduled from follow-on schedule check
