[2024-04-08T04:50:00.917+0000] {taskinstance.py:1083} INFO - Dependencies all met for <TaskInstance: our_first_dag.first_task scheduled__2023-05-04T00:00:00+00:00 [queued]>
[2024-04-08T04:50:00.929+0000] {taskinstance.py:1083} INFO - Dependencies all met for <TaskInstance: our_first_dag.first_task scheduled__2023-05-04T00:00:00+00:00 [queued]>
[2024-04-08T04:50:00.929+0000] {taskinstance.py:1279} INFO - 
--------------------------------------------------------------------------------
[2024-04-08T04:50:00.930+0000] {taskinstance.py:1280} INFO - Starting attempt 1 of 6
[2024-04-08T04:50:00.930+0000] {taskinstance.py:1281} INFO - 
--------------------------------------------------------------------------------
[2024-04-08T04:50:00.948+0000] {taskinstance.py:1300} INFO - Executing <Task(BashOperator): first_task> on 2023-05-04 00:00:00+00:00
[2024-04-08T04:50:00.953+0000] {standard_task_runner.py:55} INFO - Started process 5405 to run task
[2024-04-08T04:50:00.956+0000] {standard_task_runner.py:82} INFO - Running: ['***', 'tasks', 'run', 'our_first_dag', 'first_task', 'scheduled__2023-05-04T00:00:00+00:00', '--job-id', '648', '--raw', '--subdir', 'DAGS_FOLDER/our_firest_dag.py', '--cfg-path', '/tmp/tmp5r107hca']
[2024-04-08T04:50:00.958+0000] {standard_task_runner.py:83} INFO - Job 648: Subtask first_task
[2024-04-08T04:50:01.026+0000] {task_command.py:388} INFO - Running <TaskInstance: our_first_dag.first_task scheduled__2023-05-04T00:00:00+00:00 [running]> on host 3dc1147ef06e
[2024-04-08T04:50:01.120+0000] {taskinstance.py:1509} INFO - Exporting the following env vars:
AIRFLOW_CTX_DAG_OWNER=Jiseungmin
AIRFLOW_CTX_DAG_ID=our_first_dag
AIRFLOW_CTX_TASK_ID=first_task
AIRFLOW_CTX_EXECUTION_DATE=2023-05-04T00:00:00+00:00
AIRFLOW_CTX_TRY_NUMBER=1
AIRFLOW_CTX_DAG_RUN_ID=scheduled__2023-05-04T00:00:00+00:00
[2024-04-08T04:50:01.122+0000] {subprocess.py:63} INFO - Tmp dir root location: 
 /tmp
[2024-04-08T04:50:01.123+0000] {subprocess.py:75} INFO - Running command: ['/bin/bash', '-c', 'echo Hello world, this is the first task!']
[2024-04-08T04:50:01.132+0000] {subprocess.py:86} INFO - Output:
[2024-04-08T04:50:01.133+0000] {subprocess.py:93} INFO - Hello world, this is the first task!
[2024-04-08T04:50:01.134+0000] {subprocess.py:97} INFO - Command exited with return code 0
[2024-04-08T04:50:01.161+0000] {taskinstance.py:1323} INFO - Marking task as SUCCESS. dag_id=our_first_dag, task_id=first_task, execution_date=20230504T000000, start_date=20240408T045000, end_date=20240408T045001
[2024-04-08T04:50:01.209+0000] {local_task_job.py:208} INFO - Task exited with return code 0
[2024-04-08T04:50:01.225+0000] {taskinstance.py:2578} INFO - 0 downstream tasks scheduled from follow-on schedule check
