[2024-04-08T04:48:05.689+0000] {taskinstance.py:1083} INFO - Dependencies all met for <TaskInstance: our_first_dag.first_task scheduled__2022-08-21T00:00:00+00:00 [queued]>
[2024-04-08T04:48:05.700+0000] {taskinstance.py:1083} INFO - Dependencies all met for <TaskInstance: our_first_dag.first_task scheduled__2022-08-21T00:00:00+00:00 [queued]>
[2024-04-08T04:48:05.700+0000] {taskinstance.py:1279} INFO - 
--------------------------------------------------------------------------------
[2024-04-08T04:48:05.701+0000] {taskinstance.py:1280} INFO - Starting attempt 1 of 6
[2024-04-08T04:48:05.701+0000] {taskinstance.py:1281} INFO - 
--------------------------------------------------------------------------------
[2024-04-08T04:48:05.718+0000] {taskinstance.py:1300} INFO - Executing <Task(BashOperator): first_task> on 2022-08-21 00:00:00+00:00
[2024-04-08T04:48:05.723+0000] {standard_task_runner.py:55} INFO - Started process 4376 to run task
[2024-04-08T04:48:05.726+0000] {standard_task_runner.py:82} INFO - Running: ['***', 'tasks', 'run', 'our_first_dag', 'first_task', 'scheduled__2022-08-21T00:00:00+00:00', '--job-id', '392', '--raw', '--subdir', 'DAGS_FOLDER/our_firest_dag.py', '--cfg-path', '/tmp/tmphjd5ugl6']
[2024-04-08T04:48:05.728+0000] {standard_task_runner.py:83} INFO - Job 392: Subtask first_task
[2024-04-08T04:48:05.798+0000] {task_command.py:388} INFO - Running <TaskInstance: our_first_dag.first_task scheduled__2022-08-21T00:00:00+00:00 [running]> on host 3dc1147ef06e
[2024-04-08T04:48:05.880+0000] {taskinstance.py:1509} INFO - Exporting the following env vars:
AIRFLOW_CTX_DAG_OWNER=Jiseungmin
AIRFLOW_CTX_DAG_ID=our_first_dag
AIRFLOW_CTX_TASK_ID=first_task
AIRFLOW_CTX_EXECUTION_DATE=2022-08-21T00:00:00+00:00
AIRFLOW_CTX_TRY_NUMBER=1
AIRFLOW_CTX_DAG_RUN_ID=scheduled__2022-08-21T00:00:00+00:00
[2024-04-08T04:48:05.881+0000] {subprocess.py:63} INFO - Tmp dir root location: 
 /tmp
[2024-04-08T04:48:05.882+0000] {subprocess.py:75} INFO - Running command: ['/bin/bash', '-c', 'echo Hello world, this is the first task!']
[2024-04-08T04:48:05.891+0000] {subprocess.py:86} INFO - Output:
[2024-04-08T04:48:05.893+0000] {subprocess.py:93} INFO - Hello world, this is the first task!
[2024-04-08T04:48:05.893+0000] {subprocess.py:97} INFO - Command exited with return code 0
[2024-04-08T04:48:05.919+0000] {taskinstance.py:1323} INFO - Marking task as SUCCESS. dag_id=our_first_dag, task_id=first_task, execution_date=20220821T000000, start_date=20240408T044805, end_date=20240408T044805
[2024-04-08T04:48:05.979+0000] {local_task_job.py:208} INFO - Task exited with return code 0
[2024-04-08T04:48:05.995+0000] {taskinstance.py:2578} INFO - 0 downstream tasks scheduled from follow-on schedule check
