[2024-04-08T08:58:59.227+0000] {taskinstance.py:1083} INFO - Dependencies all met for <TaskInstance: dag_with_taskflow_api_v01.greet manual__2024-04-08T08:58:56.879730+00:00 [queued]>
[2024-04-08T08:58:59.235+0000] {taskinstance.py:1083} INFO - Dependencies all met for <TaskInstance: dag_with_taskflow_api_v01.greet manual__2024-04-08T08:58:56.879730+00:00 [queued]>
[2024-04-08T08:58:59.236+0000] {taskinstance.py:1279} INFO - 
--------------------------------------------------------------------------------
[2024-04-08T08:58:59.236+0000] {taskinstance.py:1280} INFO - Starting attempt 1 of 6
[2024-04-08T08:58:59.236+0000] {taskinstance.py:1281} INFO - 
--------------------------------------------------------------------------------
[2024-04-08T08:58:59.251+0000] {taskinstance.py:1300} INFO - Executing <Task(_PythonDecoratedOperator): greet> on 2024-04-08 08:58:56.879730+00:00
[2024-04-08T08:58:59.256+0000] {standard_task_runner.py:55} INFO - Started process 10131 to run task
[2024-04-08T08:58:59.258+0000] {standard_task_runner.py:82} INFO - Running: ['***', 'tasks', 'run', 'dag_with_taskflow_api_v01', 'greet', 'manual__2024-04-08T08:58:56.879730+00:00', '--job-id', '1528', '--raw', '--subdir', 'DAGS_FOLDER/dag_with_taskflow_api.py', '--cfg-path', '/tmp/tmpj02uilz0']
[2024-04-08T08:58:59.259+0000] {standard_task_runner.py:83} INFO - Job 1528: Subtask greet
[2024-04-08T08:58:59.314+0000] {task_command.py:388} INFO - Running <TaskInstance: dag_with_taskflow_api_v01.greet manual__2024-04-08T08:58:56.879730+00:00 [running]> on host 3dc1147ef06e
[2024-04-08T08:58:59.398+0000] {taskinstance.py:1509} INFO - Exporting the following env vars:
AIRFLOW_CTX_DAG_OWNER=Jiseungmin
AIRFLOW_CTX_DAG_ID=dag_with_taskflow_api_v01
AIRFLOW_CTX_TASK_ID=greet
AIRFLOW_CTX_EXECUTION_DATE=2024-04-08T08:58:56.879730+00:00
AIRFLOW_CTX_TRY_NUMBER=1
AIRFLOW_CTX_DAG_RUN_ID=manual__2024-04-08T08:58:56.879730+00:00
[2024-04-08T08:58:59.399+0000] {logging_mixin.py:137} INFO - Hello Worl! My name is Jerryand I am 19 years old!
[2024-04-08T08:58:59.399+0000] {python.py:177} INFO - Done. Returned value was: None
[2024-04-08T08:58:59.408+0000] {taskinstance.py:1323} INFO - Marking task as SUCCESS. dag_id=dag_with_taskflow_api_v01, task_id=greet, execution_date=20240408T085856, start_date=20240408T085859, end_date=20240408T085859
[2024-04-08T08:58:59.429+0000] {local_task_job.py:208} INFO - Task exited with return code 0
[2024-04-08T08:58:59.445+0000] {taskinstance.py:2578} INFO - 0 downstream tasks scheduled from follow-on schedule check
