[2024-04-08T11:41:18.777+0000] {taskinstance.py:1083} INFO - Dependencies all met for <TaskInstance: dag_with_cron_expression_v01.task1 scheduled__2022-11-12T00:00:00+00:00 [queued]>
[2024-04-08T11:41:18.787+0000] {taskinstance.py:1083} INFO - Dependencies all met for <TaskInstance: dag_with_cron_expression_v01.task1 scheduled__2022-11-12T00:00:00+00:00 [queued]>
[2024-04-08T11:41:18.787+0000] {taskinstance.py:1279} INFO - 
--------------------------------------------------------------------------------
[2024-04-08T11:41:18.788+0000] {taskinstance.py:1280} INFO - Starting attempt 1 of 6
[2024-04-08T11:41:18.788+0000] {taskinstance.py:1281} INFO - 
--------------------------------------------------------------------------------
[2024-04-08T11:41:18.804+0000] {taskinstance.py:1300} INFO - Executing <Task(BashOperator): task1> on 2022-11-12 00:00:00+00:00
[2024-04-08T11:41:18.809+0000] {standard_task_runner.py:55} INFO - Started process 3980 to run task
[2024-04-08T11:41:18.811+0000] {standard_task_runner.py:82} INFO - Running: ['***', 'tasks', 'run', 'dag_with_cron_expression_v01', 'task1', 'scheduled__2022-11-12T00:00:00+00:00', '--job-id', '1913', '--raw', '--subdir', 'DAGS_FOLDER/dag_with_cron_expression.py', '--cfg-path', '/tmp/tmpy5va95_j']
[2024-04-08T11:41:18.812+0000] {standard_task_runner.py:83} INFO - Job 1913: Subtask task1
[2024-04-08T11:41:18.872+0000] {task_command.py:388} INFO - Running <TaskInstance: dag_with_cron_expression_v01.task1 scheduled__2022-11-12T00:00:00+00:00 [running]> on host 3dc1147ef06e
[2024-04-08T11:41:18.937+0000] {taskinstance.py:1509} INFO - Exporting the following env vars:
AIRFLOW_CTX_DAG_OWNER=Jiseungmmin
AIRFLOW_CTX_DAG_ID=dag_with_cron_expression_v01
AIRFLOW_CTX_TASK_ID=task1
AIRFLOW_CTX_EXECUTION_DATE=2022-11-12T00:00:00+00:00
AIRFLOW_CTX_TRY_NUMBER=1
AIRFLOW_CTX_DAG_RUN_ID=scheduled__2022-11-12T00:00:00+00:00
[2024-04-08T11:41:18.938+0000] {subprocess.py:63} INFO - Tmp dir root location: 
 /tmp
[2024-04-08T11:41:18.939+0000] {subprocess.py:75} INFO - Running command: ['/bin/bash', '-c', 'echo dag with cron exproession']
[2024-04-08T11:41:18.947+0000] {subprocess.py:86} INFO - Output:
[2024-04-08T11:41:18.948+0000] {subprocess.py:93} INFO - dag with cron exproession
[2024-04-08T11:41:18.949+0000] {subprocess.py:97} INFO - Command exited with return code 0
[2024-04-08T11:41:18.970+0000] {taskinstance.py:1323} INFO - Marking task as SUCCESS. dag_id=dag_with_cron_expression_v01, task_id=task1, execution_date=20221112T000000, start_date=20240408T114118, end_date=20240408T114118
[2024-04-08T11:41:19.023+0000] {local_task_job.py:208} INFO - Task exited with return code 0
[2024-04-08T11:41:19.038+0000] {taskinstance.py:2578} INFO - 0 downstream tasks scheduled from follow-on schedule check
