[2024-04-08T04:48:27.145+0000] {taskinstance.py:1083} INFO - Dependencies all met for <TaskInstance: our_first_dag.first_task scheduled__2022-10-20T00:00:00+00:00 [queued]>
[2024-04-08T04:48:27.156+0000] {taskinstance.py:1083} INFO - Dependencies all met for <TaskInstance: our_first_dag.first_task scheduled__2022-10-20T00:00:00+00:00 [queued]>
[2024-04-08T04:48:27.157+0000] {taskinstance.py:1279} INFO - 
--------------------------------------------------------------------------------
[2024-04-08T04:48:27.158+0000] {taskinstance.py:1280} INFO - Starting attempt 1 of 6
[2024-04-08T04:48:27.158+0000] {taskinstance.py:1281} INFO - 
--------------------------------------------------------------------------------
[2024-04-08T04:48:27.208+0000] {taskinstance.py:1300} INFO - Executing <Task(BashOperator): first_task> on 2022-10-20 00:00:00+00:00
[2024-04-08T04:48:27.212+0000] {standard_task_runner.py:55} INFO - Started process 4609 to run task
[2024-04-08T04:48:27.214+0000] {standard_task_runner.py:82} INFO - Running: ['***', 'tasks', 'run', 'our_first_dag', 'first_task', 'scheduled__2022-10-20T00:00:00+00:00', '--job-id', '452', '--raw', '--subdir', 'DAGS_FOLDER/our_firest_dag.py', '--cfg-path', '/tmp/tmpwmn2k8ba']
[2024-04-08T04:48:27.216+0000] {standard_task_runner.py:83} INFO - Job 452: Subtask first_task
[2024-04-08T04:48:27.281+0000] {task_command.py:388} INFO - Running <TaskInstance: our_first_dag.first_task scheduled__2022-10-20T00:00:00+00:00 [running]> on host 3dc1147ef06e
[2024-04-08T04:48:27.354+0000] {taskinstance.py:1509} INFO - Exporting the following env vars:
AIRFLOW_CTX_DAG_OWNER=Jiseungmin
AIRFLOW_CTX_DAG_ID=our_first_dag
AIRFLOW_CTX_TASK_ID=first_task
AIRFLOW_CTX_EXECUTION_DATE=2022-10-20T00:00:00+00:00
AIRFLOW_CTX_TRY_NUMBER=1
AIRFLOW_CTX_DAG_RUN_ID=scheduled__2022-10-20T00:00:00+00:00
[2024-04-08T04:48:27.355+0000] {subprocess.py:63} INFO - Tmp dir root location: 
 /tmp
[2024-04-08T04:48:27.356+0000] {subprocess.py:75} INFO - Running command: ['/bin/bash', '-c', 'echo Hello world, this is the first task!']
[2024-04-08T04:48:27.365+0000] {subprocess.py:86} INFO - Output:
[2024-04-08T04:48:27.366+0000] {subprocess.py:93} INFO - Hello world, this is the first task!
[2024-04-08T04:48:27.366+0000] {subprocess.py:97} INFO - Command exited with return code 0
[2024-04-08T04:48:27.391+0000] {taskinstance.py:1323} INFO - Marking task as SUCCESS. dag_id=our_first_dag, task_id=first_task, execution_date=20221020T000000, start_date=20240408T044827, end_date=20240408T044827
[2024-04-08T04:48:27.427+0000] {local_task_job.py:208} INFO - Task exited with return code 0
[2024-04-08T04:48:27.444+0000] {taskinstance.py:2578} INFO - 0 downstream tasks scheduled from follow-on schedule check
