[2024-04-08T05:06:54.157+0000] {taskinstance.py:1083} INFO - Dependencies all met for <TaskInstance: our_first_dag_v2.first_task scheduled__2021-11-26T00:00:00+00:00 [queued]>
[2024-04-08T05:06:54.166+0000] {taskinstance.py:1083} INFO - Dependencies all met for <TaskInstance: our_first_dag_v2.first_task scheduled__2021-11-26T00:00:00+00:00 [queued]>
[2024-04-08T05:06:54.167+0000] {taskinstance.py:1279} INFO - 
--------------------------------------------------------------------------------
[2024-04-08T05:06:54.167+0000] {taskinstance.py:1280} INFO - Starting attempt 1 of 6
[2024-04-08T05:06:54.167+0000] {taskinstance.py:1281} INFO - 
--------------------------------------------------------------------------------
[2024-04-08T05:06:54.226+0000] {taskinstance.py:1300} INFO - Executing <Task(BashOperator): first_task> on 2021-11-26 00:00:00+00:00
[2024-04-08T05:06:54.231+0000] {standard_task_runner.py:55} INFO - Started process 9296 to run task
[2024-04-08T05:06:54.234+0000] {standard_task_runner.py:82} INFO - Running: ['***', 'tasks', 'run', 'our_first_dag_v2', 'first_task', 'scheduled__2021-11-26T00:00:00+00:00', '--job-id', '1223', '--raw', '--subdir', 'DAGS_FOLDER/our_firest_dag.py', '--cfg-path', '/tmp/tmpiknn_nmn']
[2024-04-08T05:06:54.235+0000] {standard_task_runner.py:83} INFO - Job 1223: Subtask first_task
[2024-04-08T05:06:54.306+0000] {task_command.py:388} INFO - Running <TaskInstance: our_first_dag_v2.first_task scheduled__2021-11-26T00:00:00+00:00 [running]> on host 3dc1147ef06e
[2024-04-08T05:06:54.388+0000] {taskinstance.py:1509} INFO - Exporting the following env vars:
AIRFLOW_CTX_DAG_OWNER=Jiseungmin
AIRFLOW_CTX_DAG_ID=our_first_dag_v2
AIRFLOW_CTX_TASK_ID=first_task
AIRFLOW_CTX_EXECUTION_DATE=2021-11-26T00:00:00+00:00
AIRFLOW_CTX_TRY_NUMBER=1
AIRFLOW_CTX_DAG_RUN_ID=scheduled__2021-11-26T00:00:00+00:00
[2024-04-08T05:06:54.389+0000] {subprocess.py:63} INFO - Tmp dir root location: 
 /tmp
[2024-04-08T05:06:54.391+0000] {subprocess.py:75} INFO - Running command: ['/bin/bash', '-c', 'echo Hello world, this is the first task!']
[2024-04-08T05:06:54.403+0000] {subprocess.py:86} INFO - Output:
[2024-04-08T05:06:54.404+0000] {subprocess.py:93} INFO - Hello world, this is the first task!
[2024-04-08T05:06:54.405+0000] {subprocess.py:97} INFO - Command exited with return code 0
[2024-04-08T05:06:54.435+0000] {taskinstance.py:1323} INFO - Marking task as SUCCESS. dag_id=our_first_dag_v2, task_id=first_task, execution_date=20211126T000000, start_date=20240408T050654, end_date=20240408T050654
[2024-04-08T05:06:54.486+0000] {local_task_job.py:208} INFO - Task exited with return code 0
[2024-04-08T05:06:54.510+0000] {taskinstance.py:2578} INFO - 1 downstream tasks scheduled from follow-on schedule check
